【登录信息】
*3a5ce68e3040b831f27a2482965a0981*
`登陆天数: 39天 / 676天
等级: 130
石头: 4067
呼符: 208
体力: 27.066666666666663 / 138
友情点: 0 / 363640`
_2024-07-01 04:16:09_
--------
*0b326b80ee90ddc5c0586133d7576851*
`登陆天数: 39天 / 676天
等级: 130
石头: 4104
呼符: 317
体力: 27.040000000000006 / 138
友情点: 0 / 356580`
_2024-07-01 04:16:17_
--------
*74697c3823f19d7fab61246545eb0ede*
`登陆天数: 39天 / 676天
等级: 130
石头: 4103
呼符: 242
体力: 27.010000000000005 / 138
友情点: 0 / 358190`
_2024-07-01 04:16:25_
--------
*e4fb0c2b4c8352a2ae1be7f8ccdf6d36*
`登陆天数: 39天 / 677天
等级: 130
石头: 4104
呼符: 156
体力: 26.980000000000004 / 138
友情点: 0 / 380630`
_2024-07-01 04:16:33_
--------
*6ab709d32466f51ec4fa1341b9165ccc*
`登陆天数: 39天 / 677天
等级: 130
石头: 4106
呼符: 181
体力: 26.950000000000003 / 138
友情点: 0 / 363970`
_2024-07-01 04:16:41_
--------
*0a48075c965ad40cbadccf165e92da4f*
`登陆天数: 39天 / 677天
等级: 130
石头: 4096
呼符: 142
体力: 26.92 / 138
友情点: 0 / 377635`
_2024-07-01 04:16:50_
--------
*be925f73d81d0d6d33e9718900ceb739*
`登陆天数: 39天 / 676天
等级: 130
石头: 4101
呼符: 304
体力: 26.89666666666666 / 138
友情点: 0 / 355355`
_2024-07-01 04:16:58_
--------
*38d7d228036e9dc76c0c1db83328d53b*
`登陆天数: 39天 / 676天
等级: 130
石头: 4089
呼符: 103
体力: 26.86666666666666 / 138
友情点: 0 / 358355`
_2024-07-01 04:17:07_
--------
*c5af6c5b4703f2189c4e0e2f87483127*
`登陆天数: 39天 / 676天
等级: 130
石头: 4112
呼符: 291
体力: 26.840000000000003 / 138
友情点: 0 / 353370`
_2024-07-01 04:17:15_
--------
*eb2e91264e84159f941f5f937e03c737*
`登陆天数: 39天 / 677天
等级: 130
石头: 4096
呼符: 312
体力: 26.810000000000002 / 138
友情点: 0 / 355245`
_2024-07-01 04:17:23_
--------
*38631be9ab728195d00806c3137f9b21*
`登陆天数: 39天 / 677天
等级: 130
石头: 4101
呼符: 123
体力: 26.78 / 138
友情点: 0 / 370990`
_2024-07-01 04:17:31_
--------
*fe865e3fd213fe4b3a9ba045c6662468*
`登陆天数: 39天 / 677天
等级: 130
石头: 4106
呼符: 324
体力: 26.75 / 138
友情点: 0 / 360690`
_2024-07-01 04:17:40_
--------
*c4c934f9e7ef5715f8c62c6e6c9123b3*
`登陆天数: 39天 / 677天
等级: 130
石头: 4110
呼符: 287
体力: 26.726666666666674 / 138
友情点: 0 / 359155`
_2024-07-01 04:17:48_
--------
*ce8f9a13fa8e76708d380b36003f9cd5*
`登陆天数: 39天 / 676天
等级: 130
石头: 4092
呼符: 43
体力: 26.696666666666673 / 138
友情点: 0 / 403650`
_2024-07-01 04:17:56_
--------
*e5c48960da70eba0f4f8d0d510bf78e0*
`登陆天数: 39天 / 677天
等级: 130
石头: 4094
呼符: 339
体力: 26.673333333333332 / 138
友情点: 0 / 354095`
_2024-07-01 04:18:04_
--------
*4405af549ce443ef2f7976696d661866*
`登陆天数: 39天 / 677天
等级: 130
石头: 4099
呼符: 320
体力: 26.64333333333333 / 138
友情点: 0 / 355420`
_2024-07-01 04:18:12_
--------
*e2921bcf04080e3dd1aacb3c12380f67*
`登陆天数: 39天 / 676天
等级: 130
石头: 4100
呼符: 198
体力: 26.61333333333333 / 138
友情点: 0 / 372175`
_2024-07-01 04:18:21_
--------
*b0886b7f1d6e841b7a5e91cc243e5f8c*
`登陆天数: 39天 / 676天
等级: 130
石头: 4137
呼符: 286
体力: 26.586666666666673 / 138
友情点: 0 / 354800`
_2024-07-01 04:18:29_
--------
*66a0e7157fe05c26b21583029d728d32*
`登陆天数: 39天 / 677天
等级: 130
石头: 4096
呼符: 44
体力: 26.556666666666672 / 138
友情点: 0 / 400270`
_2024-07-01 04:18:37_
--------
*5f40697aa041c6b426bfcfeca1ca12c1*
`登陆天数: 39天 / 677天
等级: 130
石头: 4101
呼符: 272
体力: 26.53333333333333 / 138
友情点: 0 / 354115`
_2024-07-01 04:18:45_
--------
*9c1892e397d191d6fcc7dc5dc5be71f0*
`登陆天数: 39天 / 676天
等级: 130
石头: 4106
呼符: 54
体力: 26.5 / 138
友情点: 0 / 396285`
_2024-07-01 04:18:53_
--------
*01d2b872fec2a66c79d57c37292eabc5*
`登陆天数: 39天 / 676天
等级: 130
石头: 4097
呼符: 266
体力: 26.47333333333333 / 138
友情点: 0 / 354580`
_2024-07-01 04:19:01_
--------
*37d0bc24afdfa1c17d94783735b0484e*
`登陆天数: 39天 / 677天
等级: 130
石头: 4102
呼符: 91
体力: 26.446666666666673 / 138
友情点: 0 / 383950`
_2024-07-01 04:19:09_
--------
*5d190817063a3e0f13b56309b7dc6cfa*
`登陆天数: 39天 / 676天
等级: 130
石头: 4095
呼符: 43
体力: 26.42 / 138
友情点: 0 / 396755`
_2024-07-01 04:19:18_
--------
*0801d21be993356fcda0fb223ae3ca29*
`登陆天数: 39天 / 677天
等级: 130
石头: 4100
呼符: 302
体力: 26.39333333333333 / 138
友情点: 0 / 355365`
_2024-07-01 04:19:26_
--------
*bdb7cac1e658d382ed7bfa28c9582d2c*
`登陆天数: 39天 / 677天
等级: 130
石头: 4102
呼符: 340
体力: 26.36333333333333 / 138
友情点: 0 / 354260`
_2024-07-01 04:19:34_
--------
*2475c49cf312801248bc8b2f02851347*
`登陆天数: 39天 / 677天
等级: 130
石头: 4100
呼符: 44
体力: 26.33333333333333 / 138
友情点: 0 / 392410`
_2024-07-01 04:19:42_
--------
*da3c25d877439cd5268ebb87300de979*
`登陆天数: 39天 / 677天
等级: 130
石头: 4108
呼符: 305
体力: 26.306666666666672 / 138
友情点: 0 / 354005`
_2024-07-01 04:19:51_
--------
*028860528d87d1439bb910bbf58d0bb7*
`登陆天数: 39天 / 677天
等级: 130
石头: 4106
呼符: 237
体力: 26.28 / 138
友情点: 0 / 371185`
_2024-07-01 04:19:59_
--------
*8be2f971c62e79b5fdf7440165c58b71*
`登陆天数: 39天 / 676天
等级: 130
石头: 4107
呼符: 185
体力: 26.25333333333333 / 138
友情点: 0 / 378095`
_2024-07-01 04:20:07_
--------
*367ea55797900054de95a953ff644e8a*
`登陆天数: 39天 / 677天
等级: 130
石头: 4101
呼符: 288
体力: 26.226666666666674 / 138
友情点: 0 / 356280`
_2024-07-01 04:20:15_
--------
*b842cec75470f055070b0695c4c63276*
`登陆天数: 39天 / 677天
等级: 130
石头: 4112
呼符: 310
体力: 26.196666666666673 / 138
友情点: 0 / 361080`
_2024-07-01 04:20:24_
--------
*ddfd3d053ad9760065ab28dce632ddf2*
`登陆天数: 39天 / 676天
等级: 130
石头: 4106
呼符: 320
体力: 26.16666666666667 / 138
友情点: 0 / 357140`
_2024-07-01 04:20:32_
--------
*cfc6f5db8c35c873efe5e926f6ed3823*
`登陆天数: 39天 / 677天
等级: 130
石头: 4099
呼符: 262
体力: 26.14 / 138
友情点: 0 / 355300`
_2024-07-01 04:20:41_
--------
*a454e5e2228e97d806693c7e3200592c*
`登陆天数: 39天 / 677天
等级: 130
石头: 4100
呼符: 305
体力: 26.11333333333333 / 138
友情点: 0 / 354505`
_2024-07-01 04:20:49_
--------
*33b7e8b7c55720467861a5516eab0566*
`登陆天数: 39天 / 676天
等级: 130
石头: 4103
呼符: 293
体力: 26.08333333333333 / 138
友情点: 0 / 354370`
_2024-07-01 04:20:57_
--------
*8d09061b925596bea85dad72de74d648*
`登陆天数: 39天 / 676天
等级: 130
石头: 4060
呼符: 321
体力: 26.043333333333337 / 138
友情点: 0 / 354515`
_2024-07-01 04:21:06_
--------
*655e425127745c34b48399779b7fc007*
`登陆天数: 39天 / 677天
等级: 130
石头: 4106
呼符: 271
体力: 26.013333333333335 / 138
友情点: 0 / 358850`
_2024-07-01 04:21:14_
--------
*6e8a0efb98104c41161f02865a05c823*
`登陆天数: 39天 / 676天
等级: 130
石头: 4100
呼符: 324
体力: 25.989999999999995 / 138
友情点: 0 / 354530`
_2024-07-01 04:21:22_
--------
*5cb9d8fd12616e6a944a9b70836a69e5*
`登陆天数: 39天 / 677天
等级: 130
石头: 4104
呼符: 263
体力: 25.956666666666663 / 138
友情点: 0 / 360595`
_2024-07-01 04:21:30_
--------
*8ce4ee5736fda5332fa2d3cafa76ee81*
`登陆天数: 39天 / 676天
等级: 130
石头: 4100
呼符: 340
体力: 25.930000000000007 / 138
友情点: 0 / 353780`
_2024-07-01 04:21:39_
--------
*dc13980c543b0835901781fd9002261d*
`登陆天数: 39天 / 676天
等级: 130
石头: 4115
呼符: 96
体力: 25.903333333333336 / 138
友情点: 0 / 390610`
_2024-07-01 04:21:47_
--------
*658018fc36eafa4d1869327387ba2b05*
`登陆天数: 39天 / 676天
等级: 130
石头: 4098
呼符: 212
体力: 25.873333333333335 / 138
友情点: 0 / 353895`
_2024-07-01 04:21:55_
--------
*64c4c896d18fe832631d4b472b70fb59*
`登陆天数: 39天 / 677天
等级: 130
石头: 4091
呼符: 139
体力: 25.846666666666664 / 138
友情点: 0 / 380710`
_2024-07-01 04:22:03_
--------
*6586b4cd72ce8d9b67d0bff92e42eb89*
`登陆天数: 39天 / 677天
等级: 130
石头: 4102
呼符: 310
体力: 25.816666666666663 / 138
友情点: 0 / 357005`
_2024-07-01 04:22:11_
--------
*5daa4d76ed9e474769a50adafd05592a*
`登陆天数: 39天 / 676天
等级: 130
石头: 4111
呼符: 310
体力: 25.78666666666666 / 138
友情点: 0 / 354900`
_2024-07-01 04:22:20_
--------
*48bd55dd186a623bf2ee43b460744580*
`登陆天数: 39天 / 677天
等级: 130
石头: 4107
呼符: 178
体力: 25.75666666666666 / 138
友情点: 0 / 375415`
_2024-07-01 04:22:28_
--------
*f6fe73e7d59e80ee979f0b4bb538af75*
`登陆天数: 39天 / 677天
等级: 130
石头: 4095
呼符: 282
体力: 25.733333333333334 / 138
友情点: 0 / 357775`
_2024-07-01 04:22:36_
--------
*275480bee21d7e3e235370919f352a8d*
`登陆天数: 39天 / 676天
等级: 130
石头: 4102
呼符: 173
体力: 25.703333333333333 / 138
友情点: 0 / 382440`
_2024-07-01 04:22:44_
--------
*5977d6e04a944ed5b81b79b2845ba2b0*
`登陆天数: 39天 / 677天
等级: 130
石头: 4097
呼符: 286
体力: 28.36 / 138
友情点: 0 / 362880`
_2024-07-01 04:22:52_
--------
