【登录信息】
*3a5ce68e3040b831f27a2482965a0981*
`登陆天数: 14天 / 651天
等级: 130
石头: 3976
呼符: 189
体力: 15892.363333333333 / 138
友情点: 0 / 467640`
*連続ログイン7日間到達おめでとうございます！
明日は1日目からリスタートされます。*
`獣の足跡 X 1
呼符 X 1
6月交換券(2024) X 1
`*カルデア・サマーアドベンチャー！ アンケート復刻版 開幕記念 ログインボーナス*
*開催期間中、1日1回 最大21回 ログインボーナスをプレゼント！*
`白銀の果実 X 1
`_2024-06-06 04:30:31_
--------
*0b326b80ee90ddc5c0586133d7576851*
`登陆天数: 14天 / 651天
等级: 130
石头: 4013
呼符: 298
体力: 15892.386666666667 / 138
友情点: 0 / 470580`
*連続ログイン7日間到達おめでとうございます！
明日は1日目からリスタートされます。*
`獣の足跡 X 1
呼符 X 1
6月交換券(2024) X 1
`*カルデア・サマーアドベンチャー！ アンケート復刻版 開幕記念 ログインボーナス*
*開催期間中、1日1回 最大21回 ログインボーナスをプレゼント！*
`白銀の果実 X 1
`_2024-06-06 04:30:39_
--------
*74697c3823f19d7fab61246545eb0ede*
`登陆天数: 14天 / 651天
等级: 130
石头: 4012
呼符: 223
体力: 15892.413333333334 / 138
友情点: 0 / 468190`
*連続ログイン7日間到達おめでとうございます！
明日は1日目からリスタートされます。*
`獣の足跡 X 1
呼符 X 1
6月交換券(2024) X 1
`*カルデア・サマーアドベンチャー！ アンケート復刻版 開幕記念 ログインボーナス*
*開催期間中、1日1回 最大21回 ログインボーナスをプレゼント！*
`白銀の果実 X 1
`_2024-06-06 04:30:46_
--------
*e4fb0c2b4c8352a2ae1be7f8ccdf6d36*
`登陆天数: 14天 / 652天
等级: 130
石头: 4015
呼符: 137
体力: 15892.44 / 138
友情点: 0 / 466630`
*連続ログイン7日間到達おめでとうございます！
明日は1日目からリスタートされます。*
`獣の足跡 X 1
呼符 X 1
6月交換券(2024) X 1
`*カルデア・サマーアドベンチャー！ アンケート復刻版 開幕記念 ログインボーナス*
*開催期間中、1日1回 最大21回 ログインボーナスをプレゼント！*
`白銀の果実 X 1
`_2024-06-06 04:30:54_
--------
*6ab709d32466f51ec4fa1341b9165ccc*
`登陆天数: 14天 / 652天
等级: 130
石头: 4017
呼符: 162
体力: 15892.463333333333 / 138
友情点: 0 / 467970`
*連続ログイン7日間到達おめでとうございます！
明日は1日目からリスタートされます。*
`獣の足跡 X 1
呼符 X 1
6月交換券(2024) X 1
`*カルデア・サマーアドベンチャー！ アンケート復刻版 開幕記念 ログインボーナス*
*開催期間中、1日1回 最大21回 ログインボーナスをプレゼント！*
`白銀の果実 X 1
`_2024-06-06 04:31:02_
--------
*0a48075c965ad40cbadccf165e92da4f*
`登陆天数: 14天 / 652天
等级: 130
石头: 4007
呼符: 123
体力: 15892.49 / 138
友情点: 0 / 467635`
*連続ログイン7日間到達おめでとうございます！
明日は1日目からリスタートされます。*
`獣の足跡 X 1
呼符 X 1
6月交換券(2024) X 1
`*カルデア・サマーアドベンチャー！ アンケート復刻版 開幕記念 ログインボーナス*
*開催期間中、1日1回 最大21回 ログインボーナスをプレゼント！*
`白銀の果実 X 1
`_2024-06-06 04:31:10_
--------
*be925f73d81d0d6d33e9718900ceb739*
`登陆天数: 14天 / 651天
等级: 130
石头: 4010
呼符: 285
体力: 15892.516666666666 / 138
友情点: 0 / 469355`
*連続ログイン7日間到達おめでとうございます！
明日は1日目からリスタートされます。*
`獣の足跡 X 1
呼符 X 1
6月交換券(2024) X 1
`*カルデア・サマーアドベンチャー！ アンケート復刻版 開幕記念 ログインボーナス*
*開催期間中、1日1回 最大21回 ログインボーナスをプレゼント！*
`白銀の果実 X 1
`_2024-06-06 04:31:17_
--------
*38d7d228036e9dc76c0c1db83328d53b*
`登陆天数: 14天 / 651天
等级: 130
石头: 3998
呼符: 84
体力: 15892.54 / 138
友情点: 0 / 468355`
*連続ログイン7日間到達おめでとうございます！
明日は1日目からリスタートされます。*
`獣の足跡 X 1
呼符 X 1
6月交換券(2024) X 1
`*カルデア・サマーアドベンチャー！ アンケート復刻版 開幕記念 ログインボーナス*
*開催期間中、1日1回 最大21回 ログインボーナスをプレゼント！*
`白銀の果実 X 1
`_2024-06-06 04:31:25_
--------
*c5af6c5b4703f2189c4e0e2f87483127*
`登陆天数: 14天 / 651天
等级: 130
石头: 4021
呼符: 272
体力: 15892.566666666668 / 138
友情点: 0 / 467370`
*連続ログイン7日間到達おめでとうございます！
明日は1日目からリスタートされます。*
`獣の足跡 X 1
呼符 X 1
6月交換券(2024) X 1
`*カルデア・サマーアドベンチャー！ アンケート復刻版 開幕記念 ログインボーナス*
*開催期間中、1日1回 最大21回 ログインボーナスをプレゼント！*
`白銀の果実 X 1
`_2024-06-06 04:31:33_
--------
*eb2e91264e84159f941f5f937e03c737*
`登陆天数: 14天 / 652天
等级: 130
石头: 4007
呼符: 293
体力: 15892.593333333334 / 138
友情点: 0 / 467245`
*連続ログイン7日間到達おめでとうございます！
明日は1日目からリスタートされます。*
`獣の足跡 X 1
呼符 X 1
6月交換券(2024) X 1
`*カルデア・サマーアドベンチャー！ アンケート復刻版 開幕記念 ログインボーナス*
*開催期間中、1日1回 最大21回 ログインボーナスをプレゼント！*
`白銀の果実 X 1
`_2024-06-06 04:31:40_
--------
*38631be9ab728195d00806c3137f9b21*
`登陆天数: 14天 / 652天
等级: 130
石头: 4012
呼符: 104
体力: 15892.616666666667 / 138
友情点: 0 / 466990`
*連続ログイン7日間到達おめでとうございます！
明日は1日目からリスタートされます。*
`獣の足跡 X 1
呼符 X 1
6月交換券(2024) X 1
`*カルデア・サマーアドベンチャー！ アンケート復刻版 開幕記念 ログインボーナス*
*開催期間中、1日1回 最大21回 ログインボーナスをプレゼント！*
`白銀の果実 X 1
`_2024-06-06 04:31:48_
--------
*fe865e3fd213fe4b3a9ba045c6662468*
`登陆天数: 14天 / 652天
等级: 130
石头: 4017
呼符: 305
体力: 15892.643333333333 / 138
友情点: 0 / 466690`
*連続ログイン7日間到達おめでとうございます！
明日は1日目からリスタートされます。*
`獣の足跡 X 1
呼符 X 1
6月交換券(2024) X 1
`*カルデア・サマーアドベンチャー！ アンケート復刻版 開幕記念 ログインボーナス*
*開催期間中、1日1回 最大21回 ログインボーナスをプレゼント！*
`白銀の果実 X 1
`_2024-06-06 04:31:56_
--------
*c4c934f9e7ef5715f8c62c6e6c9123b3*
`登陆天数: 14天 / 652天
等级: 130
石头: 4021
呼符: 268
体力: 15892.67 / 138
友情点: 0 / 467155`
*連続ログイン7日間到達おめでとうございます！
明日は1日目からリスタートされます。*
`獣の足跡 X 1
呼符 X 1
6月交換券(2024) X 1
`*カルデア・サマーアドベンチャー！ アンケート復刻版 開幕記念 ログインボーナス*
*開催期間中、1日1回 最大21回 ログインボーナスをプレゼント！*
`白銀の果実 X 1
`_2024-06-06 04:32:03_
--------
*ce8f9a13fa8e76708d380b36003f9cd5*
`登陆天数: 14天 / 651天
等级: 130
石头: 4001
呼符: 24
体力: 15892.693333333333 / 138
友情点: 0 / 471650`
*連続ログイン7日間到達おめでとうございます！
明日は1日目からリスタートされます。*
`獣の足跡 X 1
呼符 X 1
6月交換券(2024) X 1
`*カルデア・サマーアドベンチャー！ アンケート復刻版 開幕記念 ログインボーナス*
*開催期間中、1日1回 最大21回 ログインボーナスをプレゼント！*
`白銀の果実 X 1
`_2024-06-06 04:32:11_
--------
*e5c48960da70eba0f4f8d0d510bf78e0*
`登陆天数: 14天 / 652天
等级: 130
石头: 4005
呼符: 320
体力: 15892.72 / 138
友情点: 0 / 466095`
*連続ログイン7日間到達おめでとうございます！
明日は1日目からリスタートされます。*
`獣の足跡 X 1
呼符 X 1
6月交換券(2024) X 1
`*カルデア・サマーアドベンチャー！ アンケート復刻版 開幕記念 ログインボーナス*
*開催期間中、1日1回 最大21回 ログインボーナスをプレゼント！*
`白銀の果実 X 1
`_2024-06-06 04:32:18_
--------
*4405af549ce443ef2f7976696d661866*
`登陆天数: 14天 / 652天
等级: 130
石头: 4010
呼符: 301
体力: 15892.746666666666 / 138
友情点: 0 / 467420`
*連続ログイン7日間到達おめでとうございます！
明日は1日目からリスタートされます。*
`獣の足跡 X 1
呼符 X 1
6月交換券(2024) X 1
`*カルデア・サマーアドベンチャー！ アンケート復刻版 開幕記念 ログインボーナス*
*開催期間中、1日1回 最大21回 ログインボーナスをプレゼント！*
`白銀の果実 X 1
`_2024-06-06 04:32:26_
--------
*e2921bcf04080e3dd1aacb3c12380f67*
`登陆天数: 14天 / 651天
等级: 130
石头: 4009
呼符: 179
体力: 15892.77 / 138
友情点: 0 / 470175`
*連続ログイン7日間到達おめでとうございます！
明日は1日目からリスタートされます。*
`獣の足跡 X 1
呼符 X 1
6月交換券(2024) X 1
`*カルデア・サマーアドベンチャー！ アンケート復刻版 開幕記念 ログインボーナス*
*開催期間中、1日1回 最大21回 ログインボーナスをプレゼント！*
`白銀の果実 X 1
`_2024-06-06 04:32:34_
--------
*b0886b7f1d6e841b7a5e91cc243e5f8c*
`登陆天数: 14天 / 651天
等级: 130
石头: 4046
呼符: 267
体力: 15892.796666666667 / 138
友情点: 0 / 468800`
*連続ログイン7日間到達おめでとうございます！
明日は1日目からリスタートされます。*
`獣の足跡 X 1
呼符 X 1
6月交換券(2024) X 1
`*カルデア・サマーアドベンチャー！ アンケート復刻版 開幕記念 ログインボーナス*
*開催期間中、1日1回 最大21回 ログインボーナスをプレゼント！*
`白銀の果実 X 1
`_2024-06-06 04:32:42_
--------
*66a0e7157fe05c26b21583029d728d32*
`登陆天数: 14天 / 652天
等级: 130
石头: 4007
呼符: 25
体力: 15892.823333333334 / 138
友情点: 0 / 466270`
*連続ログイン7日間到達おめでとうございます！
明日は1日目からリスタートされます。*
`獣の足跡 X 1
呼符 X 1
6月交換券(2024) X 1
`*カルデア・サマーアドベンチャー！ アンケート復刻版 開幕記念 ログインボーナス*
*開催期間中、1日1回 最大21回 ログインボーナスをプレゼント！*
`白銀の果実 X 1
`_2024-06-06 04:32:49_
--------
*5f40697aa041c6b426bfcfeca1ca12c1*
`登陆天数: 14天 / 652天
等级: 130
石头: 4012
呼符: 253
体力: 15892.846666666666 / 138
友情点: 0 / 466115`
*連続ログイン7日間到達おめでとうございます！
明日は1日目からリスタートされます。*
`獣の足跡 X 1
呼符 X 1
6月交換券(2024) X 1
`*カルデア・サマーアドベンチャー！ アンケート復刻版 開幕記念 ログインボーナス*
*開催期間中、1日1回 最大21回 ログインボーナスをプレゼント！*
`白銀の果実 X 1
`_2024-06-06 04:32:57_
--------
*9c1892e397d191d6fcc7dc5dc5be71f0*
`登陆天数: 14天 / 651天
等级: 130
石头: 4015
呼符: 35
体力: 15892.87 / 138
友情点: 0 / 470285`
*連続ログイン7日間到達おめでとうございます！
明日は1日目からリスタートされます。*
`獣の足跡 X 1
呼符 X 1
6月交換券(2024) X 1
`*カルデア・サマーアドベンチャー！ アンケート復刻版 開幕記念 ログインボーナス*
*開催期間中、1日1回 最大21回 ログインボーナスをプレゼント！*
`白銀の果実 X 1
`_2024-06-06 04:33:04_
--------
*01d2b872fec2a66c79d57c37292eabc5*
`登陆天数: 14天 / 651天
等级: 130
石头: 4006
呼符: 247
体力: 15892.9 / 138
友情点: 0 / 468580`
*連続ログイン7日間到達おめでとうございます！
明日は1日目からリスタートされます。*
`獣の足跡 X 1
呼符 X 1
6月交換券(2024) X 1
`*カルデア・サマーアドベンチャー！ アンケート復刻版 開幕記念 ログインボーナス*
*開催期間中、1日1回 最大21回 ログインボーナスをプレゼント！*
`白銀の果実 X 1
`_2024-06-06 04:33:12_
--------
*37d0bc24afdfa1c17d94783735b0484e*
`登陆天数: 14天 / 652天
等级: 130
石头: 4013
呼符: 72
体力: 15892.926666666666 / 138
友情点: 0 / 465950`
*連続ログイン7日間到達おめでとうございます！
明日は1日目からリスタートされます。*
`獣の足跡 X 1
呼符 X 1
6月交換券(2024) X 1
`*カルデア・サマーアドベンチャー！ アンケート復刻版 開幕記念 ログインボーナス*
*開催期間中、1日1回 最大21回 ログインボーナスをプレゼント！*
`白銀の果実 X 1
`_2024-06-06 04:33:20_
--------
*5d190817063a3e0f13b56309b7dc6cfa*
`登陆天数: 14天 / 651天
等级: 130
石头: 4004
呼符: 24
体力: 15892.953333333333 / 138
友情点: 0 / 468755`
*連続ログイン7日間到達おめでとうございます！
明日は1日目からリスタートされます。*
`獣の足跡 X 1
呼符 X 1
6月交換券(2024) X 1
`*カルデア・サマーアドベンチャー！ アンケート復刻版 開幕記念 ログインボーナス*
*開催期間中、1日1回 最大21回 ログインボーナスをプレゼント！*
`白銀の果実 X 1
`_2024-06-06 04:33:28_
--------
*0801d21be993356fcda0fb223ae3ca29*
`登陆天数: 14天 / 652天
等级: 130
石头: 4011
呼符: 283
体力: 15892.98 / 138
友情点: 0 / 467365`
*連続ログイン7日間到達おめでとうございます！
明日は1日目からリスタートされます。*
`獣の足跡 X 1
呼符 X 1
6月交換券(2024) X 1
`*カルデア・サマーアドベンチャー！ アンケート復刻版 開幕記念 ログインボーナス*
*開催期間中、1日1回 最大21回 ログインボーナスをプレゼント！*
`白銀の果実 X 1
`_2024-06-06 04:33:36_
--------
*bdb7cac1e658d382ed7bfa28c9582d2c*
`登陆天数: 14天 / 652天
等级: 130
石头: 4013
呼符: 321
体力: 15893.003333333334 / 138
友情点: 0 / 466260`
*連続ログイン7日間到達おめでとうございます！
明日は1日目からリスタートされます。*
`獣の足跡 X 1
呼符 X 1
6月交換券(2024) X 1
`*カルデア・サマーアドベンチャー！ アンケート復刻版 開幕記念 ログインボーナス*
*開催期間中、1日1回 最大21回 ログインボーナスをプレゼント！*
`白銀の果実 X 1
`_2024-06-06 04:33:44_
--------
*2475c49cf312801248bc8b2f02851347*
`登陆天数: 14天 / 652天
等级: 130
石头: 4011
呼符: 25
体力: 15893.03 / 138
友情点: 0 / 466410`
*連続ログイン7日間到達おめでとうございます！
明日は1日目からリスタートされます。*
`獣の足跡 X 1
呼符 X 1
6月交換券(2024) X 1
`*カルデア・サマーアドベンチャー！ アンケート復刻版 開幕記念 ログインボーナス*
*開催期間中、1日1回 最大21回 ログインボーナスをプレゼント！*
`白銀の果実 X 1
`_2024-06-06 04:33:51_
--------
*da3c25d877439cd5268ebb87300de979*
`登陆天数: 14天 / 652天
等级: 130
石头: 4019
呼符: 286
体力: 15893.056666666667 / 138
友情点: 0 / 466005`
*連続ログイン7日間到達おめでとうございます！
明日は1日目からリスタートされます。*
`獣の足跡 X 1
呼符 X 1
6月交換券(2024) X 1
`*カルデア・サマーアドベンチャー！ アンケート復刻版 開幕記念 ログインボーナス*
*開催期間中、1日1回 最大21回 ログインボーナスをプレゼント！*
`白銀の果実 X 1
`_2024-06-06 04:33:59_
--------
*028860528d87d1439bb910bbf58d0bb7*
`登陆天数: 14天 / 652天
等级: 130
石头: 4017
呼符: 218
体力: 15893.08 / 138
友情点: 0 / 469185`
*連続ログイン7日間到達おめでとうございます！
明日は1日目からリスタートされます。*
`獣の足跡 X 1
呼符 X 1
6月交換券(2024) X 1
`*カルデア・サマーアドベンチャー！ アンケート復刻版 開幕記念 ログインボーナス*
*開催期間中、1日1回 最大21回 ログインボーナスをプレゼント！*
`白銀の果実 X 1
`_2024-06-06 04:34:07_
--------
*8be2f971c62e79b5fdf7440165c58b71*
`登陆天数: 14天 / 651天
等级: 130
石头: 4016
呼符: 166
体力: 15893.106666666667 / 138
友情点: 0 / 468095`
*連続ログイン7日間到達おめでとうございます！
明日は1日目からリスタートされます。*
`獣の足跡 X 1
呼符 X 1
6月交換券(2024) X 1
`*カルデア・サマーアドベンチャー！ アンケート復刻版 開幕記念 ログインボーナス*
*開催期間中、1日1回 最大21回 ログインボーナスをプレゼント！*
`白銀の果実 X 1
`_2024-06-06 04:34:15_
--------
*367ea55797900054de95a953ff644e8a*
`登陆天数: 14天 / 652天
等级: 130
石头: 4012
呼符: 269
体力: 15893.133333333333 / 138
友情点: 0 / 468280`
*連続ログイン7日間到達おめでとうございます！
明日は1日目からリスタートされます。*
`獣の足跡 X 1
呼符 X 1
6月交換券(2024) X 1
`*カルデア・サマーアドベンチャー！ アンケート復刻版 開幕記念 ログインボーナス*
*開催期間中、1日1回 最大21回 ログインボーナスをプレゼント！*
`白銀の果実 X 1
`_2024-06-06 04:34:23_
--------
*b842cec75470f055070b0695c4c63276*
`登陆天数: 14天 / 652天
等级: 130
石头: 4023
呼符: 291
体力: 15893.156666666666 / 138
友情点: 0 / 467080`
*連続ログイン7日間到達おめでとうございます！
明日は1日目からリスタートされます。*
`獣の足跡 X 1
呼符 X 1
6月交換券(2024) X 1
`*カルデア・サマーアドベンチャー！ アンケート復刻版 開幕記念 ログインボーナス*
*開催期間中、1日1回 最大21回 ログインボーナスをプレゼント！*
`白銀の果実 X 1
`_2024-06-06 04:34:30_
--------
*ddfd3d053ad9760065ab28dce632ddf2*
`登陆天数: 14天 / 651天
等级: 130
石头: 4015
呼符: 301
体力: 15893.186666666666 / 138
友情点: 0 / 469140`
*連続ログイン7日間到達おめでとうございます！
明日は1日目からリスタートされます。*
`獣の足跡 X 1
呼符 X 1
6月交換券(2024) X 1
`*カルデア・サマーアドベンチャー！ アンケート復刻版 開幕記念 ログインボーナス*
*開催期間中、1日1回 最大21回 ログインボーナスをプレゼント！*
`白銀の果実 X 1
`_2024-06-06 04:34:38_
--------
*cfc6f5db8c35c873efe5e926f6ed3823*
`登陆天数: 14天 / 652天
等级: 130
石头: 4010
呼符: 243
体力: 15893.21 / 138
友情点: 0 / 467300`
*連続ログイン7日間到達おめでとうございます！
明日は1日目からリスタートされます。*
`獣の足跡 X 1
呼符 X 1
6月交換券(2024) X 1
`*カルデア・サマーアドベンチャー！ アンケート復刻版 開幕記念 ログインボーナス*
*開催期間中、1日1回 最大21回 ログインボーナスをプレゼント！*
`白銀の果実 X 1
`_2024-06-06 04:34:46_
--------
*a454e5e2228e97d806693c7e3200592c*
`登陆天数: 14天 / 652天
等级: 130
石头: 4011
呼符: 286
体力: 15893.236666666666 / 138
友情点: 0 / 466505`
*連続ログイン7日間到達おめでとうございます！
明日は1日目からリスタートされます。*
`獣の足跡 X 1
呼符 X 1
6月交換券(2024) X 1
`*カルデア・サマーアドベンチャー！ アンケート復刻版 開幕記念 ログインボーナス*
*開催期間中、1日1回 最大21回 ログインボーナスをプレゼント！*
`白銀の果実 X 1
`_2024-06-06 04:34:54_
--------
*33b7e8b7c55720467861a5516eab0566*
`登陆天数: 14天 / 651天
等级: 130
石头: 4012
呼符: 274
体力: 15893.263333333334 / 138
友情点: 0 / 468370`
*連続ログイン7日間到達おめでとうございます！
明日は1日目からリスタートされます。*
`獣の足跡 X 1
呼符 X 1
6月交換券(2024) X 1
`*カルデア・サマーアドベンチャー！ アンケート復刻版 開幕記念 ログインボーナス*
*開催期間中、1日1回 最大21回 ログインボーナスをプレゼント！*
`白銀の果実 X 1
`_2024-06-06 04:35:01_
--------
*8d09061b925596bea85dad72de74d648*
`登陆天数: 14天 / 651天
等级: 130
石头: 3969
呼符: 302
体力: 15893.286666666667 / 138
友情点: 0 / 468515`
*連続ログイン7日間到達おめでとうございます！
明日は1日目からリスタートされます。*
`獣の足跡 X 1
呼符 X 1
6月交換券(2024) X 1
`*カルデア・サマーアドベンチャー！ アンケート復刻版 開幕記念 ログインボーナス*
*開催期間中、1日1回 最大21回 ログインボーナスをプレゼント！*
`白銀の果実 X 1
`_2024-06-06 04:35:09_
--------
*655e425127745c34b48399779b7fc007*
`登陆天数: 14天 / 652天
等级: 130
石头: 4017
呼符: 252
体力: 15893.313333333334 / 138
友情点: 0 / 466850`
*連続ログイン7日間到達おめでとうございます！
明日は1日目からリスタートされます。*
`獣の足跡 X 1
呼符 X 1
6月交換券(2024) X 1
`*カルデア・サマーアドベンチャー！ アンケート復刻版 開幕記念 ログインボーナス*
*開催期間中、1日1回 最大21回 ログインボーナスをプレゼント！*
`白銀の果実 X 1
`_2024-06-06 04:35:17_
--------
*6e8a0efb98104c41161f02865a05c823*
`登陆天数: 14天 / 651天
等级: 130
石头: 4009
呼符: 305
体力: 15893.34 / 138
友情点: 0 / 468530`
*連続ログイン7日間到達おめでとうございます！
明日は1日目からリスタートされます。*
`獣の足跡 X 1
呼符 X 1
6月交換券(2024) X 1
`*カルデア・サマーアドベンチャー！ アンケート復刻版 開幕記念 ログインボーナス*
*開催期間中、1日1回 最大21回 ログインボーナスをプレゼント！*
`白銀の果実 X 1
`_2024-06-06 04:35:24_
--------
*5cb9d8fd12616e6a944a9b70836a69e5*
`登陆天数: 14天 / 652天
等级: 130
石头: 4015
呼符: 244
体力: 15893.363333333333 / 138
友情点: 0 / 466595`
*連続ログイン7日間到達おめでとうございます！
明日は1日目からリスタートされます。*
`獣の足跡 X 1
呼符 X 1
6月交換券(2024) X 1
`*カルデア・サマーアドベンチャー！ アンケート復刻版 開幕記念 ログインボーナス*
*開催期間中、1日1回 最大21回 ログインボーナスをプレゼント！*
`白銀の果実 X 1
`_2024-06-06 04:35:32_
--------
*8ce4ee5736fda5332fa2d3cafa76ee81*
`登陆天数: 14天 / 651天
等级: 130
石头: 4009
呼符: 321
体力: 15893.39 / 138
友情点: 0 / 467780`
*連続ログイン7日間到達おめでとうございます！
明日は1日目からリスタートされます。*
`獣の足跡 X 1
呼符 X 1
6月交換券(2024) X 1
`*カルデア・サマーアドベンチャー！ アンケート復刻版 開幕記念 ログインボーナス*
*開催期間中、1日1回 最大21回 ログインボーナスをプレゼント！*
`白銀の果実 X 1
`_2024-06-06 04:35:40_
--------
*dc13980c543b0835901781fd9002261d*
`登陆天数: 14天 / 651天
等级: 130
石头: 4024
呼符: 77
体力: 15893.416666666666 / 138
友情点: 0 / 470610`
*連続ログイン7日間到達おめでとうございます！
明日は1日目からリスタートされます。*
`獣の足跡 X 1
呼符 X 1
6月交換券(2024) X 1
`*カルデア・サマーアドベンチャー！ アンケート復刻版 開幕記念 ログインボーナス*
*開催期間中、1日1回 最大21回 ログインボーナスをプレゼント！*
`白銀の果実 X 1
`_2024-06-06 04:35:47_
--------
*658018fc36eafa4d1869327387ba2b05*
`登陆天数: 14天 / 651天
等级: 130
石头: 4007
呼符: 193
体力: 15893.44 / 138
友情点: 0 / 467895`
*連続ログイン7日間到達おめでとうございます！
明日は1日目からリスタートされます。*
`獣の足跡 X 1
呼符 X 1
6月交換券(2024) X 1
`*カルデア・サマーアドベンチャー！ アンケート復刻版 開幕記念 ログインボーナス*
*開催期間中、1日1回 最大21回 ログインボーナスをプレゼント！*
`白銀の果実 X 1
`_2024-06-06 04:35:55_
--------
*64c4c896d18fe832631d4b472b70fb59*
`登陆天数: 14天 / 652天
等级: 130
石头: 4002
呼符: 120
体力: 15893.466666666667 / 138
友情点: 0 / 466710`
*連続ログイン7日間到達おめでとうございます！
明日は1日目からリスタートされます。*
`獣の足跡 X 1
呼符 X 1
6月交換券(2024) X 1
`*カルデア・サマーアドベンチャー！ アンケート復刻版 開幕記念 ログインボーナス*
*開催期間中、1日1回 最大21回 ログインボーナスをプレゼント！*
`白銀の果実 X 1
`_2024-06-06 04:36:03_
--------
*6586b4cd72ce8d9b67d0bff92e42eb89*
`登陆天数: 14天 / 652天
等级: 130
石头: 4013
呼符: 291
体力: 15893.493333333334 / 138
友情点: 0 / 467005`
*連続ログイン7日間到達おめでとうございます！
明日は1日目からリスタートされます。*
`獣の足跡 X 1
呼符 X 1
6月交換券(2024) X 1
`*カルデア・サマーアドベンチャー！ アンケート復刻版 開幕記念 ログインボーナス*
*開催期間中、1日1回 最大21回 ログインボーナスをプレゼント！*
`白銀の果実 X 1
`_2024-06-06 04:36:10_
--------
*5daa4d76ed9e474769a50adafd05592a*
`登陆天数: 14天 / 651天
等级: 130
石头: 4020
呼符: 291
体力: 15893.516666666666 / 138
友情点: 0 / 468900`
*連続ログイン7日間到達おめでとうございます！
明日は1日目からリスタートされます。*
`獣の足跡 X 1
呼符 X 1
6月交換券(2024) X 1
`*カルデア・サマーアドベンチャー！ アンケート復刻版 開幕記念 ログインボーナス*
*開催期間中、1日1回 最大21回 ログインボーナスをプレゼント！*
`白銀の果実 X 1
`_2024-06-06 04:36:18_
--------
*48bd55dd186a623bf2ee43b460744580*
`登陆天数: 14天 / 652天
等级: 130
石头: 4018
呼符: 159
体力: 15893.543333333333 / 138
友情点: 0 / 465415`
*連続ログイン7日間到達おめでとうございます！
明日は1日目からリスタートされます。*
`獣の足跡 X 1
呼符 X 1
6月交換券(2024) X 1
`*カルデア・サマーアドベンチャー！ アンケート復刻版 開幕記念 ログインボーナス*
*開催期間中、1日1回 最大21回 ログインボーナスをプレゼント！*
`白銀の果実 X 1
`_2024-06-06 04:36:25_
--------
*f6fe73e7d59e80ee979f0b4bb538af75*
`登陆天数: 14天 / 652天
等级: 130
石头: 4006
呼符: 263
体力: 15893.566666666668 / 138
友情点: 0 / 467775`
*連続ログイン7日間到達おめでとうございます！
明日は1日目からリスタートされます。*
`獣の足跡 X 1
呼符 X 1
6月交換券(2024) X 1
`*カルデア・サマーアドベンチャー！ アンケート復刻版 開幕記念 ログインボーナス*
*開催期間中、1日1回 最大21回 ログインボーナスをプレゼント！*
`白銀の果実 X 1
`_2024-06-06 04:36:33_
--------
*275480bee21d7e3e235370919f352a8d*
`登陆天数: 14天 / 651天
等级: 130
石头: 4011
呼符: 154
体力: 15893.59 / 138
友情点: 0 / 468440`
*連続ログイン7日間到達おめでとうございます！
明日は1日目からリスタートされます。*
`獣の足跡 X 1
呼符 X 1
6月交換券(2024) X 1
`*カルデア・サマーアドベンチャー！ アンケート復刻版 開幕記念 ログインボーナス*
*開催期間中、1日1回 最大21回 ログインボーナスをプレゼント！*
`白銀の果実 X 1
`_2024-06-06 04:36:41_
--------
*5977d6e04a944ed5b81b79b2845ba2b0*
`登陆天数: 14天 / 652天
等级: 130
石头: 4008
呼符: 267
体力: 15893.62 / 138
友情点: 0 / 466880`
*連続ログイン7日間到達おめでとうございます！
明日は1日目からリスタートされます。*
`獣の足跡 X 1
呼符 X 1
6月交換券(2024) X 1
`*カルデア・サマーアドベンチャー！ アンケート復刻版 開幕記念 ログインボーナス*
*開催期間中、1日1回 最大21回 ログインボーナスをプレゼント！*
`白銀の果実 X 1
`_2024-06-06 04:36:48_
--------
