【登录信息】
*3a5ce68e3040b831f27a2482965a0981*
`登陆天数: 15天 / 652天
等级: 130
石头: 3976
呼符: 189
体力: 16328.486666666666 / 138
友情点: 0 / 467640`
*連続ログイン1日目
※ログインが途切れるか、7日到達すると
1日目から再開されます*
`フレンドポイント X 2000
6月交換券(2024) X 1
`*螺旋証明世界 リリムハーロット ～喝采なき薔薇～ アンケート復刻版
開幕記念 ログインボーナス*
*開催期間中、1日1回 最大21回 ログインボーナスをプレゼント！*
`黄金の果実 X 1
`_2024-06-07 16:51:08_
--------
*0b326b80ee90ddc5c0586133d7576851*
`登陆天数: 15天 / 652天
等级: 130
石头: 4013
呼符: 298
体力: 16328.51 / 138
友情点: 0 / 470580`
*連続ログイン1日目
※ログインが途切れるか、7日到達すると
1日目から再開されます*
`フレンドポイント X 2000
6月交換券(2024) X 1
`*螺旋証明世界 リリムハーロット ～喝采なき薔薇～ アンケート復刻版
開幕記念 ログインボーナス*
*開催期間中、1日1回 最大21回 ログインボーナスをプレゼント！*
`黄金の果実 X 1
`_2024-06-07 16:51:16_
--------
*74697c3823f19d7fab61246545eb0ede*
`登陆天数: 15天 / 652天
等级: 130
石头: 4012
呼符: 223
体力: 16328.536666666667 / 138
友情点: 0 / 468190`
*連続ログイン1日目
※ログインが途切れるか、7日到達すると
1日目から再開されます*
`フレンドポイント X 2000
6月交換券(2024) X 1
`*螺旋証明世界 リリムハーロット ～喝采なき薔薇～ アンケート復刻版
開幕記念 ログインボーナス*
*開催期間中、1日1回 最大21回 ログインボーナスをプレゼント！*
`黄金の果実 X 1
`_2024-06-07 16:51:24_
--------
*e4fb0c2b4c8352a2ae1be7f8ccdf6d36*
`登陆天数: 15天 / 653天
等级: 130
石头: 4015
呼符: 137
体力: 16328.563333333334 / 138
友情点: 0 / 466630`
*連続ログイン1日目
※ログインが途切れるか、7日到達すると
1日目から再開されます*
`フレンドポイント X 2000
6月交換券(2024) X 1
`*螺旋証明世界 リリムハーロット ～喝采なき薔薇～ アンケート復刻版
開幕記念 ログインボーナス*
*開催期間中、1日1回 最大21回 ログインボーナスをプレゼント！*
`黄金の果実 X 1
`_2024-06-07 16:51:31_
--------
*6ab709d32466f51ec4fa1341b9165ccc*
`登陆天数: 15天 / 653天
等级: 130
石头: 4017
呼符: 162
体力: 16328.586666666666 / 138
友情点: 0 / 467970`
*連続ログイン1日目
※ログインが途切れるか、7日到達すると
1日目から再開されます*
`フレンドポイント X 2000
6月交換券(2024) X 1
`*螺旋証明世界 リリムハーロット ～喝采なき薔薇～ アンケート復刻版
開幕記念 ログインボーナス*
*開催期間中、1日1回 最大21回 ログインボーナスをプレゼント！*
`黄金の果実 X 1
`_2024-06-07 16:51:39_
--------
*0a48075c965ad40cbadccf165e92da4f*
`登陆天数: 15天 / 653天
等级: 130
石头: 4007
呼符: 123
体力: 16328.613333333333 / 138
友情点: 0 / 467635`
*連続ログイン1日目
※ログインが途切れるか、7日到達すると
1日目から再開されます*
`フレンドポイント X 2000
6月交換券(2024) X 1
`*螺旋証明世界 リリムハーロット ～喝采なき薔薇～ アンケート復刻版
開幕記念 ログインボーナス*
*開催期間中、1日1回 最大21回 ログインボーナスをプレゼント！*
`黄金の果実 X 1
`_2024-06-07 16:51:47_
--------
*be925f73d81d0d6d33e9718900ceb739*
`登陆天数: 15天 / 652天
等级: 130
石头: 4010
呼符: 285
体力: 16328.64 / 138
友情点: 0 / 469355`
*連続ログイン1日目
※ログインが途切れるか、7日到達すると
1日目から再開されます*
`フレンドポイント X 2000
6月交換券(2024) X 1
`*螺旋証明世界 リリムハーロット ～喝采なき薔薇～ アンケート復刻版
開幕記念 ログインボーナス*
*開催期間中、1日1回 最大21回 ログインボーナスをプレゼント！*
`黄金の果実 X 1
`_2024-06-07 16:51:54_
--------
*38d7d228036e9dc76c0c1db83328d53b*
`登陆天数: 15天 / 652天
等级: 130
石头: 3998
呼符: 84
体力: 16328.663333333334 / 138
友情点: 0 / 468355`
*連続ログイン1日目
※ログインが途切れるか、7日到達すると
1日目から再開されます*
`フレンドポイント X 2000
6月交換券(2024) X 1
`*螺旋証明世界 リリムハーロット ～喝采なき薔薇～ アンケート復刻版
開幕記念 ログインボーナス*
*開催期間中、1日1回 最大21回 ログインボーナスをプレゼント！*
`黄金の果実 X 1
`_2024-06-07 16:52:02_
--------
*c5af6c5b4703f2189c4e0e2f87483127*
`登陆天数: 15天 / 652天
等级: 130
石头: 4021
呼符: 272
体力: 16328.69 / 138
友情点: 0 / 467370`
*連続ログイン1日目
※ログインが途切れるか、7日到達すると
1日目から再開されます*
`フレンドポイント X 2000
6月交換券(2024) X 1
`*螺旋証明世界 リリムハーロット ～喝采なき薔薇～ アンケート復刻版
開幕記念 ログインボーナス*
*開催期間中、1日1回 最大21回 ログインボーナスをプレゼント！*
`黄金の果実 X 1
`_2024-06-07 16:52:10_
--------
*eb2e91264e84159f941f5f937e03c737*
`登陆天数: 15天 / 653天
等级: 130
石头: 4007
呼符: 293
体力: 16328.716666666667 / 138
友情点: 0 / 467245`
*連続ログイン1日目
※ログインが途切れるか、7日到達すると
1日目から再開されます*
`フレンドポイント X 2000
6月交換券(2024) X 1
`*螺旋証明世界 リリムハーロット ～喝采なき薔薇～ アンケート復刻版
開幕記念 ログインボーナス*
*開催期間中、1日1回 最大21回 ログインボーナスをプレゼント！*
`黄金の果実 X 1
`_2024-06-07 16:52:18_
--------
*38631be9ab728195d00806c3137f9b21*
`登陆天数: 15天 / 653天
等级: 130
石头: 4012
呼符: 104
体力: 16328.743333333334 / 138
友情点: 0 / 466990`
*連続ログイン1日目
※ログインが途切れるか、7日到達すると
1日目から再開されます*
`フレンドポイント X 2000
6月交換券(2024) X 1
`*螺旋証明世界 リリムハーロット ～喝采なき薔薇～ アンケート復刻版
開幕記念 ログインボーナス*
*開催期間中、1日1回 最大21回 ログインボーナスをプレゼント！*
`黄金の果実 X 1
`_2024-06-07 16:52:25_
--------
*fe865e3fd213fe4b3a9ba045c6662468*
`登陆天数: 15天 / 653天
等级: 130
石头: 4017
呼符: 305
体力: 16328.77 / 138
友情点: 0 / 466690`
*連続ログイン1日目
※ログインが途切れるか、7日到達すると
1日目から再開されます*
`フレンドポイント X 2000
6月交換券(2024) X 1
`*螺旋証明世界 リリムハーロット ～喝采なき薔薇～ アンケート復刻版
開幕記念 ログインボーナス*
*開催期間中、1日1回 最大21回 ログインボーナスをプレゼント！*
`黄金の果実 X 1
`_2024-06-07 16:52:33_
--------
*c4c934f9e7ef5715f8c62c6e6c9123b3*
`登陆天数: 15天 / 653天
等级: 130
石头: 4021
呼符: 268
体力: 16328.793333333333 / 138
友情点: 0 / 467155`
*連続ログイン1日目
※ログインが途切れるか、7日到達すると
1日目から再開されます*
`フレンドポイント X 2000
6月交換券(2024) X 1
`*螺旋証明世界 リリムハーロット ～喝采なき薔薇～ アンケート復刻版
開幕記念 ログインボーナス*
*開催期間中、1日1回 最大21回 ログインボーナスをプレゼント！*
`黄金の果実 X 1
`_2024-06-07 16:52:41_
--------
*ce8f9a13fa8e76708d380b36003f9cd5*
`登陆天数: 15天 / 652天
等级: 130
石头: 4001
呼符: 24
体力: 16328.82 / 138
友情点: 0 / 471650`
*連続ログイン1日目
※ログインが途切れるか、7日到達すると
1日目から再開されます*
`フレンドポイント X 2000
6月交換券(2024) X 1
`*螺旋証明世界 リリムハーロット ～喝采なき薔薇～ アンケート復刻版
開幕記念 ログインボーナス*
*開催期間中、1日1回 最大21回 ログインボーナスをプレゼント！*
`黄金の果実 X 1
`_2024-06-07 16:52:49_
--------
*e5c48960da70eba0f4f8d0d510bf78e0*
`登陆天数: 15天 / 653天
等级: 130
石头: 4005
呼符: 320
体力: 16328.846666666666 / 138
友情点: 0 / 466095`
*連続ログイン1日目
※ログインが途切れるか、7日到達すると
1日目から再開されます*
`フレンドポイント X 2000
6月交換券(2024) X 1
`*螺旋証明世界 リリムハーロット ～喝采なき薔薇～ アンケート復刻版
開幕記念 ログインボーナス*
*開催期間中、1日1回 最大21回 ログインボーナスをプレゼント！*
`黄金の果実 X 1
`_2024-06-07 16:52:56_
--------
*4405af549ce443ef2f7976696d661866*
`登陆天数: 15天 / 653天
等级: 130
石头: 4010
呼符: 301
体力: 16328.87 / 138
友情点: 0 / 467420`
*連続ログイン1日目
※ログインが途切れるか、7日到達すると
1日目から再開されます*
`フレンドポイント X 2000
6月交換券(2024) X 1
`*螺旋証明世界 リリムハーロット ～喝采なき薔薇～ アンケート復刻版
開幕記念 ログインボーナス*
*開催期間中、1日1回 最大21回 ログインボーナスをプレゼント！*
`黄金の果実 X 1
`_2024-06-07 16:53:04_
--------
*e2921bcf04080e3dd1aacb3c12380f67*
`登陆天数: 15天 / 652天
等级: 130
石头: 4009
呼符: 179
体力: 16328.896666666667 / 138
友情点: 0 / 470175`
*連続ログイン1日目
※ログインが途切れるか、7日到達すると
1日目から再開されます*
`フレンドポイント X 2000
6月交換券(2024) X 1
`*螺旋証明世界 リリムハーロット ～喝采なき薔薇～ アンケート復刻版
開幕記念 ログインボーナス*
*開催期間中、1日1回 最大21回 ログインボーナスをプレゼント！*
`黄金の果実 X 1
`_2024-06-07 16:53:12_
--------
*b0886b7f1d6e841b7a5e91cc243e5f8c*
`登陆天数: 15天 / 652天
等级: 130
石头: 4046
呼符: 267
体力: 16328.923333333334 / 138
友情点: 0 / 468800`
*連続ログイン1日目
※ログインが途切れるか、7日到達すると
1日目から再開されます*
`フレンドポイント X 2000
6月交換券(2024) X 1
`*螺旋証明世界 リリムハーロット ～喝采なき薔薇～ アンケート復刻版
開幕記念 ログインボーナス*
*開催期間中、1日1回 最大21回 ログインボーナスをプレゼント！*
`黄金の果実 X 1
`_2024-06-07 16:53:20_
--------
*66a0e7157fe05c26b21583029d728d32*
`登陆天数: 15天 / 653天
等级: 130
石头: 4007
呼符: 25
体力: 16328.95 / 138
友情点: 0 / 466270`
*連続ログイン1日目
※ログインが途切れるか、7日到達すると
1日目から再開されます*
`フレンドポイント X 2000
6月交換券(2024) X 1
`*螺旋証明世界 リリムハーロット ～喝采なき薔薇～ アンケート復刻版
開幕記念 ログインボーナス*
*開催期間中、1日1回 最大21回 ログインボーナスをプレゼント！*
`黄金の果実 X 1
`_2024-06-07 16:53:27_
--------
*5f40697aa041c6b426bfcfeca1ca12c1*
`登陆天数: 15天 / 653天
等级: 130
石头: 4012
呼符: 253
体力: 16328.973333333333 / 138
友情点: 0 / 466115`
*連続ログイン1日目
※ログインが途切れるか、7日到達すると
1日目から再開されます*
`フレンドポイント X 2000
6月交換券(2024) X 1
`*螺旋証明世界 リリムハーロット ～喝采なき薔薇～ アンケート復刻版
開幕記念 ログインボーナス*
*開催期間中、1日1回 最大21回 ログインボーナスをプレゼント！*
`黄金の果実 X 1
`_2024-06-07 16:53:35_
--------
*9c1892e397d191d6fcc7dc5dc5be71f0*
`登陆天数: 15天 / 652天
等级: 130
石头: 4015
呼符: 35
体力: 16328.996666666666 / 138
友情点: 0 / 470285`
*連続ログイン1日目
※ログインが途切れるか、7日到達すると
1日目から再開されます*
`フレンドポイント X 2000
6月交換券(2024) X 1
`*螺旋証明世界 リリムハーロット ～喝采なき薔薇～ アンケート復刻版
開幕記念 ログインボーナス*
*開催期間中、1日1回 最大21回 ログインボーナスをプレゼント！*
`黄金の果実 X 1
`_2024-06-07 16:53:43_
--------
*01d2b872fec2a66c79d57c37292eabc5*
`登陆天数: 15天 / 652天
等级: 130
石头: 4006
呼符: 247
体力: 16329.026666666667 / 138
友情点: 0 / 468580`
*連続ログイン1日目
※ログインが途切れるか、7日到達すると
1日目から再開されます*
`フレンドポイント X 2000
6月交換券(2024) X 1
`*螺旋証明世界 リリムハーロット ～喝采なき薔薇～ アンケート復刻版
開幕記念 ログインボーナス*
*開催期間中、1日1回 最大21回 ログインボーナスをプレゼント！*
`黄金の果実 X 1
`_2024-06-07 16:53:50_
--------
*37d0bc24afdfa1c17d94783735b0484e*
`登陆天数: 15天 / 653天
等级: 130
石头: 4013
呼符: 72
体力: 16329.05 / 138
友情点: 0 / 465950`
*連続ログイン1日目
※ログインが途切れるか、7日到達すると
1日目から再開されます*
`フレンドポイント X 2000
6月交換券(2024) X 1
`*螺旋証明世界 リリムハーロット ～喝采なき薔薇～ アンケート復刻版
開幕記念 ログインボーナス*
*開催期間中、1日1回 最大21回 ログインボーナスをプレゼント！*
`黄金の果実 X 1
`_2024-06-07 16:53:58_
--------
*5d190817063a3e0f13b56309b7dc6cfa*
`登陆天数: 15天 / 652天
等级: 130
石头: 4004
呼符: 24
体力: 16329.076666666666 / 138
友情点: 0 / 468755`
*連続ログイン1日目
※ログインが途切れるか、7日到達すると
1日目から再開されます*
`フレンドポイント X 2000
6月交換券(2024) X 1
`*螺旋証明世界 リリムハーロット ～喝采なき薔薇～ アンケート復刻版
開幕記念 ログインボーナス*
*開催期間中、1日1回 最大21回 ログインボーナスをプレゼント！*
`黄金の果実 X 1
`_2024-06-07 16:54:05_
--------
*0801d21be993356fcda0fb223ae3ca29*
`登陆天数: 15天 / 653天
等级: 130
石头: 4011
呼符: 283
体力: 16329.103333333333 / 138
友情点: 0 / 467365`
*連続ログイン1日目
※ログインが途切れるか、7日到達すると
1日目から再開されます*
`フレンドポイント X 2000
6月交換券(2024) X 1
`*螺旋証明世界 リリムハーロット ～喝采なき薔薇～ アンケート復刻版
開幕記念 ログインボーナス*
*開催期間中、1日1回 最大21回 ログインボーナスをプレゼント！*
`黄金の果実 X 1
`_2024-06-07 16:54:13_
--------
*bdb7cac1e658d382ed7bfa28c9582d2c*
`登陆天数: 15天 / 653天
等级: 130
石头: 4013
呼符: 321
体力: 16329.126666666667 / 138
友情点: 0 / 466260`
*連続ログイン1日目
※ログインが途切れるか、7日到達すると
1日目から再開されます*
`フレンドポイント X 2000
6月交換券(2024) X 1
`*螺旋証明世界 リリムハーロット ～喝采なき薔薇～ アンケート復刻版
開幕記念 ログインボーナス*
*開催期間中、1日1回 最大21回 ログインボーナスをプレゼント！*
`黄金の果実 X 1
`_2024-06-07 16:54:21_
--------
*2475c49cf312801248bc8b2f02851347*
`登陆天数: 15天 / 653天
等级: 130
石头: 4011
呼符: 25
体力: 16329.153333333334 / 138
友情点: 0 / 466410`
*連続ログイン1日目
※ログインが途切れるか、7日到達すると
1日目から再開されます*
`フレンドポイント X 2000
6月交換券(2024) X 1
`*螺旋証明世界 リリムハーロット ～喝采なき薔薇～ アンケート復刻版
開幕記念 ログインボーナス*
*開催期間中、1日1回 最大21回 ログインボーナスをプレゼント！*
`黄金の果実 X 1
`_2024-06-07 16:54:28_
--------
*da3c25d877439cd5268ebb87300de979*
`登陆天数: 15天 / 653天
等级: 130
石头: 4019
呼符: 286
体力: 16329.18 / 138
友情点: 0 / 466005`
*連続ログイン1日目
※ログインが途切れるか、7日到達すると
1日目から再開されます*
`フレンドポイント X 2000
6月交換券(2024) X 1
`*螺旋証明世界 リリムハーロット ～喝采なき薔薇～ アンケート復刻版
開幕記念 ログインボーナス*
*開催期間中、1日1回 最大21回 ログインボーナスをプレゼント！*
`黄金の果実 X 1
`_2024-06-07 16:54:36_
--------
*028860528d87d1439bb910bbf58d0bb7*
`登陆天数: 15天 / 653天
等级: 130
石头: 4017
呼符: 218
体力: 16329.203333333333 / 138
友情点: 0 / 469185`
*連続ログイン1日目
※ログインが途切れるか、7日到達すると
1日目から再開されます*
`フレンドポイント X 2000
6月交換券(2024) X 1
`*螺旋証明世界 リリムハーロット ～喝采なき薔薇～ アンケート復刻版
開幕記念 ログインボーナス*
*開催期間中、1日1回 最大21回 ログインボーナスをプレゼント！*
`黄金の果実 X 1
`_2024-06-07 16:54:44_
--------
*8be2f971c62e79b5fdf7440165c58b71*
`登陆天数: 15天 / 652天
等级: 130
石头: 4016
呼符: 166
体力: 16329.23 / 138
友情点: 0 / 468095`
*連続ログイン1日目
※ログインが途切れるか、7日到達すると
1日目から再開されます*
`フレンドポイント X 2000
6月交換券(2024) X 1
`*螺旋証明世界 リリムハーロット ～喝采なき薔薇～ アンケート復刻版
開幕記念 ログインボーナス*
*開催期間中、1日1回 最大21回 ログインボーナスをプレゼント！*
`黄金の果実 X 1
`_2024-06-07 16:54:52_
--------
*367ea55797900054de95a953ff644e8a*
`登陆天数: 15天 / 653天
等级: 130
石头: 4012
呼符: 269
体力: 16329.256666666666 / 138
友情点: 0 / 468280`
*連続ログイン1日目
※ログインが途切れるか、7日到達すると
1日目から再開されます*
`フレンドポイント X 2000
6月交換券(2024) X 1
`*螺旋証明世界 リリムハーロット ～喝采なき薔薇～ アンケート復刻版
開幕記念 ログインボーナス*
*開催期間中、1日1回 最大21回 ログインボーナスをプレゼント！*
`黄金の果実 X 1
`_2024-06-07 16:54:59_
--------
*b842cec75470f055070b0695c4c63276*
`登陆天数: 15天 / 653天
等级: 130
石头: 4023
呼符: 291
体力: 16329.276666666667 / 138
友情点: 0 / 467080`
*連続ログイン1日目
※ログインが途切れるか、7日到達すると
1日目から再開されます*
`フレンドポイント X 2000
6月交換券(2024) X 1
`*螺旋証明世界 リリムハーロット ～喝采なき薔薇～ アンケート復刻版
開幕記念 ログインボーナス*
*開催期間中、1日1回 最大21回 ログインボーナスをプレゼント！*
`黄金の果実 X 1
`_2024-06-07 16:55:07_
--------
*ddfd3d053ad9760065ab28dce632ddf2*
`登陆天数: 15天 / 652天
等级: 130
石头: 4015
呼符: 301
体力: 16329.306666666667 / 138
友情点: 0 / 469140`
*連続ログイン1日目
※ログインが途切れるか、7日到達すると
1日目から再開されます*
`フレンドポイント X 2000
6月交換券(2024) X 1
`*螺旋証明世界 リリムハーロット ～喝采なき薔薇～ アンケート復刻版
開幕記念 ログインボーナス*
*開催期間中、1日1回 最大21回 ログインボーナスをプレゼント！*
`黄金の果実 X 1
`_2024-06-07 16:55:15_
--------
*cfc6f5db8c35c873efe5e926f6ed3823*
`登陆天数: 15天 / 653天
等级: 130
石头: 4010
呼符: 243
体力: 16329.333333333334 / 138
友情点: 0 / 467300`
*連続ログイン1日目
※ログインが途切れるか、7日到達すると
1日目から再開されます*
`フレンドポイント X 2000
6月交換券(2024) X 1
`*螺旋証明世界 リリムハーロット ～喝采なき薔薇～ アンケート復刻版
開幕記念 ログインボーナス*
*開催期間中、1日1回 最大21回 ログインボーナスをプレゼント！*
`黄金の果実 X 1
`_2024-06-07 16:55:23_
--------
*a454e5e2228e97d806693c7e3200592c*
`登陆天数: 15天 / 653天
等级: 130
石头: 4011
呼符: 286
体力: 16329.36 / 138
友情点: 0 / 466505`
*連続ログイン1日目
※ログインが途切れるか、7日到達すると
1日目から再開されます*
`フレンドポイント X 2000
6月交換券(2024) X 1
`*螺旋証明世界 リリムハーロット ～喝采なき薔薇～ アンケート復刻版
開幕記念 ログインボーナス*
*開催期間中、1日1回 最大21回 ログインボーナスをプレゼント！*
`黄金の果実 X 1
`_2024-06-07 16:55:30_
--------
*33b7e8b7c55720467861a5516eab0566*
`登陆天数: 15天 / 652天
等级: 130
石头: 4012
呼符: 274
体力: 16329.383333333333 / 138
友情点: 0 / 468370`
*連続ログイン1日目
※ログインが途切れるか、7日到達すると
1日目から再開されます*
`フレンドポイント X 2000
6月交換券(2024) X 1
`*螺旋証明世界 リリムハーロット ～喝采なき薔薇～ アンケート復刻版
開幕記念 ログインボーナス*
*開催期間中、1日1回 最大21回 ログインボーナスをプレゼント！*
`黄金の果実 X 1
`_2024-06-07 16:55:38_
--------
*8d09061b925596bea85dad72de74d648*
`登陆天数: 15天 / 652天
等级: 130
石头: 3969
呼符: 302
体力: 16329.41 / 138
友情点: 0 / 468515`
*連続ログイン1日目
※ログインが途切れるか、7日到達すると
1日目から再開されます*
`フレンドポイント X 2000
6月交換券(2024) X 1
`*螺旋証明世界 リリムハーロット ～喝采なき薔薇～ アンケート復刻版
開幕記念 ログインボーナス*
*開催期間中、1日1回 最大21回 ログインボーナスをプレゼント！*
`黄金の果実 X 1
`_2024-06-07 16:55:45_
--------
*655e425127745c34b48399779b7fc007*
`登陆天数: 15天 / 653天
等级: 130
石头: 4017
呼符: 252
体力: 16329.433333333332 / 138
友情点: 0 / 466850`
*連続ログイン1日目
※ログインが途切れるか、7日到達すると
1日目から再開されます*
`フレンドポイント X 2000
6月交換券(2024) X 1
`*螺旋証明世界 リリムハーロット ～喝采なき薔薇～ アンケート復刻版
開幕記念 ログインボーナス*
*開催期間中、1日1回 最大21回 ログインボーナスをプレゼント！*
`黄金の果実 X 1
`_2024-06-07 16:55:53_
--------
*6e8a0efb98104c41161f02865a05c823*
`登陆天数: 15天 / 652天
等级: 130
石头: 4009
呼符: 305
体力: 16329.46 / 138
友情点: 0 / 468530`
*連続ログイン1日目
※ログインが途切れるか、7日到達すると
1日目から再開されます*
`フレンドポイント X 2000
6月交換券(2024) X 1
`*螺旋証明世界 リリムハーロット ～喝采なき薔薇～ アンケート復刻版
開幕記念 ログインボーナス*
*開催期間中、1日1回 最大21回 ログインボーナスをプレゼント！*
`黄金の果実 X 1
`_2024-06-07 16:56:01_
--------
*5cb9d8fd12616e6a944a9b70836a69e5*
`登陆天数: 15天 / 653天
等级: 130
石头: 4015
呼符: 244
体力: 16329.486666666666 / 138
友情点: 0 / 466595`
*連続ログイン1日目
※ログインが途切れるか、7日到達すると
1日目から再開されます*
`フレンドポイント X 2000
6月交換券(2024) X 1
`*螺旋証明世界 リリムハーロット ～喝采なき薔薇～ アンケート復刻版
開幕記念 ログインボーナス*
*開催期間中、1日1回 最大21回 ログインボーナスをプレゼント！*
`黄金の果実 X 1
`_2024-06-07 16:56:08_
--------
*8ce4ee5736fda5332fa2d3cafa76ee81*
`登陆天数: 15天 / 652天
等级: 130
石头: 4009
呼符: 321
体力: 16329.513333333334 / 138
友情点: 0 / 467780`
*連続ログイン1日目
※ログインが途切れるか、7日到達すると
1日目から再開されます*
`フレンドポイント X 2000
6月交換券(2024) X 1
`*螺旋証明世界 リリムハーロット ～喝采なき薔薇～ アンケート復刻版
開幕記念 ログインボーナス*
*開催期間中、1日1回 最大21回 ログインボーナスをプレゼント！*
`黄金の果実 X 1
`_2024-06-07 16:56:16_
--------
*dc13980c543b0835901781fd9002261d*
`登陆天数: 15天 / 652天
等级: 130
石头: 4024
呼符: 77
体力: 16329.536666666667 / 138
友情点: 0 / 470610`
*連続ログイン1日目
※ログインが途切れるか、7日到達すると
1日目から再開されます*
`フレンドポイント X 2000
6月交換券(2024) X 1
`*螺旋証明世界 リリムハーロット ～喝采なき薔薇～ アンケート復刻版
開幕記念 ログインボーナス*
*開催期間中、1日1回 最大21回 ログインボーナスをプレゼント！*
`黄金の果実 X 1
`_2024-06-07 16:56:24_
--------
*658018fc36eafa4d1869327387ba2b05*
`登陆天数: 15天 / 652天
等级: 130
石头: 4007
呼符: 193
体力: 16329.563333333334 / 138
友情点: 0 / 467895`
*連続ログイン1日目
※ログインが途切れるか、7日到達すると
1日目から再開されます*
`フレンドポイント X 2000
6月交換券(2024) X 1
`*螺旋証明世界 リリムハーロット ～喝采なき薔薇～ アンケート復刻版
開幕記念 ログインボーナス*
*開催期間中、1日1回 最大21回 ログインボーナスをプレゼント！*
`黄金の果実 X 1
`_2024-06-07 16:56:32_
--------
*64c4c896d18fe832631d4b472b70fb59*
`登陆天数: 15天 / 653天
等级: 130
石头: 4002
呼符: 120
体力: 16329.59 / 138
友情点: 0 / 466710`
*連続ログイン1日目
※ログインが途切れるか、7日到達すると
1日目から再開されます*
`フレンドポイント X 2000
6月交換券(2024) X 1
`*螺旋証明世界 リリムハーロット ～喝采なき薔薇～ アンケート復刻版
開幕記念 ログインボーナス*
*開催期間中、1日1回 最大21回 ログインボーナスをプレゼント！*
`黄金の果実 X 1
`_2024-06-07 16:56:39_
--------
*6586b4cd72ce8d9b67d0bff92e42eb89*
`登陆天数: 15天 / 653天
等级: 130
石头: 4013
呼符: 291
体力: 16329.613333333333 / 138
友情点: 0 / 467005`
*連続ログイン1日目
※ログインが途切れるか、7日到達すると
1日目から再開されます*
`フレンドポイント X 2000
6月交換券(2024) X 1
`*螺旋証明世界 リリムハーロット ～喝采なき薔薇～ アンケート復刻版
開幕記念 ログインボーナス*
*開催期間中、1日1回 最大21回 ログインボーナスをプレゼント！*
`黄金の果実 X 1
`_2024-06-07 16:56:47_
--------
*5daa4d76ed9e474769a50adafd05592a*
`登陆天数: 15天 / 652天
等级: 130
石头: 4020
呼符: 291
体力: 16329.64 / 138
友情点: 0 / 468900`
*連続ログイン1日目
※ログインが途切れるか、7日到達すると
1日目から再開されます*
`フレンドポイント X 2000
6月交換券(2024) X 1
`*螺旋証明世界 リリムハーロット ～喝采なき薔薇～ アンケート復刻版
開幕記念 ログインボーナス*
*開催期間中、1日1回 最大21回 ログインボーナスをプレゼント！*
`黄金の果実 X 1
`_2024-06-07 16:56:55_
--------
*48bd55dd186a623bf2ee43b460744580*
`登陆天数: 15天 / 653天
等级: 130
石头: 4018
呼符: 159
体力: 16329.663333333334 / 138
友情点: 0 / 465415`
*連続ログイン1日目
※ログインが途切れるか、7日到達すると
1日目から再開されます*
`フレンドポイント X 2000
6月交換券(2024) X 1
`*螺旋証明世界 リリムハーロット ～喝采なき薔薇～ アンケート復刻版
開幕記念 ログインボーナス*
*開催期間中、1日1回 最大21回 ログインボーナスをプレゼント！*
`黄金の果実 X 1
`_2024-06-07 16:57:02_
--------
*f6fe73e7d59e80ee979f0b4bb538af75*
`登陆天数: 15天 / 653天
等级: 130
石头: 4006
呼符: 263
体力: 16329.69 / 138
友情点: 0 / 467775`
*連続ログイン1日目
※ログインが途切れるか、7日到達すると
1日目から再開されます*
`フレンドポイント X 2000
6月交換券(2024) X 1
`*螺旋証明世界 リリムハーロット ～喝采なき薔薇～ アンケート復刻版
開幕記念 ログインボーナス*
*開催期間中、1日1回 最大21回 ログインボーナスをプレゼント！*
`黄金の果実 X 1
`_2024-06-07 16:57:10_
--------
*275480bee21d7e3e235370919f352a8d*
`登陆天数: 15天 / 652天
等级: 130
石头: 4011
呼符: 154
体力: 16329.713333333333 / 138
友情点: 0 / 468440`
*連続ログイン1日目
※ログインが途切れるか、7日到達すると
1日目から再開されます*
`フレンドポイント X 2000
6月交換券(2024) X 1
`*螺旋証明世界 リリムハーロット ～喝采なき薔薇～ アンケート復刻版
開幕記念 ログインボーナス*
*開催期間中、1日1回 最大21回 ログインボーナスをプレゼント！*
`黄金の果実 X 1
`_2024-06-07 16:57:17_
--------
*5977d6e04a944ed5b81b79b2845ba2b0*
`登陆天数: 15天 / 653天
等级: 130
石头: 4008
呼符: 267
体力: 16329.743333333334 / 138
友情点: 0 / 466880`
*連続ログイン1日目
※ログインが途切れるか、7日到達すると
1日目から再開されます*
`フレンドポイント X 2000
6月交換券(2024) X 1
`*螺旋証明世界 リリムハーロット ～喝采なき薔薇～ アンケート復刻版
開幕記念 ログインボーナス*
*開催期間中、1日1回 最大21回 ログインボーナスをプレゼント！*
`黄金の果実 X 1
`_2024-06-07 16:57:25_
--------
