【登录信息】
*3a5ce68e3040b831f27a2482965a0981*
`登陆天数: 19天 / 656天
等级: 130
石头: 4028
呼符: 198
体力: 20.483333333333334 / 138
友情点: 0 / 467640`
_2024-06-11 04:32:57_
--------
*0b326b80ee90ddc5c0586133d7576851*
`登陆天数: 19天 / 656天
等级: 130
石头: 4065
呼符: 307
体力: 20.446666666666673 / 138
友情点: 0 / 470580`
_2024-06-11 04:33:05_
--------
*74697c3823f19d7fab61246545eb0ede*
`登陆天数: 19天 / 656天
等级: 130
石头: 4064
呼符: 232
体力: 20.413333333333327 / 138
友情点: 0 / 468190`
_2024-06-11 04:33:13_
--------
*e4fb0c2b4c8352a2ae1be7f8ccdf6d36*
`登陆天数: 19天 / 657天
等级: 130
石头: 4065
呼符: 146
体力: 20.38666666666667 / 138
友情点: 0 / 468630`
_2024-06-11 04:33:21_
--------
*6ab709d32466f51ec4fa1341b9165ccc*
`登陆天数: 19天 / 657天
等级: 130
石头: 4067
呼符: 171
体力: 20.35333333333334 / 138
友情点: 0 / 469970`
_2024-06-11 04:33:29_
--------
*0a48075c965ad40cbadccf165e92da4f*
`登陆天数: 19天 / 657天
等级: 130
石头: 4057
呼符: 132
体力: 20.319999999999993 / 138
友情点: 0 / 469635`
_2024-06-11 04:33:37_
--------
*be925f73d81d0d6d33e9718900ceb739*
`登陆天数: 19天 / 656天
等级: 130
石头: 4062
呼符: 294
体力: 20.290000000000006 / 138
友情点: 0 / 469355`
_2024-06-11 04:33:46_
--------
*38d7d228036e9dc76c0c1db83328d53b*
`登陆天数: 19天 / 656天
等级: 130
石头: 4050
呼符: 93
体力: 20.263333333333335 / 138
友情点: 0 / 468355`
_2024-06-11 04:33:54_
--------
*c5af6c5b4703f2189c4e0e2f87483127*
`登陆天数: 19天 / 656天
等级: 130
石头: 4073
呼符: 281
体力: 20.230000000000004 / 138
友情点: 0 / 467370`
_2024-06-11 04:34:02_
--------
*eb2e91264e84159f941f5f937e03c737*
`登陆天数: 19天 / 657天
等级: 130
石头: 4057
呼符: 302
体力: 20.200000000000003 / 138
友情点: 0 / 469245`
_2024-06-11 04:34:10_
--------
*38631be9ab728195d00806c3137f9b21*
`登陆天数: 19天 / 657天
等级: 130
石头: 4062
呼符: 113
体力: 20.173333333333332 / 138
友情点: 0 / 468990`
_2024-06-11 04:34:18_
--------
*fe865e3fd213fe4b3a9ba045c6662468*
`登陆天数: 19天 / 657天
等级: 130
石头: 4067
呼符: 314
体力: 20.14 / 138
友情点: 0 / 468690`
_2024-06-11 04:34:26_
--------
*c4c934f9e7ef5715f8c62c6e6c9123b3*
`登陆天数: 19天 / 657天
等级: 130
石头: 4071
呼符: 277
体力: 20.11 / 138
友情点: 0 / 469155`
_2024-06-11 04:34:33_
--------
*ce8f9a13fa8e76708d380b36003f9cd5*
`登陆天数: 19天 / 656天
等级: 130
石头: 4053
呼符: 33
体力: 20.08 / 138
友情点: 0 / 471650`
_2024-06-11 04:34:41_
--------
*e5c48960da70eba0f4f8d0d510bf78e0*
`登陆天数: 19天 / 657天
等级: 130
石头: 4055
呼符: 329
体力: 20.049999999999997 / 138
友情点: 0 / 468095`
_2024-06-11 04:34:50_
--------
*4405af549ce443ef2f7976696d661866*
`登陆天数: 19天 / 657天
等级: 130
石头: 4060
呼符: 310
体力: 20.019999999999996 / 138
友情点: 0 / 469420`
_2024-06-11 04:34:57_
--------
*e2921bcf04080e3dd1aacb3c12380f67*
`登陆天数: 19天 / 656天
等级: 130
石头: 4061
呼符: 188
体力: 19.983333333333334 / 138
友情点: 0 / 470175`
_2024-06-11 04:35:05_
--------
*b0886b7f1d6e841b7a5e91cc243e5f8c*
`登陆天数: 19天 / 656天
等级: 130
石头: 4098
呼符: 276
体力: 19.953333333333333 / 138
友情点: 0 / 468800`
_2024-06-11 04:35:13_
--------
*66a0e7157fe05c26b21583029d728d32*
`登陆天数: 19天 / 657天
等级: 130
石头: 4057
呼符: 34
体力: 19.92 / 138
友情点: 0 / 468270`
_2024-06-11 04:35:20_
--------
*5f40697aa041c6b426bfcfeca1ca12c1*
`登陆天数: 19天 / 657天
等级: 130
石头: 4062
呼符: 262
体力: 19.89 / 138
友情点: 0 / 468115`
_2024-06-11 04:35:28_
--------
*9c1892e397d191d6fcc7dc5dc5be71f0*
`登陆天数: 19天 / 656天
等级: 130
石头: 4067
呼符: 44
体力: 19.85666666666667 / 138
友情点: 0 / 470285`
_2024-06-11 04:35:36_
--------
*01d2b872fec2a66c79d57c37292eabc5*
`登陆天数: 19天 / 656天
等级: 130
石头: 4058
呼符: 256
体力: 19.826666666666668 / 138
友情点: 0 / 468580`
_2024-06-11 04:35:44_
--------
*37d0bc24afdfa1c17d94783735b0484e*
`登陆天数: 19天 / 657天
等级: 130
石头: 4063
呼符: 81
体力: 19.796666666666667 / 138
友情点: 0 / 467950`
_2024-06-11 04:35:51_
--------
*5d190817063a3e0f13b56309b7dc6cfa*
`登陆天数: 19天 / 656天
等级: 130
石头: 4056
呼符: 33
体力: 19.766666666666666 / 138
友情点: 0 / 468755`
_2024-06-11 04:35:59_
--------
*0801d21be993356fcda0fb223ae3ca29*
`登陆天数: 19天 / 657天
等级: 130
石头: 4061
呼符: 292
体力: 19.733333333333334 / 138
友情点: 0 / 469365`
_2024-06-11 04:36:08_
--------
*bdb7cac1e658d382ed7bfa28c9582d2c*
`登陆天数: 19天 / 657天
等级: 130
石头: 4063
呼符: 330
体力: 19.703333333333333 / 138
友情点: 0 / 468260`
_2024-06-11 04:36:16_
--------
*2475c49cf312801248bc8b2f02851347*
`登陆天数: 19天 / 657天
等级: 130
石头: 4061
呼符: 34
体力: 19.673333333333332 / 138
友情点: 0 / 468410`
_2024-06-11 04:36:24_
--------
*da3c25d877439cd5268ebb87300de979*
`登陆天数: 19天 / 657天
等级: 130
石头: 4069
呼符: 295
体力: 19.64 / 138
友情点: 0 / 468005`
_2024-06-11 04:36:32_
--------
*028860528d87d1439bb910bbf58d0bb7*
`登陆天数: 19天 / 657天
等级: 130
石头: 4067
呼符: 227
体力: 19.61333333333333 / 138
友情点: 0 / 471185`
_2024-06-11 04:36:40_
--------
*8be2f971c62e79b5fdf7440165c58b71*
`登陆天数: 19天 / 656天
等级: 130
石头: 4068
呼符: 175
体力: 19.58 / 138
友情点: 0 / 468095`
_2024-06-11 04:36:48_
--------
*367ea55797900054de95a953ff644e8a*
`登陆天数: 19天 / 657天
等级: 130
石头: 4062
呼符: 278
体力: 19.549999999999997 / 138
友情点: 0 / 470280`
_2024-06-11 04:36:56_
--------
*b842cec75470f055070b0695c4c63276*
`登陆天数: 19天 / 657天
等级: 130
石头: 4073
呼符: 300
体力: 19.523333333333326 / 138
友情点: 0 / 469080`
_2024-06-11 04:37:04_
--------
*ddfd3d053ad9760065ab28dce632ddf2*
`登陆天数: 19天 / 656天
等级: 130
石头: 4067
呼符: 310
体力: 19.49333333333334 / 138
友情点: 0 / 469140`
_2024-06-11 04:37:12_
--------
*cfc6f5db8c35c873efe5e926f6ed3823*
`登陆天数: 19天 / 657天
等级: 130
石头: 4060
呼符: 252
体力: 19.456666666666663 / 138
友情点: 0 / 469300`
_2024-06-11 04:37:20_
--------
*a454e5e2228e97d806693c7e3200592c*
`登陆天数: 19天 / 657天
等级: 130
石头: 4061
呼符: 295
体力: 19.426666666666662 / 138
友情点: 0 / 468505`
_2024-06-11 04:37:28_
--------
*33b7e8b7c55720467861a5516eab0566*
`登陆天数: 19天 / 656天
等级: 130
石头: 4064
呼符: 283
体力: 19.39666666666666 / 138
友情点: 0 / 468370`
_2024-06-11 04:37:36_
--------
*8d09061b925596bea85dad72de74d648*
`登陆天数: 19天 / 656天
等级: 130
石头: 4021
呼符: 311
体力: 19.36333333333333 / 138
友情点: 0 / 468515`
_2024-06-11 04:37:44_
--------
*655e425127745c34b48399779b7fc007*
`登陆天数: 19天 / 657天
等级: 130
石头: 4067
呼符: 261
体力: 19.33 / 138
友情点: 0 / 468850`
_2024-06-11 04:37:52_
--------
*6e8a0efb98104c41161f02865a05c823*
`登陆天数: 19天 / 656天
等级: 130
石头: 4061
呼符: 314
体力: 19.299999999999997 / 138
友情点: 0 / 468530`
_2024-06-11 04:38:00_
--------
*5cb9d8fd12616e6a944a9b70836a69e5*
`登陆天数: 19天 / 657天
等级: 130
石头: 4065
呼符: 253
体力: 19.269999999999996 / 138
友情点: 0 / 468595`
_2024-06-11 04:38:08_
--------
*8ce4ee5736fda5332fa2d3cafa76ee81*
`登陆天数: 19天 / 656天
等级: 130
石头: 4061
呼符: 330
体力: 19.236666666666665 / 138
友情点: 0 / 467780`
_2024-06-11 04:38:16_
--------
*dc13980c543b0835901781fd9002261d*
`登陆天数: 19天 / 656天
等级: 130
石头: 4076
呼符: 86
体力: 19.206666666666663 / 138
友情点: 0 / 470610`
_2024-06-11 04:38:24_
--------
*658018fc36eafa4d1869327387ba2b05*
`登陆天数: 19天 / 656天
等级: 130
石头: 4059
呼符: 202
体力: 19.173333333333332 / 138
友情点: 0 / 467895`
_2024-06-11 04:38:31_
--------
*64c4c896d18fe832631d4b472b70fb59*
`登陆天数: 19天 / 657天
等级: 130
石头: 4052
呼符: 129
体力: 19.14333333333333 / 138
友情点: 0 / 468710`
_2024-06-11 04:38:39_
--------
*6586b4cd72ce8d9b67d0bff92e42eb89*
`登陆天数: 19天 / 657天
等级: 130
石头: 4063
呼符: 300
体力: 19.11 / 138
友情点: 0 / 469005`
_2024-06-11 04:38:47_
--------
*5daa4d76ed9e474769a50adafd05592a*
`登陆天数: 19天 / 656天
等级: 130
石头: 4072
呼符: 300
体力: 19.076666666666668 / 138
友情点: 0 / 468900`
_2024-06-11 04:38:55_
--------
*48bd55dd186a623bf2ee43b460744580*
`登陆天数: 19天 / 657天
等级: 130
石头: 4068
呼符: 168
体力: 19.043333333333337 / 138
友情点: 0 / 467415`
_2024-06-11 04:39:03_
--------
*f6fe73e7d59e80ee979f0b4bb538af75*
`登陆天数: 19天 / 657天
等级: 130
石头: 4056
呼符: 272
体力: 19.010000000000005 / 138
友情点: 0 / 469775`
_2024-06-11 04:39:11_
--------
*275480bee21d7e3e235370919f352a8d*
`登陆天数: 19天 / 656天
等级: 130
石头: 4063
呼符: 163
体力: 18.980000000000004 / 138
友情点: 0 / 468440`
_2024-06-11 04:39:19_
--------
*5977d6e04a944ed5b81b79b2845ba2b0*
`登陆天数: 19天 / 657天
等级: 130
石头: 4008
呼符: 267
体力: 17334.146666666667 / 138
友情点: 0 / 466880`
_2024-06-11 04:39:26_
--------
