【登录信息】
*3a5ce68e3040b831f27a2482965a0981*
`登陆天数: 20天 / 657天
等级: 130
石头: 4030
呼符: 198
体力: 28.090000000000003 / 138
友情点: 0 / 461640`
_2024-06-12 04:31:00_
--------
*0b326b80ee90ddc5c0586133d7576851*
`登陆天数: 20天 / 657天
等级: 130
石头: 4067
呼符: 307
体力: 28.053333333333327 / 138
友情点: 0 / 464580`
_2024-06-12 04:31:07_
--------
*74697c3823f19d7fab61246545eb0ede*
`登陆天数: 20天 / 657天
等级: 130
石头: 4066
呼符: 232
体力: 28.019999999999996 / 138
友情点: 0 / 462190`
_2024-06-12 04:31:15_
--------
*e4fb0c2b4c8352a2ae1be7f8ccdf6d36*
`登陆天数: 20天 / 658天
等级: 130
石头: 4067
呼符: 146
体力: 27.989999999999995 / 138
友情点: 0 / 462630`
_2024-06-12 04:31:22_
--------
*6ab709d32466f51ec4fa1341b9165ccc*
`登陆天数: 20天 / 658天
等级: 130
石头: 4069
呼符: 171
体力: 27.956666666666663 / 138
友情点: 0 / 463970`
_2024-06-12 04:31:30_
--------
*0a48075c965ad40cbadccf165e92da4f*
`登陆天数: 20天 / 658天
等级: 130
石头: 4059
呼符: 132
体力: 27.92 / 138
友情点: 0 / 463635`
_2024-06-12 04:31:38_
--------
*be925f73d81d0d6d33e9718900ceb739*
`登陆天数: 20天 / 657天
等级: 130
石头: 4064
呼符: 294
体力: 27.89 / 138
友情点: 0 / 463355`
_2024-06-12 04:31:45_
--------
*38d7d228036e9dc76c0c1db83328d53b*
`登陆天数: 20天 / 657天
等级: 130
石头: 4052
呼符: 93
体力: 27.85666666666667 / 138
友情点: 0 / 462355`
_2024-06-12 04:31:53_
--------
*c5af6c5b4703f2189c4e0e2f87483127*
`登陆天数: 20天 / 657天
等级: 130
石头: 4075
呼符: 281
体力: 27.823333333333338 / 138
友情点: 0 / 461370`
_2024-06-12 04:32:01_
--------
*eb2e91264e84159f941f5f937e03c737*
`登陆天数: 20天 / 658天
等级: 130
石头: 4059
呼符: 302
体力: 27.793333333333337 / 138
友情点: 0 / 463245`
_2024-06-12 04:32:08_
--------
*38631be9ab728195d00806c3137f9b21*
`登陆天数: 20天 / 658天
等级: 130
石头: 4064
呼符: 113
体力: 27.763333333333335 / 138
友情点: 0 / 462990`
_2024-06-12 04:32:16_
--------
*fe865e3fd213fe4b3a9ba045c6662468*
`登陆天数: 20天 / 658天
等级: 130
石头: 4069
呼符: 314
体力: 27.733333333333334 / 138
友情点: 0 / 462690`
_2024-06-12 04:32:24_
--------
*c4c934f9e7ef5715f8c62c6e6c9123b3*
`登陆天数: 20天 / 658天
等级: 130
石头: 4073
呼符: 277
体力: 27.703333333333333 / 138
友情点: 0 / 463155`
_2024-06-12 04:32:31_
--------
*ce8f9a13fa8e76708d380b36003f9cd5*
`登陆天数: 20天 / 657天
等级: 130
石头: 4055
呼符: 33
体力: 27.67 / 138
友情点: 0 / 465650`
_2024-06-12 04:32:39_
--------
*e5c48960da70eba0f4f8d0d510bf78e0*
`登陆天数: 20天 / 658天
等级: 130
石头: 4057
呼符: 329
体力: 27.64 / 138
友情点: 0 / 462095`
_2024-06-12 04:32:47_
--------
*4405af549ce443ef2f7976696d661866*
`登陆天数: 20天 / 658天
等级: 130
石头: 4062
呼符: 310
体力: 27.61 / 138
友情点: 0 / 463420`
_2024-06-12 04:32:54_
--------
*e2921bcf04080e3dd1aacb3c12380f67*
`登陆天数: 20天 / 657天
等级: 130
石头: 4063
呼符: 188
体力: 27.576666666666668 / 138
友情点: 0 / 464175`
_2024-06-12 04:33:02_
--------
*b0886b7f1d6e841b7a5e91cc243e5f8c*
`登陆天数: 20天 / 657天
等级: 130
石头: 4100
呼符: 276
体力: 27.543333333333337 / 138
友情点: 0 / 462800`
_2024-06-12 04:33:10_
--------
*66a0e7157fe05c26b21583029d728d32*
`登陆天数: 20天 / 658天
等级: 130
石头: 4059
呼符: 34
体力: 27.510000000000005 / 138
友情点: 0 / 462270`
_2024-06-12 04:33:18_
--------
*5f40697aa041c6b426bfcfeca1ca12c1*
`登陆天数: 20天 / 658天
等级: 130
石头: 4064
呼符: 262
体力: 27.480000000000004 / 138
友情点: 0 / 462115`
_2024-06-12 04:33:26_
--------
*9c1892e397d191d6fcc7dc5dc5be71f0*
`登陆天数: 20天 / 657天
等级: 130
石头: 4069
呼符: 44
体力: 27.450000000000003 / 138
友情点: 0 / 464285`
_2024-06-12 04:33:33_
--------
*01d2b872fec2a66c79d57c37292eabc5*
`登陆天数: 20天 / 657天
等级: 130
石头: 4060
呼符: 256
体力: 27.41666666666667 / 138
友情点: 0 / 462580`
_2024-06-12 04:33:41_
--------
*37d0bc24afdfa1c17d94783735b0484e*
`登陆天数: 20天 / 658天
等级: 130
石头: 4065
呼符: 81
体力: 27.38666666666667 / 138
友情点: 0 / 461950`
_2024-06-12 04:33:49_
--------
*5d190817063a3e0f13b56309b7dc6cfa*
`登陆天数: 20天 / 657天
等级: 130
石头: 4058
呼符: 33
体力: 27.35666666666667 / 138
友情点: 0 / 462755`
_2024-06-12 04:33:56_
--------
*0801d21be993356fcda0fb223ae3ca29*
`登陆天数: 20天 / 658天
等级: 130
石头: 4063
呼符: 292
体力: 27.323333333333338 / 138
友情点: 0 / 463365`
_2024-06-12 04:34:04_
--------
*bdb7cac1e658d382ed7bfa28c9582d2c*
`登陆天数: 20天 / 658天
等级: 130
石头: 4065
呼符: 330
体力: 27.290000000000006 / 138
友情点: 0 / 462260`
_2024-06-12 04:34:12_
--------
*2475c49cf312801248bc8b2f02851347*
`登陆天数: 20天 / 658天
等级: 130
石头: 4063
呼符: 34
体力: 27.260000000000005 / 138
友情点: 0 / 462410`
_2024-06-12 04:34:20_
--------
*da3c25d877439cd5268ebb87300de979*
`登陆天数: 20天 / 658天
等级: 130
石头: 4071
呼符: 295
体力: 27.226666666666674 / 138
友情点: 0 / 462005`
_2024-06-12 04:34:27_
--------
*028860528d87d1439bb910bbf58d0bb7*
`登陆天数: 20天 / 658天
等级: 130
石头: 4069
呼符: 227
体力: 27.193333333333328 / 138
友情点: 0 / 465185`
_2024-06-12 04:34:35_
--------
*8be2f971c62e79b5fdf7440165c58b71*
`登陆天数: 20天 / 657天
等级: 130
石头: 4070
呼符: 175
体力: 27.163333333333327 / 138
友情点: 0 / 462095`
_2024-06-12 04:34:42_
--------
*367ea55797900054de95a953ff644e8a*
`登陆天数: 20天 / 658天
等级: 130
石头: 4064
呼符: 278
体力: 27.13333333333334 / 138
友情点: 0 / 464280`
_2024-06-12 04:34:50_
--------
*b842cec75470f055070b0695c4c63276*
`登陆天数: 20天 / 658天
等级: 130
石头: 4075
呼符: 300
体力: 27.099999999999994 / 138
友情点: 0 / 463080`
_2024-06-12 04:34:58_
--------
*ddfd3d053ad9760065ab28dce632ddf2*
`登陆天数: 20天 / 657天
等级: 130
石头: 4069
呼符: 310
体力: 27.069999999999993 / 138
友情点: 0 / 463140`
_2024-06-12 04:35:06_
--------
*cfc6f5db8c35c873efe5e926f6ed3823*
`登陆天数: 20天 / 658天
等级: 130
石头: 4062
呼符: 252
体力: 27.03666666666666 / 138
友情点: 0 / 463300`
_2024-06-12 04:35:14_
--------
*a454e5e2228e97d806693c7e3200592c*
`登陆天数: 20天 / 658天
等级: 130
石头: 4063
呼符: 295
体力: 27.00666666666666 / 138
友情点: 0 / 462505`
_2024-06-12 04:35:21_
--------
*33b7e8b7c55720467861a5516eab0566*
`登陆天数: 20天 / 657天
等级: 130
石头: 4066
呼符: 283
体力: 26.97 / 138
友情点: 0 / 462370`
_2024-06-12 04:35:29_
--------
*8d09061b925596bea85dad72de74d648*
`登陆天数: 20天 / 657天
等级: 130
石头: 4023
呼符: 311
体力: 26.939999999999998 / 138
友情点: 0 / 462515`
_2024-06-12 04:35:37_
--------
*655e425127745c34b48399779b7fc007*
`登陆天数: 20天 / 658天
等级: 130
石头: 4069
呼符: 261
体力: 26.903333333333336 / 138
友情点: 0 / 462850`
_2024-06-12 04:35:44_
--------
*6e8a0efb98104c41161f02865a05c823*
`登陆天数: 20天 / 657天
等级: 130
石头: 4063
呼符: 314
体力: 26.873333333333335 / 138
友情点: 0 / 462530`
_2024-06-12 04:35:52_
--------
*5cb9d8fd12616e6a944a9b70836a69e5*
`登陆天数: 20天 / 658天
等级: 130
石头: 4067
呼符: 253
体力: 26.840000000000003 / 138
友情点: 0 / 462595`
_2024-06-12 04:35:59_
--------
*8ce4ee5736fda5332fa2d3cafa76ee81*
`登陆天数: 20天 / 657天
等级: 130
石头: 4063
呼符: 330
体力: 26.810000000000002 / 138
友情点: 0 / 461780`
_2024-06-12 04:36:07_
--------
*dc13980c543b0835901781fd9002261d*
`登陆天数: 20天 / 657天
等级: 130
石头: 4078
呼符: 86
体力: 26.77666666666667 / 138
友情点: 0 / 464610`
_2024-06-12 04:36:15_
--------
*658018fc36eafa4d1869327387ba2b05*
`登陆天数: 20天 / 657天
等级: 130
石头: 4061
呼符: 202
体力: 26.74333333333334 / 138
友情点: 0 / 461895`
_2024-06-12 04:36:23_
--------
*64c4c896d18fe832631d4b472b70fb59*
`登陆天数: 20天 / 658天
等级: 130
石头: 4054
呼符: 129
体力: 26.709999999999994 / 138
友情点: 0 / 462710`
_2024-06-12 04:36:30_
--------
*6586b4cd72ce8d9b67d0bff92e42eb89*
`登陆天数: 20天 / 658天
等级: 130
石头: 4065
呼符: 300
体力: 26.676666666666662 / 138
友情点: 0 / 463005`
_2024-06-12 04:36:38_
--------
*5daa4d76ed9e474769a50adafd05592a*
`登陆天数: 20天 / 657天
等级: 130
石头: 4074
呼符: 300
体力: 26.64 / 138
友情点: 0 / 462900`
_2024-06-12 04:36:45_
--------
*48bd55dd186a623bf2ee43b460744580*
`登陆天数: 20天 / 658天
等级: 130
石头: 4070
呼符: 168
体力: 26.61 / 138
友情点: 0 / 461415`
_2024-06-12 04:36:53_
--------
*f6fe73e7d59e80ee979f0b4bb538af75*
`登陆天数: 20天 / 658天
等级: 130
石头: 4058
呼符: 272
体力: 26.576666666666668 / 138
友情点: 0 / 463775`
_2024-06-12 04:37:00_
--------
*275480bee21d7e3e235370919f352a8d*
`登陆天数: 20天 / 657天
等级: 130
石头: 4065
呼符: 163
体力: 26.543333333333337 / 138
友情点: 0 / 462440`
_2024-06-12 04:37:08_
--------
*5977d6e04a944ed5b81b79b2845ba2b0*
`登陆天数: 20天 / 658天
等级: 130
石头: 4060
呼符: 276
体力: 31.316666666666663 / 138
友情点: 0 / 470880`
_2024-06-12 04:37:16_
--------
