【登录信息】
*3a5ce68e3040b831f27a2482965a0981*
`登陆天数: 21天 / 658天
等级: 130
石头: 4030
呼符: 199
体力: 30.546666666666667 / 138
友情点: 0 / 455640`
_2024-06-13 04:32:00_
--------
*0b326b80ee90ddc5c0586133d7576851*
`登陆天数: 21天 / 658天
等级: 130
石头: 4067
呼符: 308
体力: 30.516666666666666 / 138
友情点: 0 / 458580`
_2024-06-13 04:32:08_
--------
*74697c3823f19d7fab61246545eb0ede*
`登陆天数: 21天 / 658天
等级: 130
石头: 4066
呼符: 233
体力: 30.489999999999995 / 138
友情点: 0 / 456190`
_2024-06-13 04:32:16_
--------
*e4fb0c2b4c8352a2ae1be7f8ccdf6d36*
`登陆天数: 21天 / 659天
等级: 130
石头: 4067
呼符: 147
体力: 30.46333333333334 / 138
友情点: 0 / 456630`
_2024-06-13 04:32:23_
--------
*6ab709d32466f51ec4fa1341b9165ccc*
`登陆天数: 21天 / 659天
等级: 130
石头: 4069
呼符: 172
体力: 30.433333333333337 / 138
友情点: 0 / 457970`
_2024-06-13 04:32:31_
--------
*0a48075c965ad40cbadccf165e92da4f*
`登陆天数: 21天 / 659天
等级: 130
石头: 4059
呼符: 133
体力: 30.406666666666666 / 138
友情点: 0 / 457635`
_2024-06-13 04:32:38_
--------
*be925f73d81d0d6d33e9718900ceb739*
`登陆天数: 21天 / 658天
等级: 130
石头: 4064
呼符: 295
体力: 30.376666666666665 / 138
友情点: 0 / 457355`
_2024-06-13 04:32:46_
--------
*38d7d228036e9dc76c0c1db83328d53b*
`登陆天数: 21天 / 658天
等级: 130
石头: 4052
呼符: 94
体力: 30.346666666666664 / 138
友情点: 0 / 456355`
_2024-06-13 04:32:54_
--------
*c5af6c5b4703f2189c4e0e2f87483127*
`登陆天数: 21天 / 658天
等级: 130
石头: 4075
呼符: 282
体力: 30.323333333333338 / 138
友情点: 0 / 455370`
_2024-06-13 04:33:02_
--------
*eb2e91264e84159f941f5f937e03c737*
`登陆天数: 21天 / 659天
等级: 130
石头: 4059
呼符: 303
体力: 30.296666666666667 / 138
友情点: 0 / 457245`
_2024-06-13 04:33:10_
--------
*38631be9ab728195d00806c3137f9b21*
`登陆天数: 21天 / 659天
等级: 130
石头: 4064
呼符: 114
体力: 30.266666666666666 / 138
友情点: 0 / 456990`
_2024-06-13 04:33:18_
--------
*fe865e3fd213fe4b3a9ba045c6662468*
`登陆天数: 21天 / 659天
等级: 130
石头: 4069
呼符: 315
体力: 30.239999999999995 / 138
友情点: 0 / 456690`
_2024-06-13 04:33:26_
--------
*c4c934f9e7ef5715f8c62c6e6c9123b3*
`登陆天数: 21天 / 659天
等级: 130
石头: 4073
呼符: 278
体力: 30.21333333333334 / 138
友情点: 0 / 457155`
_2024-06-13 04:33:34_
--------
*ce8f9a13fa8e76708d380b36003f9cd5*
`登陆天数: 21天 / 658天
等级: 130
石头: 4055
呼符: 34
体力: 30.186666666666667 / 138
友情点: 0 / 459650`
_2024-06-13 04:33:42_
--------
*e5c48960da70eba0f4f8d0d510bf78e0*
`登陆天数: 21天 / 659天
等级: 130
石头: 4057
呼符: 330
体力: 30.163333333333327 / 138
友情点: 0 / 456095`
_2024-06-13 04:33:49_
--------
*4405af549ce443ef2f7976696d661866*
`登陆天数: 21天 / 659天
等级: 130
石头: 4062
呼符: 311
体力: 30.13333333333334 / 138
友情点: 0 / 457420`
_2024-06-13 04:33:57_
--------
*e2921bcf04080e3dd1aacb3c12380f67*
`登陆天数: 21天 / 658天
等级: 130
石头: 4063
呼符: 189
体力: 30.10666666666667 / 138
友情点: 0 / 458175`
_2024-06-13 04:34:06_
--------
*b0886b7f1d6e841b7a5e91cc243e5f8c*
`登陆天数: 21天 / 658天
等级: 130
石头: 4100
呼符: 277
体力: 30.08333333333333 / 138
友情点: 0 / 456800`
_2024-06-13 04:34:13_
--------
*66a0e7157fe05c26b21583029d728d32*
`登陆天数: 21天 / 659天
等级: 130
石头: 4059
呼符: 35
体力: 30.056666666666672 / 138
友情点: 0 / 456270`
_2024-06-13 04:34:21_
--------
*5f40697aa041c6b426bfcfeca1ca12c1*
`登陆天数: 21天 / 659天
等级: 130
石头: 4064
呼符: 263
体力: 30.03 / 138
友情点: 0 / 456115`
_2024-06-13 04:34:29_
--------
*9c1892e397d191d6fcc7dc5dc5be71f0*
`登陆天数: 21天 / 658天
等级: 130
石头: 4069
呼符: 45
体力: 30.0 / 138
友情点: 0 / 458285`
_2024-06-13 04:34:37_
--------
*01d2b872fec2a66c79d57c37292eabc5*
`登陆天数: 21天 / 658天
等级: 130
石头: 4060
呼符: 257
体力: 29.97333333333333 / 138
友情点: 0 / 456580`
_2024-06-13 04:34:45_
--------
*37d0bc24afdfa1c17d94783735b0484e*
`登陆天数: 21天 / 659天
等级: 130
石头: 4065
呼符: 82
体力: 29.950000000000003 / 138
友情点: 0 / 455950`
_2024-06-13 04:34:52_
--------
*5d190817063a3e0f13b56309b7dc6cfa*
`登陆天数: 21天 / 658天
等级: 130
石头: 4058
呼符: 34
体力: 29.92 / 138
友情点: 0 / 456755`
_2024-06-13 04:35:00_
--------
*0801d21be993356fcda0fb223ae3ca29*
`登陆天数: 21天 / 659天
等级: 130
石头: 4063
呼符: 293
体力: 29.89666666666666 / 138
友情点: 0 / 457365`
_2024-06-13 04:35:08_
--------
*bdb7cac1e658d382ed7bfa28c9582d2c*
`登陆天数: 21天 / 659天
等级: 130
石头: 4065
呼符: 331
体力: 29.870000000000005 / 138
友情点: 0 / 456260`
_2024-06-13 04:35:16_
--------
*2475c49cf312801248bc8b2f02851347*
`登陆天数: 21天 / 659天
等级: 130
石头: 4063
呼符: 35
体力: 29.840000000000003 / 138
友情点: 0 / 456410`
_2024-06-13 04:35:24_
--------
*da3c25d877439cd5268ebb87300de979*
`登陆天数: 21天 / 659天
等级: 130
石头: 4071
呼符: 296
体力: 29.813333333333333 / 138
友情点: 0 / 456005`
_2024-06-13 04:35:32_
--------
*028860528d87d1439bb910bbf58d0bb7*
`登陆天数: 21天 / 659天
等级: 130
石头: 4069
呼符: 228
体力: 29.78666666666666 / 138
友情点: 0 / 459185`
_2024-06-13 04:35:39_
--------
*8be2f971c62e79b5fdf7440165c58b71*
`登陆天数: 21天 / 658天
等级: 130
石头: 4070
呼符: 176
体力: 29.760000000000005 / 138
友情点: 0 / 456095`
_2024-06-13 04:35:47_
--------
*367ea55797900054de95a953ff644e8a*
`登陆天数: 21天 / 659天
等级: 130
石头: 4064
呼符: 279
体力: 29.733333333333334 / 138
友情点: 0 / 458280`
_2024-06-13 04:35:55_
--------
*b842cec75470f055070b0695c4c63276*
`登陆天数: 21天 / 659天
等级: 130
石头: 4075
呼符: 301
体力: 29.706666666666663 / 138
友情点: 0 / 457080`
_2024-06-13 04:36:03_
--------
*ddfd3d053ad9760065ab28dce632ddf2*
`登陆天数: 21天 / 658天
等级: 130
石头: 4069
呼符: 311
体力: 29.680000000000007 / 138
友情点: 0 / 457140`
_2024-06-13 04:36:11_
--------
*cfc6f5db8c35c873efe5e926f6ed3823*
`登陆天数: 21天 / 659天
等级: 130
石头: 4062
呼符: 253
体力: 29.656666666666666 / 138
友情点: 0 / 457300`
_2024-06-13 04:36:19_
--------
*a454e5e2228e97d806693c7e3200592c*
`登陆天数: 21天 / 659天
等级: 130
石头: 4063
呼符: 296
体力: 29.626666666666665 / 138
友情点: 0 / 456505`
_2024-06-13 04:36:27_
--------
*33b7e8b7c55720467861a5516eab0566*
`登陆天数: 21天 / 658天
等级: 130
石头: 4066
呼符: 284
体力: 29.599999999999994 / 138
友情点: 0 / 456370`
_2024-06-13 04:36:35_
--------
*8d09061b925596bea85dad72de74d648*
`登陆天数: 21天 / 658天
等级: 130
石头: 4023
呼符: 312
体力: 29.576666666666668 / 138
友情点: 0 / 456515`
_2024-06-13 04:36:42_
--------
*655e425127745c34b48399779b7fc007*
`登陆天数: 21天 / 659天
等级: 130
石头: 4069
呼符: 262
体力: 29.546666666666667 / 138
友情点: 0 / 456850`
_2024-06-13 04:36:50_
--------
*6e8a0efb98104c41161f02865a05c823*
`登陆天数: 21天 / 658天
等级: 130
石头: 4063
呼符: 315
体力: 29.519999999999996 / 138
友情点: 0 / 456530`
_2024-06-13 04:36:58_
--------
*5cb9d8fd12616e6a944a9b70836a69e5*
`登陆天数: 21天 / 659天
等级: 130
石头: 4067
呼符: 254
体力: 29.49333333333334 / 138
友情点: 0 / 456595`
_2024-06-13 04:37:05_
--------
*8ce4ee5736fda5332fa2d3cafa76ee81*
`登陆天数: 21天 / 658天
等级: 130
石头: 4063
呼符: 331
体力: 29.46666666666667 / 138
友情点: 0 / 455780`
_2024-06-13 04:37:13_
--------
*dc13980c543b0835901781fd9002261d*
`登陆天数: 21天 / 658天
等级: 130
石头: 4078
呼符: 87
体力: 29.443333333333328 / 138
友情点: 0 / 458610`
_2024-06-13 04:37:21_
--------
*658018fc36eafa4d1869327387ba2b05*
`登陆天数: 21天 / 658天
等级: 130
石头: 4061
呼符: 203
体力: 29.413333333333327 / 138
友情点: 0 / 455895`
_2024-06-13 04:37:29_
--------
*64c4c896d18fe832631d4b472b70fb59*
`登陆天数: 21天 / 659天
等级: 130
石头: 4054
呼符: 130
体力: 29.38666666666667 / 138
友情点: 0 / 456710`
_2024-06-13 04:37:36_
--------
*6586b4cd72ce8d9b67d0bff92e42eb89*
`登陆天数: 21天 / 659天
等级: 130
石头: 4065
呼符: 301
体力: 29.36 / 138
友情点: 0 / 457005`
_2024-06-13 04:37:44_
--------
*5daa4d76ed9e474769a50adafd05592a*
`登陆天数: 21天 / 658天
等级: 130
石头: 4074
呼符: 301
体力: 29.33333333333333 / 138
友情点: 0 / 456900`
_2024-06-13 04:37:52_
--------
*48bd55dd186a623bf2ee43b460744580*
`登陆天数: 21天 / 659天
等级: 130
石头: 4070
呼符: 169
体力: 29.303333333333327 / 138
友情点: 0 / 455415`
_2024-06-13 04:38:00_
--------
*f6fe73e7d59e80ee979f0b4bb538af75*
`登陆天数: 21天 / 659天
等级: 130
石头: 4058
呼符: 273
体力: 29.27666666666667 / 138
友情点: 0 / 457775`
_2024-06-13 04:38:08_
--------
*275480bee21d7e3e235370919f352a8d*
`登陆天数: 21天 / 658天
等级: 130
石头: 4065
呼符: 164
体力: 29.25 / 138
友情点: 0 / 456440`
_2024-06-13 04:38:16_
--------
*5977d6e04a944ed5b81b79b2845ba2b0*
`登陆天数: 21天 / 659天
等级: 130
石头: 4060
呼符: 277
体力: 31.819999999999993 / 138
友情点: 0 / 464880`
_2024-06-13 04:38:23_
--------
