【登录信息】
*3a5ce68e3040b831f27a2482965a0981*
`登陆天数: 22天 / 659天
等级: 130
石头: 4030
呼符: 199
体力: 30.403333333333336 / 138
友情点: 0 / 451640`
_2024-06-14 04:31:10_
--------
*0b326b80ee90ddc5c0586133d7576851*
`登陆天数: 22天 / 659天
等级: 130
石头: 4067
呼符: 308
体力: 30.373333333333335 / 138
友情点: 0 / 454580`
_2024-06-14 04:31:18_
--------
*74697c3823f19d7fab61246545eb0ede*
`登陆天数: 22天 / 659天
等级: 130
石头: 4066
呼符: 233
体力: 30.346666666666664 / 138
友情点: 0 / 452190`
_2024-06-14 04:31:26_
--------
*e4fb0c2b4c8352a2ae1be7f8ccdf6d36*
`登陆天数: 22天 / 660天
等级: 130
石头: 4067
呼符: 147
体力: 30.316666666666663 / 138
友情点: 0 / 452630`
_2024-06-14 04:31:34_
--------
*6ab709d32466f51ec4fa1341b9165ccc*
`登陆天数: 22天 / 660天
等级: 130
石头: 4069
呼符: 172
体力: 30.293333333333337 / 138
友情点: 0 / 453970`
_2024-06-14 04:31:42_
--------
*0a48075c965ad40cbadccf165e92da4f*
`登陆天数: 22天 / 660天
等级: 130
石头: 4059
呼符: 133
体力: 30.260000000000005 / 138
友情点: 0 / 453635`
_2024-06-14 04:31:50_
--------
*be925f73d81d0d6d33e9718900ceb739*
`登陆天数: 22天 / 659天
等级: 130
石头: 4064
呼符: 295
体力: 30.233333333333334 / 138
友情点: 0 / 453355`
_2024-06-14 04:31:58_
--------
*38d7d228036e9dc76c0c1db83328d53b*
`登陆天数: 22天 / 659天
等级: 130
石头: 4052
呼符: 94
体力: 30.206666666666663 / 138
友情点: 0 / 452355`
_2024-06-14 04:32:06_
--------
*c5af6c5b4703f2189c4e0e2f87483127*
`登陆天数: 22天 / 659天
等级: 130
石头: 4075
呼符: 282
体力: 30.180000000000007 / 138
友情点: 0 / 451370`
_2024-06-14 04:32:14_
--------
*eb2e91264e84159f941f5f937e03c737*
`登陆天数: 22天 / 660天
等级: 130
石头: 4059
呼符: 303
体力: 30.150000000000006 / 138
友情点: 0 / 453245`
_2024-06-14 04:32:22_
--------
*38631be9ab728195d00806c3137f9b21*
`登陆天数: 22天 / 660天
等级: 130
石头: 4064
呼符: 114
体力: 30.123333333333335 / 138
友情点: 0 / 452990`
_2024-06-14 04:32:30_
--------
*fe865e3fd213fe4b3a9ba045c6662468*
`登陆天数: 22天 / 660天
等级: 130
石头: 4069
呼符: 315
体力: 30.096666666666664 / 138
友情点: 0 / 452690`
_2024-06-14 04:32:37_
--------
*c4c934f9e7ef5715f8c62c6e6c9123b3*
`登陆天数: 22天 / 660天
等级: 130
石头: 4073
呼符: 278
体力: 30.066666666666663 / 138
友情点: 0 / 453155`
_2024-06-14 04:32:45_
--------
*ce8f9a13fa8e76708d380b36003f9cd5*
`登陆天数: 22天 / 659天
等级: 130
石头: 4055
呼符: 34
体力: 30.03666666666666 / 138
友情点: 0 / 455650`
_2024-06-14 04:32:53_
--------
*e5c48960da70eba0f4f8d0d510bf78e0*
`登陆天数: 22天 / 660天
等级: 130
石头: 4057
呼符: 330
体力: 30.013333333333335 / 138
友情点: 0 / 452095`
_2024-06-14 04:33:01_
--------
*4405af549ce443ef2f7976696d661866*
`登陆天数: 22天 / 660天
等级: 130
石头: 4062
呼符: 311
体力: 29.986666666666665 / 138
友情点: 0 / 453420`
_2024-06-14 04:33:09_
--------
*e2921bcf04080e3dd1aacb3c12380f67*
`登陆天数: 22天 / 659天
等级: 130
石头: 4063
呼符: 189
体力: 29.956666666666663 / 138
友情点: 0 / 454175`
_2024-06-14 04:33:16_
--------
*b0886b7f1d6e841b7a5e91cc243e5f8c*
`登陆天数: 22天 / 659天
等级: 130
石头: 4100
呼符: 277
体力: 29.933333333333337 / 138
友情点: 0 / 452800`
_2024-06-14 04:33:24_
--------
*66a0e7157fe05c26b21583029d728d32*
`登陆天数: 22天 / 660天
等级: 130
石头: 4059
呼符: 35
体力: 29.903333333333336 / 138
友情点: 0 / 452270`
_2024-06-14 04:33:32_
--------
*5f40697aa041c6b426bfcfeca1ca12c1*
`登陆天数: 22天 / 660天
等级: 130
石头: 4064
呼符: 263
体力: 29.879999999999995 / 138
友情点: 0 / 452115`
_2024-06-14 04:33:41_
--------
*9c1892e397d191d6fcc7dc5dc5be71f0*
`登陆天数: 22天 / 659天
等级: 130
石头: 4069
呼符: 45
体力: 29.849999999999994 / 138
友情点: 0 / 454285`
_2024-06-14 04:33:49_
--------
*01d2b872fec2a66c79d57c37292eabc5*
`登陆天数: 22天 / 659天
等级: 130
石头: 4060
呼符: 257
体力: 29.823333333333338 / 138
友情点: 0 / 452580`
_2024-06-14 04:33:56_
--------
*37d0bc24afdfa1c17d94783735b0484e*
`登陆天数: 22天 / 660天
等级: 130
石头: 4065
呼符: 82
体力: 29.796666666666667 / 138
友情点: 0 / 451950`
_2024-06-14 04:34:04_
--------
*5d190817063a3e0f13b56309b7dc6cfa*
`登陆天数: 22天 / 659天
等级: 130
石头: 4058
呼符: 34
体力: 29.769999999999996 / 138
友情点: 0 / 452755`
_2024-06-14 04:34:12_
--------
*0801d21be993356fcda0fb223ae3ca29*
`登陆天数: 22天 / 660天
等级: 130
石头: 4063
呼符: 293
体力: 29.74333333333334 / 138
友情点: 0 / 453365`
_2024-06-14 04:34:20_
--------
*bdb7cac1e658d382ed7bfa28c9582d2c*
`登陆天数: 22天 / 660天
等级: 130
石头: 4065
呼符: 331
体力: 29.71666666666667 / 138
友情点: 0 / 452260`
_2024-06-14 04:34:28_
--------
*2475c49cf312801248bc8b2f02851347*
`登陆天数: 22天 / 660天
等级: 130
石头: 4063
呼符: 35
体力: 29.689999999999998 / 138
友情点: 0 / 452410`
_2024-06-14 04:34:36_
--------
*da3c25d877439cd5268ebb87300de979*
`登陆天数: 22天 / 660天
等级: 130
石头: 4071
呼符: 296
体力: 29.659999999999997 / 138
友情点: 0 / 452005`
_2024-06-14 04:34:44_
--------
*028860528d87d1439bb910bbf58d0bb7*
`登陆天数: 22天 / 660天
等级: 130
石头: 4069
呼符: 228
体力: 29.63333333333334 / 138
友情点: 0 / 455185`
_2024-06-14 04:34:52_
--------
*8be2f971c62e79b5fdf7440165c58b71*
`登陆天数: 22天 / 659天
等级: 130
石头: 4070
呼符: 176
体力: 29.60666666666667 / 138
友情点: 0 / 452095`
_2024-06-14 04:34:59_
--------
*367ea55797900054de95a953ff644e8a*
`登陆天数: 22天 / 660天
等级: 130
石头: 4064
呼符: 279
体力: 29.58 / 138
友情点: 0 / 454280`
_2024-06-14 04:35:07_
--------
*b842cec75470f055070b0695c4c63276*
`登陆天数: 22天 / 660天
等级: 130
石头: 4075
呼符: 301
体力: 29.553333333333327 / 138
友情点: 0 / 453080`
_2024-06-14 04:35:16_
--------
*ddfd3d053ad9760065ab28dce632ddf2*
`登陆天数: 22天 / 659天
等级: 130
石头: 4069
呼符: 311
体力: 29.52666666666667 / 138
友情点: 0 / 453140`
_2024-06-14 04:35:24_
--------
*cfc6f5db8c35c873efe5e926f6ed3823*
`登陆天数: 22天 / 660天
等级: 130
石头: 4062
呼符: 253
体力: 29.5 / 138
友情点: 0 / 453300`
_2024-06-14 04:35:31_
--------
*a454e5e2228e97d806693c7e3200592c*
`登陆天数: 22天 / 660天
等级: 130
石头: 4063
呼符: 296
体力: 29.47333333333333 / 138
友情点: 0 / 452505`
_2024-06-14 04:35:39_
--------
*33b7e8b7c55720467861a5516eab0566*
`登陆天数: 22天 / 659天
等级: 130
石头: 4066
呼符: 284
体力: 29.443333333333328 / 138
友情点: 0 / 452370`
_2024-06-14 04:35:47_
--------
*8d09061b925596bea85dad72de74d648*
`登陆天数: 22天 / 659天
等级: 130
石头: 4023
呼符: 312
体力: 29.413333333333327 / 138
友情点: 0 / 452515`
_2024-06-14 04:35:55_
--------
*655e425127745c34b48399779b7fc007*
`登陆天数: 22天 / 660天
等级: 130
石头: 4069
呼符: 262
体力: 29.38666666666667 / 138
友情点: 0 / 452850`
_2024-06-14 04:36:03_
--------
*6e8a0efb98104c41161f02865a05c823*
`登陆天数: 22天 / 659天
等级: 130
石头: 4063
呼符: 315
体力: 29.36 / 138
友情点: 0 / 452530`
_2024-06-14 04:36:11_
--------
*5cb9d8fd12616e6a944a9b70836a69e5*
`登陆天数: 22天 / 660天
等级: 130
石头: 4067
呼符: 254
体力: 29.33333333333333 / 138
友情点: 0 / 452595`
_2024-06-14 04:36:18_
--------
*8ce4ee5736fda5332fa2d3cafa76ee81*
`登陆天数: 22天 / 659天
等级: 130
石头: 4063
呼符: 331
体力: 29.306666666666672 / 138
友情点: 0 / 451780`
_2024-06-14 04:36:27_
--------
*dc13980c543b0835901781fd9002261d*
`登陆天数: 22天 / 659天
等级: 130
石头: 4078
呼符: 87
体力: 29.28 / 138
友情点: 0 / 454610`
_2024-06-14 04:36:34_
--------
*658018fc36eafa4d1869327387ba2b05*
`登陆天数: 22天 / 659天
等级: 130
石头: 4061
呼符: 203
体力: 29.25333333333333 / 138
友情点: 0 / 451895`
_2024-06-14 04:36:42_
--------
*64c4c896d18fe832631d4b472b70fb59*
`登陆天数: 22天 / 660天
等级: 130
石头: 4054
呼符: 130
体力: 29.226666666666674 / 138
友情点: 0 / 452710`
_2024-06-14 04:36:50_
--------
*6586b4cd72ce8d9b67d0bff92e42eb89*
`登陆天数: 22天 / 660天
等级: 130
石头: 4065
呼符: 301
体力: 29.200000000000003 / 138
友情点: 0 / 453005`
_2024-06-14 04:36:58_
--------
*5daa4d76ed9e474769a50adafd05592a*
`登陆天数: 22天 / 659天
等级: 130
石头: 4074
呼符: 301
体力: 29.173333333333332 / 138
友情点: 0 / 452900`
_2024-06-14 04:37:06_
--------
*48bd55dd186a623bf2ee43b460744580*
`登陆天数: 22天 / 660天
等级: 130
石头: 4070
呼符: 169
体力: 29.14666666666666 / 138
友情点: 0 / 451415`
_2024-06-14 04:37:14_
--------
*f6fe73e7d59e80ee979f0b4bb538af75*
`登陆天数: 22天 / 660天
等级: 130
石头: 4058
呼符: 273
体力: 29.120000000000005 / 138
友情点: 0 / 453775`
_2024-06-14 04:37:22_
--------
*275480bee21d7e3e235370919f352a8d*
`登陆天数: 22天 / 659天
等级: 130
石头: 4065
呼符: 164
体力: 29.090000000000003 / 138
友情点: 0 / 452440`
_2024-06-14 04:37:30_
--------
*5977d6e04a944ed5b81b79b2845ba2b0*
`登陆天数: 22天 / 660天
等级: 130
石头: 4060
呼符: 277
体力: 31.61 / 138
友情点: 0 / 460880`
_2024-06-14 04:37:38_
--------
