【登录信息】
*3a5ce68e3040b831f27a2482965a0981*
`登陆天数: 23天 / 660天
等级: 130
石头: 4031
呼符: 199
体力: 31.319999999999993 / 138
友情点: 0 / 445640`
_2024-06-15 04:34:49_
--------
*0b326b80ee90ddc5c0586133d7576851*
`登陆天数: 23天 / 660天
等级: 130
石头: 4068
呼符: 308
体力: 31.28666666666666 / 138
友情点: 0 / 448580`
_2024-06-15 04:34:57_
--------
*74697c3823f19d7fab61246545eb0ede*
`登陆天数: 23天 / 660天
等级: 130
石头: 4067
呼符: 233
体力: 31.25666666666666 / 138
友情点: 0 / 446190`
_2024-06-15 04:35:05_
--------
*e4fb0c2b4c8352a2ae1be7f8ccdf6d36*
`登陆天数: 23天 / 661天
等级: 130
石头: 4068
呼符: 147
体力: 31.226666666666674 / 138
友情点: 0 / 446630`
_2024-06-15 04:35:14_
--------
*6ab709d32466f51ec4fa1341b9165ccc*
`登陆天数: 23天 / 661天
等级: 130
石头: 4070
呼符: 172
体力: 31.196666666666673 / 138
友情点: 0 / 447970`
_2024-06-15 04:35:22_
--------
*0a48075c965ad40cbadccf165e92da4f*
`登陆天数: 23天 / 661天
等级: 130
石头: 4060
呼符: 133
体力: 31.16666666666667 / 138
友情点: 0 / 447635`
_2024-06-15 04:35:30_
--------
*be925f73d81d0d6d33e9718900ceb739*
`登陆天数: 23天 / 660天
等级: 130
石头: 4065
呼符: 295
体力: 31.13666666666667 / 138
友情点: 0 / 447355`
_2024-06-15 04:35:37_
--------
*38d7d228036e9dc76c0c1db83328d53b*
`登陆天数: 23天 / 660天
等级: 130
石头: 4053
呼符: 94
体力: 31.10666666666667 / 138
友情点: 0 / 446355`
_2024-06-15 04:35:46_
--------
*c5af6c5b4703f2189c4e0e2f87483127*
`登陆天数: 23天 / 660天
等级: 130
石头: 4076
呼符: 282
体力: 31.076666666666668 / 138
友情点: 0 / 445370`
_2024-06-15 04:35:54_
--------
*eb2e91264e84159f941f5f937e03c737*
`登陆天数: 23天 / 661天
等级: 130
石头: 4060
呼符: 303
体力: 31.049999999999997 / 138
友情点: 0 / 447245`
_2024-06-15 04:36:02_
--------
*38631be9ab728195d00806c3137f9b21*
`登陆天数: 23天 / 661天
等级: 130
石头: 4065
呼符: 114
体力: 31.016666666666666 / 138
友情点: 0 / 446990`
_2024-06-15 04:36:10_
--------
*fe865e3fd213fe4b3a9ba045c6662468*
`登陆天数: 23天 / 661天
等级: 130
石头: 4070
呼符: 315
体力: 30.99333333333334 / 138
友情点: 0 / 446690`
_2024-06-15 04:36:18_
--------
*c4c934f9e7ef5715f8c62c6e6c9123b3*
`登陆天数: 23天 / 661天
等级: 130
石头: 4074
呼符: 278
体力: 30.96333333333334 / 138
友情点: 0 / 447155`
_2024-06-15 04:36:26_
--------
*ce8f9a13fa8e76708d380b36003f9cd5*
`登陆天数: 23天 / 660天
等级: 130
石头: 4056
呼符: 34
体力: 30.933333333333337 / 138
友情点: 0 / 449650`
_2024-06-15 04:36:34_
--------
*e5c48960da70eba0f4f8d0d510bf78e0*
`登陆天数: 23天 / 661天
等级: 130
石头: 4058
呼符: 330
体力: 30.903333333333336 / 138
友情点: 0 / 446095`
_2024-06-15 04:36:42_
--------
*4405af549ce443ef2f7976696d661866*
`登陆天数: 23天 / 661天
等级: 130
石头: 4063
呼符: 311
体力: 30.873333333333335 / 138
友情点: 0 / 447420`
_2024-06-15 04:36:50_
--------
*e2921bcf04080e3dd1aacb3c12380f67*
`登陆天数: 23天 / 660天
等级: 130
石头: 4064
呼符: 189
体力: 30.843333333333334 / 138
友情点: 0 / 448175`
_2024-06-15 04:36:58_
--------
*b0886b7f1d6e841b7a5e91cc243e5f8c*
`登陆天数: 23天 / 660天
等级: 130
石头: 4101
呼符: 277
体力: 30.813333333333333 / 138
友情点: 0 / 446800`
_2024-06-15 04:37:06_
--------
*66a0e7157fe05c26b21583029d728d32*
`登陆天数: 23天 / 661天
等级: 130
石头: 4060
呼符: 35
体力: 30.78333333333333 / 138
友情点: 0 / 446270`
_2024-06-15 04:37:14_
--------
*5f40697aa041c6b426bfcfeca1ca12c1*
`登陆天数: 23天 / 661天
等级: 130
石头: 4065
呼符: 263
体力: 30.75333333333333 / 138
友情点: 0 / 446115`
_2024-06-15 04:37:22_
--------
*9c1892e397d191d6fcc7dc5dc5be71f0*
`登陆天数: 23天 / 660天
等级: 130
石头: 4070
呼符: 45
体力: 30.72 / 138
友情点: 0 / 448285`
_2024-06-15 04:37:30_
--------
*01d2b872fec2a66c79d57c37292eabc5*
`登陆天数: 23天 / 660天
等级: 130
石头: 4061
呼符: 257
体力: 30.689999999999998 / 138
友情点: 0 / 446580`
_2024-06-15 04:37:38_
--------
*37d0bc24afdfa1c17d94783735b0484e*
`登陆天数: 23天 / 661天
等级: 130
石头: 4066
呼符: 82
体力: 30.663333333333327 / 138
友情点: 0 / 445950`
_2024-06-15 04:37:46_
--------
*5d190817063a3e0f13b56309b7dc6cfa*
`登陆天数: 23天 / 660天
等级: 130
石头: 4059
呼符: 34
体力: 30.63333333333334 / 138
友情点: 0 / 446755`
_2024-06-15 04:37:54_
--------
*0801d21be993356fcda0fb223ae3ca29*
`登陆天数: 23天 / 661天
等级: 130
石头: 4064
呼符: 293
体力: 30.60333333333334 / 138
友情点: 0 / 447365`
_2024-06-15 04:38:02_
--------
*bdb7cac1e658d382ed7bfa28c9582d2c*
`登陆天数: 23天 / 661天
等级: 130
石头: 4066
呼符: 331
体力: 30.569999999999993 / 138
友情点: 0 / 446260`
_2024-06-15 04:38:10_
--------
*2475c49cf312801248bc8b2f02851347*
`登陆天数: 23天 / 661天
等级: 130
石头: 4064
呼符: 35
体力: 30.540000000000006 / 138
友情点: 0 / 446410`
_2024-06-15 04:38:18_
--------
*da3c25d877439cd5268ebb87300de979*
`登陆天数: 23天 / 661天
等级: 130
石头: 4072
呼符: 296
体力: 30.510000000000005 / 138
友情点: 0 / 446005`
_2024-06-15 04:38:26_
--------
*028860528d87d1439bb910bbf58d0bb7*
`登陆天数: 23天 / 661天
等级: 130
石头: 4070
呼符: 228
体力: 30.480000000000004 / 138
友情点: 0 / 449185`
_2024-06-15 04:38:34_
--------
*8be2f971c62e79b5fdf7440165c58b71*
`登陆天数: 23天 / 660天
等级: 130
石头: 4071
呼符: 176
体力: 30.446666666666673 / 138
友情点: 0 / 446095`
_2024-06-15 04:38:42_
--------
*367ea55797900054de95a953ff644e8a*
`登陆天数: 23天 / 661天
等级: 130
石头: 4065
呼符: 279
体力: 30.41666666666667 / 138
友情点: 0 / 448280`
_2024-06-15 04:38:50_
--------
*b842cec75470f055070b0695c4c63276*
`登陆天数: 23天 / 661天
等级: 130
石头: 4076
呼符: 301
体力: 30.39 / 138
友情点: 0 / 447080`
_2024-06-15 04:38:58_
--------
*ddfd3d053ad9760065ab28dce632ddf2*
`登陆天数: 23天 / 660天
等级: 130
石头: 4070
呼符: 311
体力: 30.36333333333333 / 138
友情点: 0 / 447140`
_2024-06-15 04:39:06_
--------
*cfc6f5db8c35c873efe5e926f6ed3823*
`登陆天数: 23天 / 661天
等级: 130
石头: 4063
呼符: 253
体力: 30.336666666666673 / 138
友情点: 0 / 447300`
_2024-06-15 04:39:14_
--------
*a454e5e2228e97d806693c7e3200592c*
`登陆天数: 23天 / 661天
等级: 130
石头: 4064
呼符: 296
体力: 30.303333333333327 / 138
友情点: 0 / 446505`
_2024-06-15 04:39:22_
--------
*33b7e8b7c55720467861a5516eab0566*
`登陆天数: 23天 / 660天
等级: 130
石头: 4067
呼符: 284
体力: 30.273333333333326 / 138
友情点: 0 / 446370`
_2024-06-15 04:39:30_
--------
*8d09061b925596bea85dad72de74d648*
`登陆天数: 23天 / 660天
等级: 130
石头: 4024
呼符: 312
体力: 30.24333333333334 / 138
友情点: 0 / 446515`
_2024-06-15 04:39:38_
--------
*655e425127745c34b48399779b7fc007*
`登陆天数: 23天 / 661天
等级: 130
石头: 4070
呼符: 262
体力: 30.21666666666667 / 138
友情点: 0 / 446850`
_2024-06-15 04:39:45_
--------
*6e8a0efb98104c41161f02865a05c823*
`登陆天数: 23天 / 660天
等级: 130
石头: 4064
呼符: 315
体力: 30.186666666666667 / 138
友情点: 0 / 446530`
_2024-06-15 04:39:53_
--------
*5cb9d8fd12616e6a944a9b70836a69e5*
`登陆天数: 23天 / 661天
等级: 130
石头: 4068
呼符: 254
体力: 30.159999999999997 / 138
友情点: 0 / 446595`
_2024-06-15 04:40:01_
--------
*8ce4ee5736fda5332fa2d3cafa76ee81*
`登陆天数: 23天 / 660天
等级: 130
石头: 4064
呼符: 331
体力: 30.129999999999995 / 138
友情点: 0 / 445780`
_2024-06-15 04:40:10_
--------
*dc13980c543b0835901781fd9002261d*
`登陆天数: 23天 / 660天
等级: 130
石头: 4079
呼符: 87
体力: 30.099999999999994 / 138
友情点: 0 / 448610`
_2024-06-15 04:40:18_
--------
*658018fc36eafa4d1869327387ba2b05*
`登陆天数: 23天 / 660天
等级: 130
石头: 4062
呼符: 203
体力: 30.073333333333338 / 138
友情点: 0 / 445895`
_2024-06-15 04:40:26_
--------
*64c4c896d18fe832631d4b472b70fb59*
`登陆天数: 23天 / 661天
等级: 130
石头: 4055
呼符: 130
体力: 30.043333333333337 / 138
友情点: 0 / 446710`
_2024-06-15 04:40:34_
--------
*6586b4cd72ce8d9b67d0bff92e42eb89*
`登陆天数: 23天 / 661天
等级: 130
石头: 4066
呼符: 301
体力: 29.903333333333336 / 138
友情点: 0 / 447005`
_2024-06-15 04:40:41_
--------
*5daa4d76ed9e474769a50adafd05592a*
`登陆天数: 23天 / 660天
等级: 130
石头: 4075
呼符: 301
体力: 29.876666666666665 / 138
友情点: 0 / 446900`
_2024-06-15 04:40:49_
--------
*48bd55dd186a623bf2ee43b460744580*
`登陆天数: 23天 / 661天
等级: 130
石头: 4071
呼符: 169
体力: 29.846666666666664 / 138
友情点: 0 / 445415`
_2024-06-15 04:40:57_
--------
*f6fe73e7d59e80ee979f0b4bb538af75*
`登陆天数: 23天 / 661天
等级: 130
石头: 4059
呼符: 273
体力: 29.816666666666663 / 138
友情点: 0 / 447775`
_2024-06-15 04:41:05_
--------
*275480bee21d7e3e235370919f352a8d*
`登陆天数: 23天 / 660天
等级: 130
石头: 4066
呼符: 164
体力: 29.790000000000006 / 138
友情点: 0 / 446440`
_2024-06-15 04:41:13_
--------
*5977d6e04a944ed5b81b79b2845ba2b0*
`登陆天数: 23天 / 661天
等级: 130
石头: 4061
呼符: 277
体力: 32.540000000000006 / 138
友情点: 0 / 454880`
_2024-06-15 04:41:21_
--------
