【登录信息】
*3a5ce68e3040b831f27a2482965a0981*
`登陆天数: 24天 / 661天
等级: 130
石头: 4031
呼符: 199
体力: 30.24333333333334 / 138
友情点: 0 / 439640`
_2024-06-16 04:30:01_
--------
*0b326b80ee90ddc5c0586133d7576851*
`登陆天数: 24天 / 661天
等级: 130
石头: 4068
呼符: 308
体力: 30.209999999999994 / 138
友情点: 0 / 442580`
_2024-06-16 04:30:09_
--------
*74697c3823f19d7fab61246545eb0ede*
`登陆天数: 24天 / 661天
等级: 130
石头: 4067
呼符: 233
体力: 30.180000000000007 / 138
友情点: 0 / 440190`
_2024-06-16 04:30:17_
--------
*e4fb0c2b4c8352a2ae1be7f8ccdf6d36*
`登陆天数: 24天 / 662天
等级: 130
石头: 4068
呼符: 147
体力: 30.150000000000006 / 138
友情点: 0 / 440630`
_2024-06-16 04:30:25_
--------
*6ab709d32466f51ec4fa1341b9165ccc*
`登陆天数: 24天 / 662天
等级: 130
石头: 4070
呼符: 172
体力: 30.120000000000005 / 138
友情点: 0 / 441970`
_2024-06-16 04:30:34_
--------
*0a48075c965ad40cbadccf165e92da4f*
`登陆天数: 24天 / 662天
等级: 130
石头: 4060
呼符: 133
体力: 30.093333333333334 / 138
友情点: 0 / 441635`
_2024-06-16 04:30:42_
--------
*be925f73d81d0d6d33e9718900ceb739*
`登陆天数: 24天 / 661天
等级: 130
石头: 4065
呼符: 295
体力: 30.063333333333333 / 138
友情点: 0 / 441355`
_2024-06-16 04:30:50_
--------
*38d7d228036e9dc76c0c1db83328d53b*
`登陆天数: 24天 / 661天
等级: 130
石头: 4053
呼符: 94
体力: 30.03333333333333 / 138
友情点: 0 / 440355`
_2024-06-16 04:30:58_
--------
*c5af6c5b4703f2189c4e0e2f87483127*
`登陆天数: 24天 / 661天
等级: 130
石头: 4076
呼符: 282
体力: 30.00666666666666 / 138
友情点: 0 / 439370`
_2024-06-16 04:31:06_
--------
*eb2e91264e84159f941f5f937e03c737*
`登陆天数: 24天 / 662天
等级: 130
石头: 4060
呼符: 303
体力: 29.976666666666674 / 138
友情点: 0 / 441245`
_2024-06-16 04:31:13_
--------
*38631be9ab728195d00806c3137f9b21*
`登陆天数: 24天 / 662天
等级: 130
石头: 4065
呼符: 114
体力: 29.950000000000003 / 138
友情点: 0 / 440990`
_2024-06-16 04:31:21_
--------
*fe865e3fd213fe4b3a9ba045c6662468*
`登陆天数: 24天 / 662天
等级: 130
石头: 4070
呼符: 315
体力: 29.92 / 138
友情点: 0 / 440690`
_2024-06-16 04:31:29_
--------
*c4c934f9e7ef5715f8c62c6e6c9123b3*
`登陆天数: 24天 / 662天
等级: 130
石头: 4074
呼符: 278
体力: 29.89 / 138
友情点: 0 / 441155`
_2024-06-16 04:31:38_
--------
*ce8f9a13fa8e76708d380b36003f9cd5*
`登陆天数: 24天 / 661天
等级: 130
石头: 4056
呼符: 34
体力: 29.86333333333333 / 138
友情点: 0 / 443650`
_2024-06-16 04:31:45_
--------
*e5c48960da70eba0f4f8d0d510bf78e0*
`登陆天数: 24天 / 662天
等级: 130
石头: 4058
呼符: 330
体力: 29.83333333333333 / 138
友情点: 0 / 440095`
_2024-06-16 04:31:53_
--------
*4405af549ce443ef2f7976696d661866*
`登陆天数: 24天 / 662天
等级: 130
石头: 4063
呼符: 311
体力: 29.803333333333327 / 138
友情点: 0 / 441420`
_2024-06-16 04:32:02_
--------
*e2921bcf04080e3dd1aacb3c12380f67*
`登陆天数: 24天 / 661天
等级: 130
石头: 4064
呼符: 189
体力: 29.773333333333326 / 138
友情点: 0 / 442175`
_2024-06-16 04:32:10_
--------
*b0886b7f1d6e841b7a5e91cc243e5f8c*
`登陆天数: 24天 / 661天
等级: 130
石头: 4101
呼符: 277
体力: 29.74333333333334 / 138
友情点: 0 / 440800`
_2024-06-16 04:32:18_
--------
*66a0e7157fe05c26b21583029d728d32*
`登陆天数: 24天 / 662天
等级: 130
石头: 4060
呼符: 35
体力: 29.71333333333334 / 138
友情点: 0 / 440270`
_2024-06-16 04:32:26_
--------
*5f40697aa041c6b426bfcfeca1ca12c1*
`登陆天数: 24天 / 662天
等级: 130
石头: 4065
呼符: 263
体力: 29.683333333333337 / 138
友情点: 0 / 440115`
_2024-06-16 04:32:34_
--------
*9c1892e397d191d6fcc7dc5dc5be71f0*
`登陆天数: 24天 / 661天
等级: 130
石头: 4070
呼符: 45
体力: 29.653333333333336 / 138
友情点: 0 / 442285`
_2024-06-16 04:32:42_
--------
*01d2b872fec2a66c79d57c37292eabc5*
`登陆天数: 24天 / 661天
等级: 130
石头: 4061
呼符: 257
体力: 29.623333333333335 / 138
友情点: 0 / 440580`
_2024-06-16 04:32:50_
--------
*37d0bc24afdfa1c17d94783735b0484e*
`登陆天数: 24天 / 662天
等级: 130
石头: 4066
呼符: 82
体力: 29.593333333333334 / 138
友情点: 0 / 439950`
_2024-06-16 04:32:58_
--------
*5d190817063a3e0f13b56309b7dc6cfa*
`登陆天数: 24天 / 661天
等级: 130
石头: 4059
呼符: 34
体力: 29.563333333333333 / 138
友情点: 0 / 440755`
_2024-06-16 04:33:06_
--------
*0801d21be993356fcda0fb223ae3ca29*
`登陆天数: 24天 / 662天
等级: 130
石头: 4064
呼符: 293
体力: 29.53333333333333 / 138
友情点: 0 / 441365`
_2024-06-16 04:33:14_
--------
*bdb7cac1e658d382ed7bfa28c9582d2c*
`登陆天数: 24天 / 662天
等级: 130
石头: 4066
呼符: 331
体力: 29.50333333333333 / 138
友情点: 0 / 440260`
_2024-06-16 04:33:22_
--------
*2475c49cf312801248bc8b2f02851347*
`登陆天数: 24天 / 662天
等级: 130
石头: 4064
呼符: 35
体力: 29.47333333333333 / 138
友情点: 0 / 440410`
_2024-06-16 04:33:30_
--------
*da3c25d877439cd5268ebb87300de979*
`登陆天数: 24天 / 662天
等级: 130
石头: 4072
呼符: 296
体力: 29.446666666666673 / 138
友情点: 0 / 440005`
_2024-06-16 04:33:38_
--------
*028860528d87d1439bb910bbf58d0bb7*
`登陆天数: 24天 / 662天
等级: 130
石头: 4070
呼符: 228
体力: 29.413333333333327 / 138
友情点: 0 / 443185`
_2024-06-16 04:33:46_
--------
*8be2f971c62e79b5fdf7440165c58b71*
`登陆天数: 24天 / 661天
等级: 130
石头: 4071
呼符: 176
体力: 29.38333333333334 / 138
友情点: 0 / 440095`
_2024-06-16 04:33:54_
--------
*367ea55797900054de95a953ff644e8a*
`登陆天数: 24天 / 662天
等级: 130
石头: 4065
呼符: 279
体力: 29.35333333333334 / 138
友情点: 0 / 442280`
_2024-06-16 04:34:01_
--------
*b842cec75470f055070b0695c4c63276*
`登陆天数: 24天 / 662天
等级: 130
石头: 4076
呼符: 301
体力: 29.323333333333338 / 138
友情点: 0 / 441080`
_2024-06-16 04:34:10_
--------
*ddfd3d053ad9760065ab28dce632ddf2*
`登陆天数: 24天 / 661天
等级: 130
石头: 4070
呼符: 311
体力: 29.293333333333337 / 138
友情点: 0 / 441140`
_2024-06-16 04:34:18_
--------
*cfc6f5db8c35c873efe5e926f6ed3823*
`登陆天数: 24天 / 662天
等级: 130
石头: 4063
呼符: 253
体力: 29.266666666666666 / 138
友情点: 0 / 441300`
_2024-06-16 04:34:26_
--------
*a454e5e2228e97d806693c7e3200592c*
`登陆天数: 24天 / 662天
等级: 130
石头: 4064
呼符: 296
体力: 29.236666666666665 / 138
友情点: 0 / 440505`
_2024-06-16 04:34:34_
--------
*33b7e8b7c55720467861a5516eab0566*
`登陆天数: 24天 / 661天
等级: 130
石头: 4067
呼符: 284
体力: 29.21333333333334 / 138
友情点: 0 / 440370`
_2024-06-16 04:34:42_
--------
*8d09061b925596bea85dad72de74d648*
`登陆天数: 24天 / 661天
等级: 130
石头: 4024
呼符: 312
体力: 29.180000000000007 / 138
友情点: 0 / 440515`
_2024-06-16 04:34:50_
--------
*655e425127745c34b48399779b7fc007*
`登陆天数: 24天 / 662天
等级: 130
石头: 4070
呼符: 262
体力: 29.150000000000006 / 138
友情点: 0 / 440850`
_2024-06-16 04:34:58_
--------
*6e8a0efb98104c41161f02865a05c823*
`登陆天数: 24天 / 661天
等级: 130
石头: 4064
呼符: 315
体力: 29.120000000000005 / 138
友情点: 0 / 440530`
_2024-06-16 04:35:06_
--------
*5cb9d8fd12616e6a944a9b70836a69e5*
`登陆天数: 24天 / 662天
等级: 130
石头: 4068
呼符: 254
体力: 29.093333333333334 / 138
友情点: 0 / 440595`
_2024-06-16 04:35:14_
--------
*8ce4ee5736fda5332fa2d3cafa76ee81*
`登陆天数: 24天 / 661天
等级: 130
石头: 4064
呼符: 331
体力: 29.063333333333333 / 138
友情点: 0 / 439780`
_2024-06-16 04:35:22_
--------
*dc13980c543b0835901781fd9002261d*
`登陆天数: 24天 / 661天
等级: 130
石头: 4079
呼符: 87
体力: 29.03666666666666 / 138
友情点: 0 / 442610`
_2024-06-16 04:35:30_
--------
*658018fc36eafa4d1869327387ba2b05*
`登陆天数: 24天 / 661天
等级: 130
石头: 4062
呼符: 203
体力: 29.010000000000005 / 138
友情点: 0 / 439895`
_2024-06-16 04:35:38_
--------
*64c4c896d18fe832631d4b472b70fb59*
`登陆天数: 24天 / 662天
等级: 130
石头: 4055
呼符: 130
体力: 28.980000000000004 / 138
友情点: 0 / 440710`
_2024-06-16 04:35:46_
--------
*6586b4cd72ce8d9b67d0bff92e42eb89*
`登陆天数: 24天 / 662天
等级: 130
石头: 4066
呼符: 301
体力: 28.950000000000003 / 138
友情点: 0 / 441005`
_2024-06-16 04:35:54_
--------
*5daa4d76ed9e474769a50adafd05592a*
`登陆天数: 24天 / 661天
等级: 130
石头: 4075
呼符: 301
体力: 28.923333333333332 / 138
友情点: 0 / 440900`
_2024-06-16 04:36:02_
--------
*48bd55dd186a623bf2ee43b460744580*
`登陆天数: 24天 / 662天
等级: 130
石头: 4071
呼符: 169
体力: 28.89333333333333 / 138
友情点: 0 / 439415`
_2024-06-16 04:36:10_
--------
*f6fe73e7d59e80ee979f0b4bb538af75*
`登陆天数: 24天 / 662天
等级: 130
石头: 4059
呼符: 273
体力: 28.86666666666666 / 138
友情点: 0 / 441775`
_2024-06-16 04:36:18_
--------
*275480bee21d7e3e235370919f352a8d*
`登陆天数: 24天 / 661天
等级: 130
石头: 4066
呼符: 164
体力: 28.836666666666673 / 138
友情点: 0 / 440440`
_2024-06-16 04:36:26_
--------
*5977d6e04a944ed5b81b79b2845ba2b0*
`登陆天数: 24天 / 662天
等级: 130
石头: 4061
呼符: 277
体力: 31.46333333333334 / 138
友情点: 0 / 448880`
_2024-06-16 04:36:34_
--------
