【登录信息】
*3a5ce68e3040b831f27a2482965a0981*
`登陆天数: 25天 / 662天
等级: 130
石头: 4032
呼符: 199
体力: 30.593333333333334 / 138
友情点: 0 / 433640`
_2024-06-17 04:33:54_
--------
*0b326b80ee90ddc5c0586133d7576851*
`登陆天数: 25天 / 662天
等级: 130
石头: 4069
呼符: 308
体力: 30.560000000000002 / 138
友情点: 0 / 436580`
_2024-06-17 04:34:02_
--------
*74697c3823f19d7fab61246545eb0ede*
`登陆天数: 25天 / 662天
等级: 130
石头: 4068
呼符: 233
体力: 30.53 / 138
友情点: 0 / 434190`
_2024-06-17 04:34:10_
--------
*e4fb0c2b4c8352a2ae1be7f8ccdf6d36*
`登陆天数: 25天 / 663天
等级: 130
石头: 4069
呼符: 147
体力: 30.5 / 138
友情点: 0 / 434630`
_2024-06-17 04:34:18_
--------
*6ab709d32466f51ec4fa1341b9165ccc*
`登陆天数: 25天 / 663天
等级: 130
石头: 4071
呼符: 172
体力: 30.47333333333333 / 138
友情点: 0 / 435970`
_2024-06-17 04:34:26_
--------
*0a48075c965ad40cbadccf165e92da4f*
`登陆天数: 25天 / 663天
等级: 130
石头: 4061
呼符: 133
体力: 30.443333333333328 / 138
友情点: 0 / 435635`
_2024-06-17 04:34:34_
--------
*be925f73d81d0d6d33e9718900ceb739*
`登陆天数: 25天 / 662天
等级: 130
石头: 4066
呼符: 295
体力: 30.413333333333327 / 138
友情点: 0 / 435355`
_2024-06-17 04:34:42_
--------
*38d7d228036e9dc76c0c1db83328d53b*
`登陆天数: 25天 / 662天
等级: 130
石头: 4054
呼符: 94
体力: 30.38333333333334 / 138
友情点: 0 / 434355`
_2024-06-17 04:34:51_
--------
*c5af6c5b4703f2189c4e0e2f87483127*
`登陆天数: 25天 / 662天
等级: 130
石头: 4077
呼符: 282
体力: 30.35666666666667 / 138
友情点: 0 / 433370`
_2024-06-17 04:34:59_
--------
*eb2e91264e84159f941f5f937e03c737*
`登陆天数: 25天 / 663天
等级: 130
石头: 4061
呼符: 303
体力: 30.326666666666668 / 138
友情点: 0 / 435245`
_2024-06-17 04:35:07_
--------
*38631be9ab728195d00806c3137f9b21*
`登陆天数: 25天 / 663天
等级: 130
石头: 4066
呼符: 114
体力: 30.296666666666667 / 138
友情点: 0 / 434990`
_2024-06-17 04:35:15_
--------
*fe865e3fd213fe4b3a9ba045c6662468*
`登陆天数: 25天 / 663天
等级: 130
石头: 4071
呼符: 315
体力: 30.266666666666666 / 138
友情点: 0 / 434690`
_2024-06-17 04:35:23_
--------
*c4c934f9e7ef5715f8c62c6e6c9123b3*
`登陆天数: 25天 / 663天
等级: 130
石头: 4075
呼符: 278
体力: 30.236666666666665 / 138
友情点: 0 / 435155`
_2024-06-17 04:35:31_
--------
*ce8f9a13fa8e76708d380b36003f9cd5*
`登陆天数: 25天 / 662天
等级: 130
石头: 4057
呼符: 34
体力: 30.206666666666663 / 138
友情点: 0 / 437650`
_2024-06-17 04:35:39_
--------
*e5c48960da70eba0f4f8d0d510bf78e0*
`登陆天数: 25天 / 663天
等级: 130
石头: 4059
呼符: 330
体力: 30.176666666666662 / 138
友情点: 0 / 434095`
_2024-06-17 04:35:47_
--------
*4405af549ce443ef2f7976696d661866*
`登陆天数: 25天 / 663天
等级: 130
石头: 4064
呼符: 311
体力: 30.14666666666666 / 138
友情点: 0 / 435420`
_2024-06-17 04:35:55_
--------
*e2921bcf04080e3dd1aacb3c12380f67*
`登陆天数: 25天 / 662天
等级: 130
石头: 4065
呼符: 189
体力: 30.11666666666666 / 138
友情点: 0 / 436175`
_2024-06-17 04:36:03_
--------
*b0886b7f1d6e841b7a5e91cc243e5f8c*
`登陆天数: 25天 / 662天
等级: 130
石头: 4102
呼符: 277
体力: 30.08333333333333 / 138
友情点: 0 / 434800`
_2024-06-17 04:36:11_
--------
*66a0e7157fe05c26b21583029d728d32*
`登陆天数: 25天 / 663天
等级: 130
石头: 4061
呼符: 35
体力: 30.053333333333327 / 138
友情点: 0 / 434270`
_2024-06-17 04:36:19_
--------
*5f40697aa041c6b426bfcfeca1ca12c1*
`登陆天数: 25天 / 663天
等级: 130
石头: 4066
呼符: 263
体力: 30.023333333333326 / 138
友情点: 0 / 434115`
_2024-06-17 04:36:27_
--------
*9c1892e397d191d6fcc7dc5dc5be71f0*
`登陆天数: 25天 / 662天
等级: 130
石头: 4071
呼符: 45
体力: 29.99666666666667 / 138
友情点: 0 / 436285`
_2024-06-17 04:36:35_
--------
*01d2b872fec2a66c79d57c37292eabc5*
`登陆天数: 25天 / 662天
等级: 130
石头: 4062
呼符: 257
体力: 29.96666666666667 / 138
友情点: 0 / 434580`
_2024-06-17 04:36:43_
--------
*37d0bc24afdfa1c17d94783735b0484e*
`登陆天数: 25天 / 663天
等级: 130
石头: 4067
呼符: 82
体力: 29.936666666666667 / 138
友情点: 0 / 433950`
_2024-06-17 04:36:51_
--------
*5d190817063a3e0f13b56309b7dc6cfa*
`登陆天数: 25天 / 662天
等级: 130
石头: 4060
呼符: 34
体力: 29.909999999999997 / 138
友情点: 0 / 434755`
_2024-06-17 04:36:59_
--------
*0801d21be993356fcda0fb223ae3ca29*
`登陆天数: 25天 / 663天
等级: 130
石头: 4065
呼符: 293
体力: 29.876666666666665 / 138
友情点: 0 / 435365`
_2024-06-17 04:37:07_
--------
*bdb7cac1e658d382ed7bfa28c9582d2c*
`登陆天数: 25天 / 663天
等级: 130
石头: 4067
呼符: 331
体力: 29.849999999999994 / 138
友情点: 0 / 434260`
_2024-06-17 04:37:15_
--------
*2475c49cf312801248bc8b2f02851347*
`登陆天数: 25天 / 663天
等级: 130
石头: 4065
呼符: 35
体力: 29.819999999999993 / 138
友情点: 0 / 434410`
_2024-06-17 04:37:23_
--------
*da3c25d877439cd5268ebb87300de979*
`登陆天数: 25天 / 663天
等级: 130
石头: 4073
呼符: 296
体力: 29.790000000000006 / 138
友情点: 0 / 434005`
_2024-06-17 04:37:31_
--------
*028860528d87d1439bb910bbf58d0bb7*
`登陆天数: 25天 / 663天
等级: 130
石头: 4071
呼符: 228
体力: 29.760000000000005 / 138
友情点: 0 / 437185`
_2024-06-17 04:37:39_
--------
*8be2f971c62e79b5fdf7440165c58b71*
`登陆天数: 25天 / 662天
等级: 130
石头: 4072
呼符: 176
体力: 29.730000000000004 / 138
友情点: 0 / 434095`
_2024-06-17 04:37:47_
--------
*367ea55797900054de95a953ff644e8a*
`登陆天数: 25天 / 663天
等级: 130
石头: 4066
呼符: 279
体力: 29.700000000000003 / 138
友情点: 0 / 436280`
_2024-06-17 04:37:55_
--------
*b842cec75470f055070b0695c4c63276*
`登陆天数: 25天 / 663天
等级: 130
石头: 4077
呼符: 301
体力: 29.673333333333332 / 138
友情点: 0 / 435080`
_2024-06-17 04:38:03_
--------
*ddfd3d053ad9760065ab28dce632ddf2*
`登陆天数: 25天 / 662天
等级: 130
石头: 4071
呼符: 311
体力: 29.64333333333333 / 138
友情点: 0 / 435140`
_2024-06-17 04:38:11_
--------
*cfc6f5db8c35c873efe5e926f6ed3823*
`登陆天数: 25天 / 663天
等级: 130
石头: 4064
呼符: 253
体力: 29.61333333333333 / 138
友情点: 0 / 435300`
_2024-06-17 04:38:19_
--------
*a454e5e2228e97d806693c7e3200592c*
`登陆天数: 25天 / 663天
等级: 130
石头: 4065
呼符: 296
体力: 29.58333333333333 / 138
友情点: 0 / 434505`
_2024-06-17 04:38:27_
--------
*33b7e8b7c55720467861a5516eab0566*
`登陆天数: 25天 / 662天
等级: 130
石头: 4068
呼符: 284
体力: 29.553333333333327 / 138
友情点: 0 / 434370`
_2024-06-17 04:38:35_
--------
*8d09061b925596bea85dad72de74d648*
`登陆天数: 25天 / 662天
等级: 130
石头: 4025
呼符: 312
体力: 29.523333333333326 / 138
友情点: 0 / 434515`
_2024-06-17 04:38:43_
--------
*655e425127745c34b48399779b7fc007*
`登陆天数: 25天 / 663天
等级: 130
石头: 4071
呼符: 262
体力: 29.49333333333334 / 138
友情点: 0 / 434850`
_2024-06-17 04:38:51_
--------
*6e8a0efb98104c41161f02865a05c823*
`登陆天数: 25天 / 662天
等级: 130
石头: 4065
呼符: 315
体力: 29.46333333333334 / 138
友情点: 0 / 434530`
_2024-06-17 04:38:59_
--------
*5cb9d8fd12616e6a944a9b70836a69e5*
`登陆天数: 25天 / 663天
等级: 130
石头: 4069
呼符: 254
体力: 29.433333333333337 / 138
友情点: 0 / 434595`
_2024-06-17 04:39:07_
--------
*8ce4ee5736fda5332fa2d3cafa76ee81*
`登陆天数: 25天 / 662天
等级: 130
石头: 4065
呼符: 331
体力: 29.403333333333336 / 138
友情点: 0 / 433780`
_2024-06-17 04:39:15_
--------
*dc13980c543b0835901781fd9002261d*
`登陆天数: 25天 / 662天
等级: 130
石头: 4080
呼符: 87
体力: 29.373333333333335 / 138
友情点: 0 / 436610`
_2024-06-17 04:39:23_
--------
*658018fc36eafa4d1869327387ba2b05*
`登陆天数: 25天 / 662天
等级: 130
石头: 4063
呼符: 203
体力: 29.346666666666664 / 138
友情点: 0 / 433895`
_2024-06-17 04:39:31_
--------
*64c4c896d18fe832631d4b472b70fb59*
`登陆天数: 25天 / 663天
等级: 130
石头: 4056
呼符: 130
体力: 29.316666666666663 / 138
友情点: 0 / 434710`
_2024-06-17 04:39:39_
--------
*6586b4cd72ce8d9b67d0bff92e42eb89*
`登陆天数: 25天 / 663天
等级: 130
石头: 4067
呼符: 301
体力: 29.28666666666666 / 138
友情点: 0 / 435005`
_2024-06-17 04:39:47_
--------
*5daa4d76ed9e474769a50adafd05592a*
`登陆天数: 25天 / 662天
等级: 130
石头: 4076
呼符: 301
体力: 29.25666666666666 / 138
友情点: 0 / 434900`
_2024-06-17 04:39:55_
--------
*48bd55dd186a623bf2ee43b460744580*
`登陆天数: 25天 / 663天
等级: 130
石头: 4072
呼符: 169
体力: 29.230000000000004 / 138
友情点: 0 / 433415`
_2024-06-17 04:40:03_
--------
*f6fe73e7d59e80ee979f0b4bb538af75*
`登陆天数: 25天 / 663天
等级: 130
石头: 4060
呼符: 273
体力: 29.200000000000003 / 138
友情点: 0 / 435775`
_2024-06-17 04:40:11_
--------
*275480bee21d7e3e235370919f352a8d*
`登陆天数: 25天 / 662天
等级: 130
石头: 4067
呼符: 164
体力: 29.17 / 138
友情点: 0 / 434440`
_2024-06-17 04:40:19_
--------
*5977d6e04a944ed5b81b79b2845ba2b0*
`登陆天数: 25天 / 663天
等级: 130
石头: 4062
呼符: 277
体力: 31.78666666666666 / 138
友情点: 0 / 442880`
_2024-06-17 04:40:27_
--------
