【登录信息】
*3a5ce68e3040b831f27a2482965a0981*
`登陆天数: 26天 / 663天
等级: 130
石头: 4032
呼符: 199
体力: 29.816666666666663 / 138
友情点: 0 / 427640`
_2024-06-18 04:30:48_
--------
*0b326b80ee90ddc5c0586133d7576851*
`登陆天数: 26天 / 663天
等级: 130
石头: 4069
呼符: 308
体力: 29.78666666666666 / 138
友情点: 0 / 430580`
_2024-06-18 04:30:56_
--------
*74697c3823f19d7fab61246545eb0ede*
`登陆天数: 26天 / 663天
等级: 130
石头: 4068
呼符: 233
体力: 29.75333333333333 / 138
友情点: 0 / 428190`
_2024-06-18 04:31:04_
--------
*e4fb0c2b4c8352a2ae1be7f8ccdf6d36*
`登陆天数: 26天 / 664天
等级: 130
石头: 4069
呼符: 147
体力: 29.72333333333333 / 138
友情点: 0 / 428630`
_2024-06-18 04:31:12_
--------
*6ab709d32466f51ec4fa1341b9165ccc*
`登陆天数: 26天 / 664天
等级: 130
石头: 4071
呼符: 172
体力: 29.693333333333328 / 138
友情点: 0 / 429970`
_2024-06-18 04:31:20_
--------
*0a48075c965ad40cbadccf165e92da4f*
`登陆天数: 26天 / 664天
等级: 130
石头: 4061
呼符: 133
体力: 29.659999999999997 / 138
友情点: 0 / 429635`
_2024-06-18 04:31:29_
--------
*be925f73d81d0d6d33e9718900ceb739*
`登陆天数: 26天 / 663天
等级: 130
石头: 4066
呼符: 295
体力: 29.63333333333334 / 138
友情点: 0 / 429355`
_2024-06-18 04:31:37_
--------
*38d7d228036e9dc76c0c1db83328d53b*
`登陆天数: 26天 / 663天
等级: 130
石头: 4054
呼符: 94
体力: 29.60333333333334 / 138
友情点: 0 / 428355`
_2024-06-18 04:31:46_
--------
*c5af6c5b4703f2189c4e0e2f87483127*
`登陆天数: 26天 / 663天
等级: 130
石头: 4077
呼符: 282
体力: 29.573333333333338 / 138
友情点: 0 / 427370`
_2024-06-18 04:31:54_
--------
*eb2e91264e84159f941f5f937e03c737*
`登陆天数: 26天 / 664天
等级: 130
石头: 4061
呼符: 303
体力: 29.543333333333337 / 138
友情点: 0 / 429245`
_2024-06-18 04:32:02_
--------
*38631be9ab728195d00806c3137f9b21*
`登陆天数: 26天 / 664天
等级: 130
石头: 4066
呼符: 114
体力: 29.513333333333335 / 138
友情点: 0 / 428990`
_2024-06-18 04:32:10_
--------
*fe865e3fd213fe4b3a9ba045c6662468*
`登陆天数: 26天 / 664天
等级: 130
石头: 4071
呼符: 315
体力: 29.480000000000004 / 138
友情点: 0 / 428690`
_2024-06-18 04:32:18_
--------
*c4c934f9e7ef5715f8c62c6e6c9123b3*
`登陆天数: 26天 / 664天
等级: 130
石头: 4075
呼符: 278
体力: 29.450000000000003 / 138
友情点: 0 / 429155`
_2024-06-18 04:32:26_
--------
*ce8f9a13fa8e76708d380b36003f9cd5*
`登陆天数: 26天 / 663天
等级: 130
石头: 4057
呼符: 34
体力: 29.42 / 138
友情点: 0 / 431650`
_2024-06-18 04:32:35_
--------
*e5c48960da70eba0f4f8d0d510bf78e0*
`登陆天数: 26天 / 664天
等级: 130
石头: 4059
呼符: 330
体力: 29.39 / 138
友情点: 0 / 428095`
_2024-06-18 04:32:43_
--------
*4405af549ce443ef2f7976696d661866*
`登陆天数: 26天 / 664天
等级: 130
石头: 4064
呼符: 311
体力: 29.36333333333333 / 138
友情点: 0 / 429420`
_2024-06-18 04:32:51_
--------
*e2921bcf04080e3dd1aacb3c12380f67*
`登陆天数: 26天 / 663天
等级: 130
石头: 4065
呼符: 189
体力: 29.33 / 138
友情点: 0 / 430175`
_2024-06-18 04:32:59_
--------
*b0886b7f1d6e841b7a5e91cc243e5f8c*
`登陆天数: 26天 / 663天
等级: 130
石头: 4102
呼符: 277
体力: 29.299999999999997 / 138
友情点: 0 / 428800`
_2024-06-18 04:33:07_
--------
*66a0e7157fe05c26b21583029d728d32*
`登陆天数: 26天 / 664天
等级: 130
石头: 4061
呼符: 35
体力: 29.273333333333326 / 138
友情点: 0 / 428270`
_2024-06-18 04:33:16_
--------
*5f40697aa041c6b426bfcfeca1ca12c1*
`登陆天数: 26天 / 664天
等级: 130
石头: 4066
呼符: 263
体力: 29.239999999999995 / 138
友情点: 0 / 428115`
_2024-06-18 04:33:24_
--------
*9c1892e397d191d6fcc7dc5dc5be71f0*
`登陆天数: 26天 / 663天
等级: 130
石头: 4071
呼符: 45
体力: 29.209999999999994 / 138
友情点: 0 / 430285`
_2024-06-18 04:33:32_
--------
*01d2b872fec2a66c79d57c37292eabc5*
`登陆天数: 26天 / 663天
等级: 130
石头: 4062
呼符: 257
体力: 29.183333333333337 / 138
友情点: 0 / 428580`
_2024-06-18 04:33:41_
--------
*37d0bc24afdfa1c17d94783735b0484e*
`登陆天数: 26天 / 664天
等级: 130
石头: 4067
呼符: 82
体力: 29.153333333333336 / 138
友情点: 0 / 427950`
_2024-06-18 04:33:49_
--------
*5d190817063a3e0f13b56309b7dc6cfa*
`登陆天数: 26天 / 663天
等级: 130
石头: 4060
呼符: 34
体力: 29.123333333333335 / 138
友情点: 0 / 428755`
_2024-06-18 04:33:58_
--------
*0801d21be993356fcda0fb223ae3ca29*
`登陆天数: 26天 / 664天
等级: 130
石头: 4065
呼符: 293
体力: 29.096666666666664 / 138
友情点: 0 / 429365`
_2024-06-18 04:34:06_
--------
*bdb7cac1e658d382ed7bfa28c9582d2c*
`登陆天数: 26天 / 664天
等级: 130
石头: 4067
呼符: 331
体力: 29.066666666666663 / 138
友情点: 0 / 428260`
_2024-06-18 04:34:14_
--------
*2475c49cf312801248bc8b2f02851347*
`登陆天数: 26天 / 664天
等级: 130
石头: 4065
呼符: 35
体力: 29.03333333333333 / 138
友情点: 0 / 428410`
_2024-06-18 04:34:22_
--------
*da3c25d877439cd5268ebb87300de979*
`登陆天数: 26天 / 664天
等级: 130
石头: 4073
呼符: 296
体力: 29.0 / 138
友情点: 0 / 428005`
_2024-06-18 04:34:30_
--------
*028860528d87d1439bb910bbf58d0bb7*
`登陆天数: 26天 / 664天
等级: 130
石头: 4071
呼符: 228
体力: 28.97 / 138
友情点: 0 / 431185`
_2024-06-18 04:34:38_
--------
*8be2f971c62e79b5fdf7440165c58b71*
`登陆天数: 26天 / 663天
等级: 130
石头: 4072
呼符: 176
体力: 28.939999999999998 / 138
友情点: 0 / 428095`
_2024-06-18 04:34:47_
--------
*367ea55797900054de95a953ff644e8a*
`登陆天数: 26天 / 664天
等级: 130
石头: 4066
呼符: 279
体力: 28.913333333333327 / 138
友情点: 0 / 430280`
_2024-06-18 04:34:55_
--------
*b842cec75470f055070b0695c4c63276*
`登陆天数: 26天 / 664天
等级: 130
石头: 4077
呼符: 301
体力: 28.88333333333334 / 138
友情点: 0 / 429080`
_2024-06-18 04:35:03_
--------
*ddfd3d053ad9760065ab28dce632ddf2*
`登陆天数: 26天 / 663天
等级: 130
石头: 4071
呼符: 311
体力: 28.85666666666667 / 138
友情点: 0 / 429140`
_2024-06-18 04:35:11_
--------
*cfc6f5db8c35c873efe5e926f6ed3823*
`登陆天数: 26天 / 664天
等级: 130
石头: 4064
呼符: 253
体力: 28.826666666666668 / 138
友情点: 0 / 429300`
_2024-06-18 04:35:20_
--------
*a454e5e2228e97d806693c7e3200592c*
`登陆天数: 26天 / 664天
等级: 130
石头: 4065
呼符: 296
体力: 28.803333333333327 / 138
友情点: 0 / 428505`
_2024-06-18 04:35:28_
--------
*33b7e8b7c55720467861a5516eab0566*
`登陆天数: 26天 / 663天
等级: 130
石头: 4068
呼符: 284
体力: 28.769999999999996 / 138
友情点: 0 / 428370`
_2024-06-18 04:35:36_
--------
*8d09061b925596bea85dad72de74d648*
`登陆天数: 26天 / 663天
等级: 130
石头: 4025
呼符: 312
体力: 28.74333333333334 / 138
友情点: 0 / 428515`
_2024-06-18 04:35:44_
--------
*655e425127745c34b48399779b7fc007*
`登陆天数: 26天 / 664天
等级: 130
石头: 4071
呼符: 262
体力: 28.71333333333334 / 138
友情点: 0 / 428850`
_2024-06-18 04:35:52_
--------
*6e8a0efb98104c41161f02865a05c823*
`登陆天数: 26天 / 663天
等级: 130
石头: 4065
呼符: 315
体力: 28.683333333333337 / 138
友情点: 0 / 428530`
_2024-06-18 04:36:01_
--------
*5cb9d8fd12616e6a944a9b70836a69e5*
`登陆天数: 26天 / 664天
等级: 130
石头: 4069
呼符: 254
体力: 28.659999999999997 / 138
友情点: 0 / 428595`
_2024-06-18 04:36:09_
--------
*8ce4ee5736fda5332fa2d3cafa76ee81*
`登陆天数: 26天 / 663天
等级: 130
石头: 4065
呼符: 331
体力: 28.626666666666665 / 138
友情点: 0 / 427780`
_2024-06-18 04:36:17_
--------
*dc13980c543b0835901781fd9002261d*
`登陆天数: 26天 / 663天
等级: 130
石头: 4080
呼符: 87
体力: 28.599999999999994 / 138
友情点: 0 / 430610`
_2024-06-18 04:36:26_
--------
*658018fc36eafa4d1869327387ba2b05*
`登陆天数: 26天 / 663天
等级: 130
石头: 4063
呼符: 203
体力: 28.569999999999993 / 138
友情点: 0 / 427895`
_2024-06-18 04:36:34_
--------
*64c4c896d18fe832631d4b472b70fb59*
`登陆天数: 26天 / 664天
等级: 130
石头: 4056
呼符: 130
体力: 28.53666666666666 / 138
友情点: 0 / 428710`
_2024-06-18 04:36:42_
--------
*6586b4cd72ce8d9b67d0bff92e42eb89*
`登陆天数: 26天 / 664天
等级: 130
石头: 4067
呼符: 301
体力: 28.50666666666666 / 138
友情点: 0 / 429005`
_2024-06-18 04:36:51_
--------
*5daa4d76ed9e474769a50adafd05592a*
`登陆天数: 26天 / 663天
等级: 130
石头: 4076
呼符: 301
体力: 28.480000000000004 / 138
友情点: 0 / 428900`
_2024-06-18 04:36:59_
--------
*48bd55dd186a623bf2ee43b460744580*
`登陆天数: 26天 / 664天
等级: 130
石头: 4072
呼符: 169
体力: 28.450000000000003 / 138
友情点: 0 / 427415`
_2024-06-18 04:37:07_
--------
*f6fe73e7d59e80ee979f0b4bb538af75*
`登陆天数: 26天 / 664天
等级: 130
石头: 4060
呼符: 273
体力: 28.423333333333332 / 138
友情点: 0 / 429775`
_2024-06-18 04:37:16_
--------
*275480bee21d7e3e235370919f352a8d*
`登陆天数: 26天 / 663天
等级: 130
石头: 4067
呼符: 164
体力: 28.39333333333333 / 138
友情点: 0 / 428440`
_2024-06-18 04:37:24_
--------
*5977d6e04a944ed5b81b79b2845ba2b0*
`登陆天数: 26天 / 664天
等级: 130
石头: 4062
呼符: 277
体力: 31.159999999999997 / 138
友情点: 0 / 436880`
_2024-06-18 04:37:32_
--------
