【登录信息】
*3a5ce68e3040b831f27a2482965a0981*
`登陆天数: 28天 / 665天
等级: 130
石头: 4040
呼符: 200
体力: 30.069999999999993 / 138
友情点: 0 / 415640`
_2024-06-20 04:29:41_
--------
*0b326b80ee90ddc5c0586133d7576851*
`登陆天数: 28天 / 665天
等级: 130
石头: 4077
呼符: 309
体力: 30.040000000000006 / 138
友情点: 0 / 418580`
_2024-06-20 04:29:49_
--------
*74697c3823f19d7fab61246545eb0ede*
`登陆天数: 28天 / 665天
等级: 130
石头: 4076
呼符: 234
体力: 30.013333333333335 / 138
友情点: 0 / 416190`
_2024-06-20 04:29:56_
--------
*e4fb0c2b4c8352a2ae1be7f8ccdf6d36*
`登陆天数: 28天 / 666天
等级: 130
石头: 4077
呼符: 148
体力: 29.983333333333334 / 138
友情点: 0 / 416630`
_2024-06-20 04:30:04_
--------
*6ab709d32466f51ec4fa1341b9165ccc*
`登陆天数: 28天 / 666天
等级: 130
石头: 4079
呼符: 173
体力: 29.953333333333333 / 138
友情点: 0 / 417970`
_2024-06-20 04:30:12_
--------
*0a48075c965ad40cbadccf165e92da4f*
`登陆天数: 28天 / 666天
等级: 130
石头: 4069
呼符: 134
体力: 29.923333333333332 / 138
友情点: 0 / 417635`
_2024-06-20 04:30:19_
--------
*be925f73d81d0d6d33e9718900ceb739*
`登陆天数: 28天 / 665天
等级: 130
石头: 4074
呼符: 296
体力: 29.89666666666666 / 138
友情点: 0 / 417355`
_2024-06-20 04:30:27_
--------
*38d7d228036e9dc76c0c1db83328d53b*
`登陆天数: 28天 / 665天
等级: 130
石头: 4062
呼符: 95
体力: 29.86333333333333 / 138
友情点: 0 / 416355`
_2024-06-20 04:30:35_
--------
*c5af6c5b4703f2189c4e0e2f87483127*
`登陆天数: 28天 / 665天
等级: 130
石头: 4085
呼符: 283
体力: 29.840000000000003 / 138
友情点: 0 / 415370`
_2024-06-20 04:30:43_
--------
*eb2e91264e84159f941f5f937e03c737*
`登陆天数: 28天 / 666天
等级: 130
石头: 4069
呼符: 304
体力: 29.813333333333333 / 138
友情点: 0 / 417245`
_2024-06-20 04:30:51_
--------
*38631be9ab728195d00806c3137f9b21*
`登陆天数: 28天 / 666天
等级: 130
石头: 4074
呼符: 115
体力: 29.790000000000006 / 138
友情点: 0 / 416990`
_2024-06-20 04:31:00_
--------
*fe865e3fd213fe4b3a9ba045c6662468*
`登陆天数: 28天 / 666天
等级: 130
石头: 4079
呼符: 316
体力: 29.763333333333335 / 138
友情点: 0 / 416690`
_2024-06-20 04:31:08_
--------
*c4c934f9e7ef5715f8c62c6e6c9123b3*
`登陆天数: 28天 / 666天
等级: 130
石头: 4083
呼符: 279
体力: 29.730000000000004 / 138
友情点: 0 / 417155`
_2024-06-20 04:31:16_
--------
*ce8f9a13fa8e76708d380b36003f9cd5*
`登陆天数: 28天 / 665天
等级: 130
石头: 4065
呼符: 35
体力: 29.703333333333333 / 138
友情点: 0 / 419650`
_2024-06-20 04:31:24_
--------
*e5c48960da70eba0f4f8d0d510bf78e0*
`登陆天数: 28天 / 666天
等级: 130
石头: 4067
呼符: 331
体力: 29.680000000000007 / 138
友情点: 0 / 416095`
_2024-06-20 04:31:32_
--------
*4405af549ce443ef2f7976696d661866*
`登陆天数: 28天 / 666天
等级: 130
石头: 4072
呼符: 312
体力: 29.653333333333336 / 138
友情点: 0 / 417420`
_2024-06-20 04:31:40_
--------
*e2921bcf04080e3dd1aacb3c12380f67*
`登陆天数: 28天 / 665天
等级: 130
石头: 4073
呼符: 190
体力: 29.626666666666665 / 138
友情点: 0 / 418175`
_2024-06-20 04:31:49_
--------
*b0886b7f1d6e841b7a5e91cc243e5f8c*
`登陆天数: 28天 / 665天
等级: 130
石头: 4110
呼符: 278
体力: 29.599999999999994 / 138
友情点: 0 / 416800`
_2024-06-20 04:31:57_
--------
*66a0e7157fe05c26b21583029d728d32*
`登陆天数: 28天 / 666天
等级: 130
石头: 4069
呼符: 36
体力: 29.573333333333338 / 138
友情点: 0 / 416270`
_2024-06-20 04:32:05_
--------
*5f40697aa041c6b426bfcfeca1ca12c1*
`登陆天数: 28天 / 666天
等级: 130
石头: 4074
呼符: 264
体力: 29.546666666666667 / 138
友情点: 0 / 416115`
_2024-06-20 04:32:13_
--------
*9c1892e397d191d6fcc7dc5dc5be71f0*
`登陆天数: 28天 / 665天
等级: 130
石头: 4079
呼符: 46
体力: 29.516666666666666 / 138
友情点: 0 / 418285`
_2024-06-20 04:32:21_
--------
*01d2b872fec2a66c79d57c37292eabc5*
`登陆天数: 28天 / 665天
等级: 130
石头: 4070
呼符: 258
体力: 29.486666666666665 / 138
友情点: 0 / 416580`
_2024-06-20 04:32:30_
--------
*37d0bc24afdfa1c17d94783735b0484e*
`登陆天数: 28天 / 666天
等级: 130
石头: 4075
呼符: 83
体力: 29.46666666666667 / 138
友情点: 0 / 415950`
_2024-06-20 04:32:38_
--------
*5d190817063a3e0f13b56309b7dc6cfa*
`登陆天数: 28天 / 665天
等级: 130
石头: 4068
呼符: 35
体力: 29.436666666666667 / 138
友情点: 0 / 416755`
_2024-06-20 04:32:46_
--------
*0801d21be993356fcda0fb223ae3ca29*
`登陆天数: 28天 / 666天
等级: 130
石头: 4073
呼符: 294
体力: 29.409999999999997 / 138
友情点: 0 / 417365`
_2024-06-20 04:32:55_
--------
*bdb7cac1e658d382ed7bfa28c9582d2c*
`登陆天数: 28天 / 666天
等级: 130
石头: 4075
呼符: 332
体力: 29.38333333333334 / 138
友情点: 0 / 416260`
_2024-06-20 04:33:03_
--------
*2475c49cf312801248bc8b2f02851347*
`登陆天数: 28天 / 666天
等级: 130
石头: 4073
呼符: 36
体力: 29.36 / 138
友情点: 0 / 416410`
_2024-06-20 04:33:11_
--------
*da3c25d877439cd5268ebb87300de979*
`登陆天数: 28天 / 666天
等级: 130
石头: 4081
呼符: 297
体力: 29.33333333333333 / 138
友情点: 0 / 416005`
_2024-06-20 04:33:19_
--------
*028860528d87d1439bb910bbf58d0bb7*
`登陆天数: 28天 / 666天
等级: 130
石头: 4079
呼符: 229
体力: 29.303333333333327 / 138
友情点: 0 / 419185`
_2024-06-20 04:33:27_
--------
*8be2f971c62e79b5fdf7440165c58b71*
`登陆天数: 28天 / 665天
等级: 130
石头: 4080
呼符: 177
体力: 29.27666666666667 / 138
友情点: 0 / 416095`
_2024-06-20 04:33:36_
--------
*367ea55797900054de95a953ff644e8a*
`登陆天数: 28天 / 666天
等级: 130
石头: 4074
呼符: 280
体力: 29.25 / 138
友情点: 0 / 418280`
_2024-06-20 04:33:44_
--------
*b842cec75470f055070b0695c4c63276*
`登陆天数: 28天 / 666天
等级: 130
石头: 4085
呼符: 302
体力: 29.22333333333333 / 138
友情点: 0 / 417080`
_2024-06-20 04:33:51_
--------
*ddfd3d053ad9760065ab28dce632ddf2*
`登陆天数: 28天 / 665天
等级: 130
石头: 4079
呼符: 312
体力: 29.193333333333328 / 138
友情点: 0 / 417140`
_2024-06-20 04:34:00_
--------
*cfc6f5db8c35c873efe5e926f6ed3823*
`登陆天数: 28天 / 666天
等级: 130
石头: 4072
呼符: 254
体力: 29.16666666666667 / 138
友情点: 0 / 417300`
_2024-06-20 04:34:07_
--------
*a454e5e2228e97d806693c7e3200592c*
`登陆天数: 28天 / 666天
等级: 130
石头: 4073
呼符: 297
体力: 29.14 / 138
友情点: 0 / 416505`
_2024-06-20 04:34:15_
--------
*33b7e8b7c55720467861a5516eab0566*
`登陆天数: 28天 / 665天
等级: 130
石头: 4076
呼符: 285
体力: 29.11 / 138
友情点: 0 / 416370`
_2024-06-20 04:34:23_
--------
*8d09061b925596bea85dad72de74d648*
`登陆天数: 28天 / 665天
等级: 130
石头: 4033
呼符: 313
体力: 29.08333333333333 / 138
友情点: 0 / 416515`
_2024-06-20 04:34:30_
--------
*655e425127745c34b48399779b7fc007*
`登陆天数: 28天 / 666天
等级: 130
石头: 4079
呼符: 263
体力: 29.056666666666672 / 138
友情点: 0 / 416850`
_2024-06-20 04:34:38_
--------
*6e8a0efb98104c41161f02865a05c823*
`登陆天数: 28天 / 665天
等级: 130
石头: 4073
呼符: 316
体力: 29.03 / 138
友情点: 0 / 416530`
_2024-06-20 04:34:46_
--------
*5cb9d8fd12616e6a944a9b70836a69e5*
`登陆天数: 28天 / 666天
等级: 130
石头: 4077
呼符: 255
体力: 29.0 / 138
友情点: 0 / 416595`
_2024-06-20 04:34:54_
--------
*8ce4ee5736fda5332fa2d3cafa76ee81*
`登陆天数: 28天 / 665天
等级: 130
石头: 4073
呼符: 332
体力: 28.976666666666674 / 138
友情点: 0 / 415780`
_2024-06-20 04:35:02_
--------
*dc13980c543b0835901781fd9002261d*
`登陆天数: 28天 / 665天
等级: 130
石头: 4088
呼符: 88
体力: 28.950000000000003 / 138
友情点: 0 / 418610`
_2024-06-20 04:35:10_
--------
*658018fc36eafa4d1869327387ba2b05*
`登陆天数: 28天 / 665天
等级: 130
石头: 4071
呼符: 204
体力: 28.923333333333332 / 138
友情点: 0 / 415895`
_2024-06-20 04:35:18_
--------
*64c4c896d18fe832631d4b472b70fb59*
`登陆天数: 28天 / 666天
等级: 130
石头: 4064
呼符: 131
体力: 28.89333333333333 / 138
友情点: 0 / 416710`
_2024-06-20 04:35:26_
--------
*6586b4cd72ce8d9b67d0bff92e42eb89*
`登陆天数: 28天 / 666天
等级: 130
石头: 4075
呼符: 302
体力: 28.870000000000005 / 138
友情点: 0 / 417005`
_2024-06-20 04:35:35_
--------
*5daa4d76ed9e474769a50adafd05592a*
`登陆天数: 28天 / 665天
等级: 130
石头: 4084
呼符: 302
体力: 28.843333333333334 / 138
友情点: 0 / 416900`
_2024-06-20 04:35:43_
--------
*48bd55dd186a623bf2ee43b460744580*
`登陆天数: 28天 / 666天
等级: 130
石头: 4080
呼符: 170
体力: 28.816666666666663 / 138
友情点: 0 / 415415`
_2024-06-20 04:35:51_
--------
*f6fe73e7d59e80ee979f0b4bb538af75*
`登陆天数: 28天 / 666天
等级: 130
石头: 4068
呼符: 274
体力: 28.790000000000006 / 138
友情点: 0 / 417775`
_2024-06-20 04:35:59_
--------
*275480bee21d7e3e235370919f352a8d*
`登陆天数: 28天 / 665天
等级: 130
石头: 4075
呼符: 165
体力: 28.763333333333335 / 138
友情点: 0 / 416440`
_2024-06-20 04:36:08_
--------
*5977d6e04a944ed5b81b79b2845ba2b0*
`登陆天数: 28天 / 666天
等级: 130
石头: 4070
呼符: 278
体力: 31.28 / 138
友情点: 0 / 424880`
_2024-06-20 04:36:16_
--------
