【登录信息】
*3a5ce68e3040b831f27a2482965a0981*
`登陆天数: 30天 / 667天
等级: 130
石头: 4041
呼符: 201
体力: 29.576666666666668 / 138
友情点: 0 / 405640`
_2024-06-22 04:29:24_
--------
*0b326b80ee90ddc5c0586133d7576851*
`登陆天数: 30天 / 667天
等级: 130
石头: 4078
呼符: 310
体力: 29.549999999999997 / 138
友情点: 0 / 408580`
_2024-06-22 04:29:32_
--------
*74697c3823f19d7fab61246545eb0ede*
`登陆天数: 30天 / 667天
等级: 130
石头: 4077
呼符: 235
体力: 29.519999999999996 / 138
友情点: 0 / 406190`
_2024-06-22 04:29:39_
--------
*e4fb0c2b4c8352a2ae1be7f8ccdf6d36*
`登陆天数: 30天 / 668天
等级: 130
石头: 4078
呼符: 149
体力: 29.489999999999995 / 138
友情点: 0 / 406630`
_2024-06-22 04:29:47_
--------
*6ab709d32466f51ec4fa1341b9165ccc*
`登陆天数: 30天 / 668天
等级: 130
石头: 4080
呼符: 174
体力: 29.459999999999994 / 138
友情点: 0 / 407970`
_2024-06-22 04:29:54_
--------
*0a48075c965ad40cbadccf165e92da4f*
`登陆天数: 30天 / 668天
等级: 130
石头: 4070
呼符: 135
体力: 29.430000000000007 / 138
友情点: 0 / 407635`
_2024-06-22 04:30:02_
--------
*be925f73d81d0d6d33e9718900ceb739*
`登陆天数: 30天 / 667天
等级: 130
石头: 4075
呼符: 297
体力: 29.400000000000006 / 138
友情点: 0 / 407355`
_2024-06-22 04:30:10_
--------
*38d7d228036e9dc76c0c1db83328d53b*
`登陆天数: 30天 / 667天
等级: 130
石头: 4063
呼符: 96
体力: 29.373333333333335 / 138
友情点: 0 / 406355`
_2024-06-22 04:30:18_
--------
*c5af6c5b4703f2189c4e0e2f87483127*
`登陆天数: 30天 / 667天
等级: 130
石头: 4086
呼符: 284
体力: 29.346666666666664 / 138
友情点: 0 / 405370`
_2024-06-22 04:30:25_
--------
*eb2e91264e84159f941f5f937e03c737*
`登陆天数: 30天 / 668天
等级: 130
石头: 4070
呼符: 305
体力: 29.316666666666663 / 138
友情点: 0 / 407245`
_2024-06-22 04:30:33_
--------
*38631be9ab728195d00806c3137f9b21*
`登陆天数: 30天 / 668天
等级: 130
石头: 4075
呼符: 116
体力: 29.28666666666666 / 138
友情点: 0 / 406990`
_2024-06-22 04:30:40_
--------
*fe865e3fd213fe4b3a9ba045c6662468*
`登陆天数: 30天 / 668天
等级: 130
石头: 4080
呼符: 317
体力: 29.260000000000005 / 138
友情点: 0 / 406690`
_2024-06-22 04:30:48_
--------
*c4c934f9e7ef5715f8c62c6e6c9123b3*
`登陆天数: 30天 / 668天
等级: 130
石头: 4084
呼符: 280
体力: 29.226666666666674 / 138
友情点: 0 / 407155`
_2024-06-22 04:30:56_
--------
*ce8f9a13fa8e76708d380b36003f9cd5*
`登陆天数: 30天 / 667天
等级: 130
石头: 4066
呼符: 36
体力: 29.200000000000003 / 138
友情点: 0 / 409650`
_2024-06-22 04:31:04_
--------
*e5c48960da70eba0f4f8d0d510bf78e0*
`登陆天数: 30天 / 668天
等级: 130
石头: 4068
呼符: 332
体力: 29.173333333333332 / 138
友情点: 0 / 406095`
_2024-06-22 04:31:11_
--------
*4405af549ce443ef2f7976696d661866*
`登陆天数: 30天 / 668天
等级: 130
石头: 4073
呼符: 313
体力: 29.14333333333333 / 138
友情点: 0 / 407420`
_2024-06-22 04:31:19_
--------
*e2921bcf04080e3dd1aacb3c12380f67*
`登陆天数: 30天 / 667天
等级: 130
石头: 4074
呼符: 191
体力: 29.11333333333333 / 138
友情点: 0 / 408175`
_2024-06-22 04:31:27_
--------
*b0886b7f1d6e841b7a5e91cc243e5f8c*
`登陆天数: 30天 / 667天
等级: 130
石头: 4111
呼符: 279
体力: 29.086666666666673 / 138
友情点: 0 / 406800`
_2024-06-22 04:31:34_
--------
*66a0e7157fe05c26b21583029d728d32*
`登陆天数: 30天 / 668天
等级: 130
石头: 4070
呼符: 37
体力: 29.060000000000002 / 138
友情点: 0 / 406270`
_2024-06-22 04:31:42_
--------
*5f40697aa041c6b426bfcfeca1ca12c1*
`登陆天数: 30天 / 668天
等级: 130
石头: 4075
呼符: 265
体力: 29.03 / 138
友情点: 0 / 406115`
_2024-06-22 04:31:50_
--------
*9c1892e397d191d6fcc7dc5dc5be71f0*
`登陆天数: 30天 / 667天
等级: 130
石头: 4080
呼符: 47
体力: 29.0 / 138
友情点: 0 / 408285`
_2024-06-22 04:31:58_
--------
*01d2b872fec2a66c79d57c37292eabc5*
`登陆天数: 30天 / 667天
等级: 130
石头: 4071
呼符: 259
体力: 28.97 / 138
友情点: 0 / 406580`
_2024-06-22 04:32:05_
--------
*37d0bc24afdfa1c17d94783735b0484e*
`登陆天数: 30天 / 668天
等级: 130
石头: 4076
呼符: 84
体力: 28.943333333333328 / 138
友情点: 0 / 405950`
_2024-06-22 04:32:13_
--------
*5d190817063a3e0f13b56309b7dc6cfa*
`登陆天数: 30天 / 667天
等级: 130
石头: 4069
呼符: 36
体力: 28.909999999999997 / 138
友情点: 0 / 406755`
_2024-06-22 04:32:21_
--------
*0801d21be993356fcda0fb223ae3ca29*
`登陆天数: 30天 / 668天
等级: 130
石头: 4074
呼符: 295
体力: 28.88333333333334 / 138
友情点: 0 / 407365`
_2024-06-22 04:32:29_
--------
*bdb7cac1e658d382ed7bfa28c9582d2c*
`登陆天数: 30天 / 668天
等级: 130
石头: 4076
呼符: 333
体力: 28.85666666666667 / 138
友情点: 0 / 406260`
_2024-06-22 04:32:36_
--------
*2475c49cf312801248bc8b2f02851347*
`登陆天数: 30天 / 668天
等级: 130
石头: 4074
呼符: 37
体力: 28.83 / 138
友情点: 0 / 406410`
_2024-06-22 04:32:44_
--------
*da3c25d877439cd5268ebb87300de979*
`登陆天数: 30天 / 668天
等级: 130
石头: 4082
呼符: 298
体力: 28.803333333333327 / 138
友情点: 0 / 406005`
_2024-06-22 04:32:52_
--------
*028860528d87d1439bb910bbf58d0bb7*
`登陆天数: 30天 / 668天
等级: 130
石头: 4080
呼符: 230
体力: 28.773333333333326 / 138
友情点: 0 / 409185`
_2024-06-22 04:33:00_
--------
*8be2f971c62e79b5fdf7440165c58b71*
`登陆天数: 30天 / 667天
等级: 130
石头: 4081
呼符: 178
体力: 28.74333333333334 / 138
友情点: 0 / 406095`
_2024-06-22 04:33:08_
--------
*367ea55797900054de95a953ff644e8a*
`登陆天数: 30天 / 668天
等级: 130
石头: 4075
呼符: 281
体力: 28.71666666666667 / 138
友情点: 0 / 408280`
_2024-06-22 04:33:16_
--------
*b842cec75470f055070b0695c4c63276*
`登陆天数: 30天 / 668天
等级: 130
石头: 4086
呼符: 303
体力: 28.689999999999998 / 138
友情点: 0 / 407080`
_2024-06-22 04:33:23_
--------
*ddfd3d053ad9760065ab28dce632ddf2*
`登陆天数: 30天 / 667天
等级: 130
石头: 4080
呼符: 313
体力: 28.656666666666666 / 138
友情点: 0 / 407140`
_2024-06-22 04:33:31_
--------
*cfc6f5db8c35c873efe5e926f6ed3823*
`登陆天数: 30天 / 668天
等级: 130
石头: 4073
呼符: 255
体力: 28.629999999999995 / 138
友情点: 0 / 407300`
_2024-06-22 04:33:38_
--------
*a454e5e2228e97d806693c7e3200592c*
`登陆天数: 30天 / 668天
等级: 130
石头: 4074
呼符: 298
体力: 28.596666666666664 / 138
友情点: 0 / 406505`
_2024-06-22 04:33:46_
--------
*33b7e8b7c55720467861a5516eab0566*
`登陆天数: 30天 / 667天
等级: 130
石头: 4077
呼符: 286
体力: 28.569999999999993 / 138
友情点: 0 / 406370`
_2024-06-22 04:33:54_
--------
*8d09061b925596bea85dad72de74d648*
`登陆天数: 30天 / 667天
等级: 130
石头: 4034
呼符: 314
体力: 28.543333333333337 / 138
友情点: 0 / 406515`
_2024-06-22 04:34:01_
--------
*655e425127745c34b48399779b7fc007*
`登陆天数: 30天 / 668天
等级: 130
石头: 4080
呼符: 264
体力: 28.516666666666666 / 138
友情点: 0 / 406850`
_2024-06-22 04:34:09_
--------
*6e8a0efb98104c41161f02865a05c823*
`登陆天数: 30天 / 667天
等级: 130
石头: 4074
呼符: 317
体力: 28.486666666666665 / 138
友情点: 0 / 406530`
_2024-06-22 04:34:17_
--------
*5cb9d8fd12616e6a944a9b70836a69e5*
`登陆天数: 30天 / 668天
等级: 130
石头: 4078
呼符: 256
体力: 28.459999999999994 / 138
友情点: 0 / 406595`
_2024-06-22 04:34:25_
--------
*8ce4ee5736fda5332fa2d3cafa76ee81*
`登陆天数: 30天 / 667天
等级: 130
石头: 4074
呼符: 333
体力: 28.430000000000007 / 138
友情点: 0 / 405780`
_2024-06-22 04:34:33_
--------
*dc13980c543b0835901781fd9002261d*
`登陆天数: 30天 / 667天
等级: 130
石头: 4089
呼符: 89
体力: 28.403333333333336 / 138
友情点: 0 / 408610`
_2024-06-22 04:34:40_
--------
*658018fc36eafa4d1869327387ba2b05*
`登陆天数: 30天 / 667天
等级: 130
石头: 4072
呼符: 205
体力: 28.376666666666665 / 138
友情点: 0 / 405895`
_2024-06-22 04:34:48_
--------
*64c4c896d18fe832631d4b472b70fb59*
`登陆天数: 30天 / 668天
等级: 130
石头: 4065
呼符: 132
体力: 28.349999999999994 / 138
友情点: 0 / 406710`
_2024-06-22 04:34:56_
--------
*6586b4cd72ce8d9b67d0bff92e42eb89*
`登陆天数: 30天 / 668天
等级: 130
石头: 4076
呼符: 303
体力: 28.319999999999993 / 138
友情点: 0 / 407005`
_2024-06-22 04:35:04_
--------
*5daa4d76ed9e474769a50adafd05592a*
`登陆天数: 30天 / 667天
等级: 130
石头: 4085
呼符: 303
体力: 28.293333333333337 / 138
友情点: 0 / 406900`
_2024-06-22 04:35:12_
--------
*48bd55dd186a623bf2ee43b460744580*
`登陆天数: 30天 / 668天
等级: 130
石头: 4081
呼符: 171
体力: 28.266666666666666 / 138
友情点: 0 / 405415`
_2024-06-22 04:35:20_
--------
*f6fe73e7d59e80ee979f0b4bb538af75*
`登陆天数: 30天 / 668天
等级: 130
石头: 4069
呼符: 275
体力: 28.236666666666665 / 138
友情点: 0 / 407775`
_2024-06-22 04:35:27_
--------
*275480bee21d7e3e235370919f352a8d*
`登陆天数: 30天 / 667天
等级: 130
石头: 4076
呼符: 166
体力: 28.209999999999994 / 138
友情点: 0 / 406440`
_2024-06-22 04:35:35_
--------
*5977d6e04a944ed5b81b79b2845ba2b0*
`登陆天数: 30天 / 668天
等级: 130
石头: 4071
呼符: 279
体力: 30.72333333333333 / 138
友情点: 0 / 414880`
_2024-06-22 04:35:43_
--------
