【登录信息】
*3a5ce68e3040b831f27a2482965a0981*
`登陆天数: 31天 / 668天
等级: 130
石头: 4042
呼符: 201
体力: 30.39333333333333 / 138
友情点: 0 / 399640`
_2024-06-23 04:30:04_
--------
*0b326b80ee90ddc5c0586133d7576851*
`登陆天数: 31天 / 668天
等级: 130
石头: 4079
呼符: 310
体力: 30.36 / 138
友情点: 0 / 402580`
_2024-06-23 04:30:11_
--------
*74697c3823f19d7fab61246545eb0ede*
`登陆天数: 31天 / 668天
等级: 130
石头: 4078
呼符: 235
体力: 30.33333333333333 / 138
友情点: 0 / 400190`
_2024-06-23 04:30:19_
--------
*e4fb0c2b4c8352a2ae1be7f8ccdf6d36*
`登陆天数: 31天 / 669天
等级: 130
石头: 4079
呼符: 149
体力: 30.303333333333327 / 138
友情点: 0 / 400630`
_2024-06-23 04:30:27_
--------
*6ab709d32466f51ec4fa1341b9165ccc*
`登陆天数: 31天 / 669天
等级: 130
石头: 4081
呼符: 174
体力: 30.273333333333326 / 138
友情点: 0 / 401970`
_2024-06-23 04:30:35_
--------
*0a48075c965ad40cbadccf165e92da4f*
`登陆天数: 31天 / 669天
等级: 130
石头: 4071
呼符: 135
体力: 30.24333333333334 / 138
友情点: 0 / 401635`
_2024-06-23 04:30:43_
--------
*be925f73d81d0d6d33e9718900ceb739*
`登陆天数: 31天 / 668天
等级: 130
石头: 4076
呼符: 297
体力: 30.21666666666667 / 138
友情点: 0 / 401355`
_2024-06-23 04:30:50_
--------
*38d7d228036e9dc76c0c1db83328d53b*
`登陆天数: 31天 / 668天
等级: 130
石头: 4064
呼符: 96
体力: 30.189999999999998 / 138
友情点: 0 / 400355`
_2024-06-23 04:30:58_
--------
*c5af6c5b4703f2189c4e0e2f87483127*
`登陆天数: 31天 / 668天
等级: 130
石头: 4087
呼符: 284
体力: 30.163333333333327 / 138
友情点: 0 / 399370`
_2024-06-23 04:31:06_
--------
*eb2e91264e84159f941f5f937e03c737*
`登陆天数: 31天 / 669天
等级: 130
石头: 4071
呼符: 305
体力: 30.13333333333334 / 138
友情点: 0 / 401245`
_2024-06-23 04:31:14_
--------
*38631be9ab728195d00806c3137f9b21*
`登陆天数: 31天 / 669天
等级: 130
石头: 4076
呼符: 116
体力: 30.10333333333334 / 138
友情点: 0 / 400990`
_2024-06-23 04:31:22_
--------
*fe865e3fd213fe4b3a9ba045c6662468*
`登陆天数: 31天 / 669天
等级: 130
石头: 4081
呼符: 317
体力: 30.076666666666668 / 138
友情点: 0 / 400690`
_2024-06-23 04:31:30_
--------
*c4c934f9e7ef5715f8c62c6e6c9123b3*
`登陆天数: 31天 / 669天
等级: 130
石头: 4085
呼符: 280
体力: 30.049999999999997 / 138
友情点: 0 / 401155`
_2024-06-23 04:31:37_
--------
*ce8f9a13fa8e76708d380b36003f9cd5*
`登陆天数: 31天 / 668天
等级: 130
石头: 4067
呼符: 36
体力: 30.016666666666666 / 138
友情点: 0 / 403650`
_2024-06-23 04:31:45_
--------
*e5c48960da70eba0f4f8d0d510bf78e0*
`登陆天数: 31天 / 669天
等级: 130
石头: 4069
呼符: 332
体力: 29.989999999999995 / 138
友情点: 0 / 400095`
_2024-06-23 04:31:53_
--------
*4405af549ce443ef2f7976696d661866*
`登陆天数: 31天 / 669天
等级: 130
石头: 4074
呼符: 313
体力: 29.96333333333334 / 138
友情点: 0 / 401420`
_2024-06-23 04:32:01_
--------
*e2921bcf04080e3dd1aacb3c12380f67*
`登陆天数: 31天 / 668天
等级: 130
石头: 4075
呼符: 191
体力: 29.933333333333337 / 138
友情点: 0 / 402175`
_2024-06-23 04:32:09_
--------
*b0886b7f1d6e841b7a5e91cc243e5f8c*
`登陆天数: 31天 / 668天
等级: 130
石头: 4112
呼符: 279
体力: 29.906666666666666 / 138
友情点: 0 / 400800`
_2024-06-23 04:32:17_
--------
*66a0e7157fe05c26b21583029d728d32*
`登陆天数: 31天 / 669天
等级: 130
石头: 4071
呼符: 37
体力: 29.876666666666665 / 138
友情点: 0 / 400270`
_2024-06-23 04:32:24_
--------
*5f40697aa041c6b426bfcfeca1ca12c1*
`登陆天数: 31天 / 669天
等级: 130
石头: 4076
呼符: 265
体力: 29.849999999999994 / 138
友情点: 0 / 400115`
_2024-06-23 04:32:32_
--------
*9c1892e397d191d6fcc7dc5dc5be71f0*
`登陆天数: 31天 / 668天
等级: 130
石头: 4081
呼符: 47
体力: 29.823333333333338 / 138
友情点: 0 / 402285`
_2024-06-23 04:32:40_
--------
*01d2b872fec2a66c79d57c37292eabc5*
`登陆天数: 31天 / 668天
等级: 130
石头: 4072
呼符: 259
体力: 29.793333333333337 / 138
友情点: 0 / 400580`
_2024-06-23 04:32:48_
--------
*37d0bc24afdfa1c17d94783735b0484e*
`登陆天数: 31天 / 669天
等级: 130
石头: 4077
呼符: 84
体力: 29.763333333333335 / 138
友情点: 0 / 399950`
_2024-06-23 04:32:56_
--------
*5d190817063a3e0f13b56309b7dc6cfa*
`登陆天数: 31天 / 668天
等级: 130
石头: 4070
呼符: 36
体力: 29.736666666666665 / 138
友情点: 0 / 400755`
_2024-06-23 04:33:03_
--------
*0801d21be993356fcda0fb223ae3ca29*
`登陆天数: 31天 / 669天
等级: 130
石头: 4075
呼符: 295
体力: 29.706666666666663 / 138
友情点: 0 / 401365`
_2024-06-23 04:33:11_
--------
*bdb7cac1e658d382ed7bfa28c9582d2c*
`登陆天数: 31天 / 669天
等级: 130
石头: 4077
呼符: 333
体力: 29.676666666666662 / 138
友情点: 0 / 400260`
_2024-06-23 04:33:19_
--------
*2475c49cf312801248bc8b2f02851347*
`登陆天数: 31天 / 669天
等级: 130
石头: 4075
呼符: 37
体力: 29.650000000000006 / 138
友情点: 0 / 400410`
_2024-06-23 04:33:27_
--------
*da3c25d877439cd5268ebb87300de979*
`登陆天数: 31天 / 669天
等级: 130
石头: 4083
呼符: 298
体力: 29.623333333333335 / 138
友情点: 0 / 400005`
_2024-06-23 04:33:34_
--------
*028860528d87d1439bb910bbf58d0bb7*
`登陆天数: 31天 / 669天
等级: 130
石头: 4081
呼符: 230
体力: 29.593333333333334 / 138
友情点: 0 / 403185`
_2024-06-23 04:33:42_
--------
*8be2f971c62e79b5fdf7440165c58b71*
`登陆天数: 31天 / 668天
等级: 130
石头: 4082
呼符: 178
体力: 29.566666666666663 / 138
友情点: 0 / 400095`
_2024-06-23 04:33:50_
--------
*367ea55797900054de95a953ff644e8a*
`登陆天数: 31天 / 669天
等级: 130
石头: 4076
呼符: 281
体力: 29.53666666666666 / 138
友情点: 0 / 402280`
_2024-06-23 04:33:58_
--------
*b842cec75470f055070b0695c4c63276*
`登陆天数: 31天 / 669天
等级: 130
石头: 4087
呼符: 303
体力: 29.510000000000005 / 138
友情点: 0 / 401080`
_2024-06-23 04:34:06_
--------
*ddfd3d053ad9760065ab28dce632ddf2*
`登陆天数: 31天 / 668天
等级: 130
石头: 4081
呼符: 313
体力: 29.483333333333334 / 138
友情点: 0 / 401140`
_2024-06-23 04:34:14_
--------
*cfc6f5db8c35c873efe5e926f6ed3823*
`登陆天数: 31天 / 669天
等级: 130
石头: 4074
呼符: 255
体力: 29.450000000000003 / 138
友情点: 0 / 401300`
_2024-06-23 04:34:21_
--------
*a454e5e2228e97d806693c7e3200592c*
`登陆天数: 31天 / 669天
等级: 130
石头: 4075
呼符: 298
体力: 29.423333333333332 / 138
友情点: 0 / 400505`
_2024-06-23 04:34:29_
--------
*33b7e8b7c55720467861a5516eab0566*
`登陆天数: 31天 / 668天
等级: 130
石头: 4078
呼符: 286
体力: 29.39666666666666 / 138
友情点: 0 / 400370`
_2024-06-23 04:34:36_
--------
*8d09061b925596bea85dad72de74d648*
`登陆天数: 31天 / 668天
等级: 130
石头: 4035
呼符: 314
体力: 29.36666666666666 / 138
友情点: 0 / 400515`
_2024-06-23 04:34:44_
--------
*655e425127745c34b48399779b7fc007*
`登陆天数: 31天 / 669天
等级: 130
石头: 4081
呼符: 264
体力: 29.340000000000003 / 138
友情点: 0 / 400850`
_2024-06-23 04:34:52_
--------
*6e8a0efb98104c41161f02865a05c823*
`登陆天数: 31天 / 668天
等级: 130
石头: 4075
呼符: 317
体力: 29.310000000000002 / 138
友情点: 0 / 400530`
_2024-06-23 04:34:59_
--------
*5cb9d8fd12616e6a944a9b70836a69e5*
`登陆天数: 31天 / 669天
等级: 130
石头: 4079
呼符: 256
体力: 29.28333333333333 / 138
友情点: 0 / 400595`
_2024-06-23 04:35:07_
--------
*8ce4ee5736fda5332fa2d3cafa76ee81*
`登陆天数: 31天 / 668天
等级: 130
石头: 4075
呼符: 333
体力: 29.25333333333333 / 138
友情点: 0 / 399780`
_2024-06-23 04:35:15_
--------
*dc13980c543b0835901781fd9002261d*
`登陆天数: 31天 / 668天
等级: 130
石头: 4090
呼符: 89
体力: 29.22333333333333 / 138
友情点: 0 / 402610`
_2024-06-23 04:35:23_
--------
*658018fc36eafa4d1869327387ba2b05*
`登陆天数: 31天 / 668天
等级: 130
石头: 4073
呼符: 205
体力: 29.196666666666673 / 138
友情点: 0 / 399895`
_2024-06-23 04:35:30_
--------
*64c4c896d18fe832631d4b472b70fb59*
`登陆天数: 31天 / 669天
等级: 130
石头: 4066
呼符: 132
体力: 29.17 / 138
友情点: 0 / 400710`
_2024-06-23 04:35:38_
--------
*6586b4cd72ce8d9b67d0bff92e42eb89*
`登陆天数: 31天 / 669天
等级: 130
石头: 4077
呼符: 303
体力: 29.14 / 138
友情点: 0 / 401005`
_2024-06-23 04:35:46_
--------
*5daa4d76ed9e474769a50adafd05592a*
`登陆天数: 31天 / 668天
等级: 130
石头: 4086
呼符: 303
体力: 29.10666666666667 / 138
友情点: 0 / 400900`
_2024-06-23 04:35:54_
--------
*48bd55dd186a623bf2ee43b460744580*
`登陆天数: 31天 / 669天
等级: 130
石头: 4082
呼符: 171
体力: 29.08 / 138
友情点: 0 / 399415`
_2024-06-23 04:36:02_
--------
*f6fe73e7d59e80ee979f0b4bb538af75*
`登陆天数: 31天 / 669天
等级: 130
石头: 4070
呼符: 275
体力: 29.053333333333327 / 138
友情点: 0 / 401775`
_2024-06-23 04:36:09_
--------
*275480bee21d7e3e235370919f352a8d*
`登陆天数: 31天 / 668天
等级: 130
石头: 4077
呼符: 166
体力: 29.023333333333326 / 138
友情点: 0 / 400440`
_2024-06-23 04:36:17_
--------
*5977d6e04a944ed5b81b79b2845ba2b0*
`登陆天数: 31天 / 669天
等级: 130
石头: 4072
呼符: 279
体力: 31.626666666666665 / 138
友情点: 0 / 408880`
_2024-06-23 04:36:25_
--------
