【登录信息】
*3a5ce68e3040b831f27a2482965a0981*
`登陆天数: 32天 / 669天
等级: 130
石头: 4043
呼符: 201
体力: 30.36333333333333 / 138
友情点: 0 / 393640`
_2024-06-24 04:31:09_
--------
*0b326b80ee90ddc5c0586133d7576851*
`登陆天数: 32天 / 669天
等级: 130
石头: 4080
呼符: 310
体力: 30.33333333333333 / 138
友情点: 0 / 396580`
_2024-06-24 04:31:17_
--------
*74697c3823f19d7fab61246545eb0ede*
`登陆天数: 32天 / 669天
等级: 130
石头: 4079
呼符: 235
体力: 30.303333333333327 / 138
友情点: 0 / 394190`
_2024-06-24 04:31:25_
--------
*e4fb0c2b4c8352a2ae1be7f8ccdf6d36*
`登陆天数: 32天 / 670天
等级: 130
石头: 4080
呼符: 149
体力: 30.27666666666667 / 138
友情点: 0 / 394630`
_2024-06-24 04:31:34_
--------
*6ab709d32466f51ec4fa1341b9165ccc*
`登陆天数: 32天 / 670天
等级: 130
石头: 4082
呼符: 174
体力: 30.24666666666667 / 138
友情点: 0 / 395970`
_2024-06-24 04:31:42_
--------
*0a48075c965ad40cbadccf165e92da4f*
`登陆天数: 32天 / 670天
等级: 130
石头: 4072
呼符: 135
体力: 30.22 / 138
友情点: 0 / 395635`
_2024-06-24 04:31:50_
--------
*be925f73d81d0d6d33e9718900ceb739*
`登陆天数: 32天 / 669天
等级: 130
石头: 4077
呼符: 297
体力: 30.189999999999998 / 138
友情点: 0 / 395355`
_2024-06-24 04:31:58_
--------
*38d7d228036e9dc76c0c1db83328d53b*
`登陆天数: 32天 / 669天
等级: 130
石头: 4065
呼符: 96
体力: 30.16666666666667 / 138
友情点: 0 / 394355`
_2024-06-24 04:32:06_
--------
*c5af6c5b4703f2189c4e0e2f87483127*
`登陆天数: 32天 / 669天
等级: 130
石头: 4088
呼符: 284
体力: 30.13666666666667 / 138
友情点: 0 / 393370`
_2024-06-24 04:32:14_
--------
*eb2e91264e84159f941f5f937e03c737*
`登陆天数: 32天 / 670天
等级: 130
石头: 4072
呼符: 305
体力: 30.10666666666667 / 138
友情点: 0 / 395245`
_2024-06-24 04:32:22_
--------
*38631be9ab728195d00806c3137f9b21*
`登陆天数: 32天 / 670天
等级: 130
石头: 4077
呼符: 116
体力: 30.076666666666668 / 138
友情点: 0 / 394990`
_2024-06-24 04:32:30_
--------
*fe865e3fd213fe4b3a9ba045c6662468*
`登陆天数: 32天 / 670天
等级: 130
石头: 4082
呼符: 317
体力: 30.049999999999997 / 138
友情点: 0 / 394690`
_2024-06-24 04:32:37_
--------
*c4c934f9e7ef5715f8c62c6e6c9123b3*
`登陆天数: 32天 / 670天
等级: 130
石头: 4086
呼符: 280
体力: 30.023333333333326 / 138
友情点: 0 / 395155`
_2024-06-24 04:32:46_
--------
*ce8f9a13fa8e76708d380b36003f9cd5*
`登陆天数: 32天 / 669天
等级: 130
石头: 4068
呼符: 36
体力: 29.99666666666667 / 138
友情点: 0 / 401650`
_2024-06-24 04:32:54_
--------
*e5c48960da70eba0f4f8d0d510bf78e0*
`登陆天数: 32天 / 670天
等级: 130
石头: 4070
呼符: 332
体力: 29.97333333333333 / 138
友情点: 0 / 394095`
_2024-06-24 04:33:02_
--------
*4405af549ce443ef2f7976696d661866*
`登陆天数: 32天 / 670天
等级: 130
石头: 4075
呼符: 313
体力: 29.946666666666673 / 138
友情点: 0 / 395420`
_2024-06-24 04:33:10_
--------
*e2921bcf04080e3dd1aacb3c12380f67*
`登陆天数: 32天 / 669天
等级: 130
石头: 4076
呼符: 191
体力: 29.91666666666667 / 138
友情点: 0 / 396175`
_2024-06-24 04:33:18_
--------
*b0886b7f1d6e841b7a5e91cc243e5f8c*
`登陆天数: 32天 / 669天
等级: 130
石头: 4113
呼符: 279
体力: 29.89 / 138
友情点: 0 / 394800`
_2024-06-24 04:33:27_
--------
*66a0e7157fe05c26b21583029d728d32*
`登陆天数: 32天 / 670天
等级: 130
石头: 4072
呼符: 37
体力: 29.86666666666666 / 138
友情点: 0 / 398270`
_2024-06-24 04:33:35_
--------
*5f40697aa041c6b426bfcfeca1ca12c1*
`登陆天数: 32天 / 670天
等级: 130
石头: 4077
呼符: 265
体力: 29.836666666666673 / 138
友情点: 0 / 394115`
_2024-06-24 04:33:43_
--------
*9c1892e397d191d6fcc7dc5dc5be71f0*
`登陆天数: 32天 / 669天
等级: 130
石头: 4082
呼符: 47
体力: 29.810000000000002 / 138
友情点: 0 / 396285`
_2024-06-24 04:33:51_
--------
*01d2b872fec2a66c79d57c37292eabc5*
`登陆天数: 32天 / 669天
等级: 130
石头: 4073
呼符: 259
体力: 29.77666666666667 / 138
友情点: 0 / 394580`
_2024-06-24 04:33:59_
--------
*37d0bc24afdfa1c17d94783735b0484e*
`登陆天数: 32天 / 670天
等级: 130
石头: 4078
呼符: 84
体力: 29.74666666666667 / 138
友情点: 0 / 393950`
_2024-06-24 04:34:07_
--------
*5d190817063a3e0f13b56309b7dc6cfa*
`登陆天数: 32天 / 669天
等级: 130
石头: 4071
呼符: 36
体力: 29.72 / 138
友情点: 0 / 394755`
_2024-06-24 04:34:15_
--------
*0801d21be993356fcda0fb223ae3ca29*
`登陆天数: 32天 / 670天
等级: 130
石头: 4076
呼符: 295
体力: 29.689999999999998 / 138
友情点: 0 / 395365`
_2024-06-24 04:34:23_
--------
*bdb7cac1e658d382ed7bfa28c9582d2c*
`登陆天数: 32天 / 670天
等级: 130
石头: 4078
呼符: 333
体力: 29.66666666666667 / 138
友情点: 0 / 394260`
_2024-06-24 04:34:31_
--------
*2475c49cf312801248bc8b2f02851347*
`登陆天数: 32天 / 670天
等级: 130
石头: 4076
呼符: 37
体力: 29.63666666666667 / 138
友情点: 0 / 394410`
_2024-06-24 04:34:39_
--------
*da3c25d877439cd5268ebb87300de979*
`登陆天数: 32天 / 670天
等级: 130
石头: 4084
呼符: 298
体力: 29.60666666666667 / 138
友情点: 0 / 394005`
_2024-06-24 04:34:47_
--------
*028860528d87d1439bb910bbf58d0bb7*
`登陆天数: 32天 / 670天
等级: 130
石头: 4082
呼符: 230
体力: 29.58333333333333 / 138
友情点: 0 / 397185`
_2024-06-24 04:34:55_
--------
*8be2f971c62e79b5fdf7440165c58b71*
`登陆天数: 32天 / 669天
等级: 130
石头: 4083
呼符: 178
体力: 29.556666666666672 / 138
友情点: 0 / 394095`
_2024-06-24 04:35:03_
--------
*367ea55797900054de95a953ff644e8a*
`登陆天数: 32天 / 670天
等级: 130
石头: 4077
呼符: 281
体力: 29.53 / 138
友情点: 0 / 396280`
_2024-06-24 04:35:11_
--------
*b842cec75470f055070b0695c4c63276*
`登陆天数: 32天 / 670天
等级: 130
石头: 4088
呼符: 303
体力: 29.50333333333333 / 138
友情点: 0 / 395080`
_2024-06-24 04:35:19_
--------
*ddfd3d053ad9760065ab28dce632ddf2*
`登陆天数: 32天 / 669天
等级: 130
石头: 4082
呼符: 313
体力: 29.47333333333333 / 138
友情点: 0 / 395140`
_2024-06-24 04:35:27_
--------
*cfc6f5db8c35c873efe5e926f6ed3823*
`登陆天数: 32天 / 670天
等级: 130
石头: 4075
呼符: 255
体力: 29.446666666666673 / 138
友情点: 0 / 395300`
_2024-06-24 04:35:35_
--------
*a454e5e2228e97d806693c7e3200592c*
`登陆天数: 32天 / 670天
等级: 130
石头: 4076
呼符: 298
体力: 29.42 / 138
友情点: 0 / 394505`
_2024-06-24 04:35:43_
--------
*33b7e8b7c55720467861a5516eab0566*
`登陆天数: 32天 / 669天
等级: 130
石头: 4079
呼符: 286
体力: 29.39333333333333 / 138
友情点: 0 / 394370`
_2024-06-24 04:35:51_
--------
*8d09061b925596bea85dad72de74d648*
`登陆天数: 32天 / 669天
等级: 130
石头: 4036
呼符: 314
体力: 29.36333333333333 / 138
友情点: 0 / 394515`
_2024-06-24 04:35:59_
--------
*655e425127745c34b48399779b7fc007*
`登陆天数: 32天 / 670天
等级: 130
石头: 4082
呼符: 264
体力: 29.33333333333333 / 138
友情点: 0 / 394850`
_2024-06-24 04:36:07_
--------
*6e8a0efb98104c41161f02865a05c823*
`登陆天数: 32天 / 669天
等级: 130
石头: 4076
呼符: 317
体力: 29.306666666666672 / 138
友情点: 0 / 394530`
_2024-06-24 04:36:15_
--------
*5cb9d8fd12616e6a944a9b70836a69e5*
`登陆天数: 32天 / 670天
等级: 130
石头: 4080
呼符: 256
体力: 29.28 / 138
友情点: 0 / 394595`
_2024-06-24 04:36:23_
--------
*8ce4ee5736fda5332fa2d3cafa76ee81*
`登陆天数: 32天 / 669天
等级: 130
石头: 4076
呼符: 333
体力: 29.25333333333333 / 138
友情点: 0 / 393780`
_2024-06-24 04:36:30_
--------
*dc13980c543b0835901781fd9002261d*
`登陆天数: 32天 / 669天
等级: 130
石头: 4091
呼符: 89
体力: 29.230000000000004 / 138
友情点: 0 / 396610`
_2024-06-24 04:36:38_
--------
*658018fc36eafa4d1869327387ba2b05*
`登陆天数: 32天 / 669天
等级: 130
石头: 4074
呼符: 205
体力: 29.203333333333333 / 138
友情点: 0 / 393895`
_2024-06-24 04:36:46_
--------
*64c4c896d18fe832631d4b472b70fb59*
`登陆天数: 32天 / 670天
等级: 130
石头: 4067
呼符: 132
体力: 29.176666666666662 / 138
友情点: 0 / 394710`
_2024-06-24 04:36:54_
--------
*6586b4cd72ce8d9b67d0bff92e42eb89*
`登陆天数: 32天 / 670天
等级: 130
石头: 4078
呼符: 303
体力: 29.14666666666666 / 138
友情点: 0 / 395005`
_2024-06-24 04:37:02_
--------
*5daa4d76ed9e474769a50adafd05592a*
`登陆天数: 32天 / 669天
等级: 130
石头: 4087
呼符: 303
体力: 29.123333333333335 / 138
友情点: 0 / 394900`
_2024-06-24 04:37:10_
--------
*48bd55dd186a623bf2ee43b460744580*
`登陆天数: 32天 / 670天
等级: 130
石头: 4083
呼符: 171
体力: 29.096666666666664 / 138
友情点: 0 / 393415`
_2024-06-24 04:37:18_
--------
*f6fe73e7d59e80ee979f0b4bb538af75*
`登陆天数: 32天 / 670天
等级: 130
石头: 4071
呼符: 275
体力: 29.066666666666663 / 138
友情点: 0 / 395775`
_2024-06-24 04:37:26_
--------
*275480bee21d7e3e235370919f352a8d*
`登陆天数: 32天 / 669天
等级: 130
石头: 4078
呼符: 166
体力: 29.03666666666666 / 138
友情点: 0 / 394440`
_2024-06-24 04:37:34_
--------
*5977d6e04a944ed5b81b79b2845ba2b0*
`登陆天数: 32天 / 670天
等级: 130
石头: 4073
呼符: 279
体力: 31.58333333333333 / 138
友情点: 0 / 402880`
_2024-06-24 04:37:42_
--------
