【登录信息】
*3a5ce68e3040b831f27a2482965a0981*
`登陆天数: 33天 / 670天
等级: 130
石头: 4043
呼符: 202
体力: 30.28333333333333 / 138
友情点: 0 / 387640`
_2024-06-25 04:31:11_
--------
*0b326b80ee90ddc5c0586133d7576851*
`登陆天数: 33天 / 670天
等级: 130
石头: 4080
呼符: 311
体力: 30.25 / 138
友情点: 0 / 390580`
_2024-06-25 04:31:19_
--------
*74697c3823f19d7fab61246545eb0ede*
`登陆天数: 33天 / 670天
等级: 130
石头: 4079
呼符: 236
体力: 30.22333333333333 / 138
友情点: 0 / 388190`
_2024-06-25 04:31:26_
--------
*e4fb0c2b4c8352a2ae1be7f8ccdf6d36*
`登陆天数: 33天 / 671天
等级: 130
石头: 4080
呼符: 150
体力: 30.193333333333328 / 138
友情点: 0 / 388630`
_2024-06-25 04:31:34_
--------
*6ab709d32466f51ec4fa1341b9165ccc*
`登陆天数: 33天 / 671天
等级: 130
石头: 4082
呼符: 175
体力: 30.163333333333327 / 138
友情点: 0 / 389970`
_2024-06-25 04:31:42_
--------
*0a48075c965ad40cbadccf165e92da4f*
`登陆天数: 33天 / 671天
等级: 130
石头: 4072
呼符: 136
体力: 30.13333333333334 / 138
友情点: 0 / 389635`
_2024-06-25 04:31:50_
--------
*be925f73d81d0d6d33e9718900ceb739*
`登陆天数: 33天 / 670天
等级: 130
石头: 4077
呼符: 298
体力: 30.099999999999994 / 138
友情点: 0 / 389355`
_2024-06-25 04:31:57_
--------
*38d7d228036e9dc76c0c1db83328d53b*
`登陆天数: 33天 / 670天
等级: 130
石头: 4065
呼符: 97
体力: 30.073333333333338 / 138
友情点: 0 / 388355`
_2024-06-25 04:32:05_
--------
*c5af6c5b4703f2189c4e0e2f87483127*
`登陆天数: 33天 / 670天
等级: 130
石头: 4088
呼符: 285
体力: 30.046666666666667 / 138
友情点: 0 / 387370`
_2024-06-25 04:32:12_
--------
*eb2e91264e84159f941f5f937e03c737*
`登陆天数: 33天 / 671天
等级: 130
石头: 4072
呼符: 306
体力: 30.016666666666666 / 138
友情点: 0 / 389245`
_2024-06-25 04:32:20_
--------
*38631be9ab728195d00806c3137f9b21*
`登陆天数: 33天 / 671天
等级: 130
石头: 4077
呼符: 117
体力: 29.986666666666665 / 138
友情点: 0 / 388990`
_2024-06-25 04:32:28_
--------
*fe865e3fd213fe4b3a9ba045c6662468*
`登陆天数: 33天 / 671天
等级: 130
石头: 4082
呼符: 318
体力: 29.953333333333333 / 138
友情点: 0 / 388690`
_2024-06-25 04:32:36_
--------
*c4c934f9e7ef5715f8c62c6e6c9123b3*
`登陆天数: 33天 / 671天
等级: 130
石头: 4086
呼符: 281
体力: 29.926666666666662 / 138
友情点: 0 / 389155`
_2024-06-25 04:32:44_
--------
*ce8f9a13fa8e76708d380b36003f9cd5*
`登陆天数: 33天 / 670天
等级: 130
石头: 4068
呼符: 37
体力: 29.89666666666666 / 138
友情点: 0 / 401650`
_2024-06-25 04:32:51_
--------
*e5c48960da70eba0f4f8d0d510bf78e0*
`登陆天数: 33天 / 671天
等级: 130
石头: 4070
呼符: 333
体力: 29.86333333333333 / 138
友情点: 0 / 388095`
_2024-06-25 04:32:59_
--------
*4405af549ce443ef2f7976696d661866*
`登陆天数: 33天 / 671天
等级: 130
石头: 4075
呼符: 314
体力: 29.836666666666673 / 138
友情点: 0 / 389420`
_2024-06-25 04:33:06_
--------
*e2921bcf04080e3dd1aacb3c12380f67*
`登陆天数: 33天 / 670天
等级: 130
石头: 4076
呼符: 192
体力: 29.806666666666672 / 138
友情点: 0 / 390175`
_2024-06-25 04:33:14_
--------
*b0886b7f1d6e841b7a5e91cc243e5f8c*
`登陆天数: 33天 / 670天
等级: 130
石头: 4113
呼符: 280
体力: 29.77666666666667 / 138
友情点: 0 / 388800`
_2024-06-25 04:33:22_
--------
*66a0e7157fe05c26b21583029d728d32*
`登陆天数: 33天 / 671天
等级: 130
石头: 4072
呼符: 38
体力: 29.74666666666667 / 138
友情点: 0 / 398270`
_2024-06-25 04:33:30_
--------
*5f40697aa041c6b426bfcfeca1ca12c1*
`登陆天数: 33天 / 671天
等级: 130
石头: 4077
呼符: 266
体力: 29.72 / 138
友情点: 0 / 388115`
_2024-06-25 04:33:38_
--------
*9c1892e397d191d6fcc7dc5dc5be71f0*
`登陆天数: 33天 / 670天
等级: 130
石头: 4082
呼符: 48
体力: 29.689999999999998 / 138
友情点: 0 / 394285`
_2024-06-25 04:33:45_
--------
*01d2b872fec2a66c79d57c37292eabc5*
`登陆天数: 33天 / 670天
等级: 130
石头: 4073
呼符: 260
体力: 29.663333333333327 / 138
友情点: 0 / 388580`
_2024-06-25 04:33:53_
--------
*37d0bc24afdfa1c17d94783735b0484e*
`登陆天数: 33天 / 671天
等级: 130
石头: 4078
呼符: 85
体力: 29.63333333333334 / 138
友情点: 0 / 387950`
_2024-06-25 04:34:01_
--------
*5d190817063a3e0f13b56309b7dc6cfa*
`登陆天数: 33天 / 670天
等级: 130
石头: 4071
呼符: 37
体力: 29.60333333333334 / 138
友情点: 0 / 394755`
_2024-06-25 04:34:08_
--------
*0801d21be993356fcda0fb223ae3ca29*
`登陆天数: 33天 / 671天
等级: 130
石头: 4076
呼符: 296
体力: 29.576666666666668 / 138
友情点: 0 / 389365`
_2024-06-25 04:34:16_
--------
*bdb7cac1e658d382ed7bfa28c9582d2c*
`登陆天数: 33天 / 671天
等级: 130
石头: 4078
呼符: 334
体力: 29.546666666666667 / 138
友情点: 0 / 388260`
_2024-06-25 04:34:24_
--------
*2475c49cf312801248bc8b2f02851347*
`登陆天数: 33天 / 671天
等级: 130
石头: 4076
呼符: 38
体力: 29.519999999999996 / 138
友情点: 0 / 390410`
_2024-06-25 04:34:31_
--------
*da3c25d877439cd5268ebb87300de979*
`登陆天数: 33天 / 671天
等级: 130
石头: 4084
呼符: 299
体力: 29.486666666666665 / 138
友情点: 0 / 388005`
_2024-06-25 04:34:39_
--------
*028860528d87d1439bb910bbf58d0bb7*
`登陆天数: 33天 / 671天
等级: 130
石头: 4082
呼符: 231
体力: 29.459999999999994 / 138
友情点: 0 / 391185`
_2024-06-25 04:34:47_
--------
*8be2f971c62e79b5fdf7440165c58b71*
`登陆天数: 33天 / 670天
等级: 130
石头: 4083
呼符: 179
体力: 29.433333333333337 / 138
友情点: 0 / 388095`
_2024-06-25 04:34:54_
--------
*367ea55797900054de95a953ff644e8a*
`登陆天数: 33天 / 671天
等级: 130
石头: 4077
呼符: 282
体力: 29.403333333333336 / 138
友情点: 0 / 390280`
_2024-06-25 04:35:02_
--------
*b842cec75470f055070b0695c4c63276*
`登陆天数: 33天 / 671天
等级: 130
石头: 4088
呼符: 304
体力: 29.373333333333335 / 138
友情点: 0 / 389080`
_2024-06-25 04:35:10_
--------
*ddfd3d053ad9760065ab28dce632ddf2*
`登陆天数: 33天 / 670天
等级: 130
石头: 4082
呼符: 314
体力: 29.343333333333334 / 138
友情点: 0 / 389140`
_2024-06-25 04:35:18_
--------
*cfc6f5db8c35c873efe5e926f6ed3823*
`登陆天数: 33天 / 671天
等级: 130
石头: 4075
呼符: 256
体力: 29.316666666666663 / 138
友情点: 0 / 389300`
_2024-06-25 04:35:26_
--------
*a454e5e2228e97d806693c7e3200592c*
`登陆天数: 33天 / 671天
等级: 130
石头: 4076
呼符: 299
体力: 29.290000000000006 / 138
友情点: 0 / 388505`
_2024-06-25 04:35:33_
--------
*33b7e8b7c55720467861a5516eab0566*
`登陆天数: 33天 / 670天
等级: 130
石头: 4079
呼符: 287
体力: 29.25666666666666 / 138
友情点: 0 / 388370`
_2024-06-25 04:35:41_
--------
*8d09061b925596bea85dad72de74d648*
`登陆天数: 33天 / 670天
等级: 130
石头: 4036
呼符: 315
体力: 29.226666666666674 / 138
友情点: 0 / 388515`
_2024-06-25 04:35:48_
--------
*655e425127745c34b48399779b7fc007*
`登陆天数: 33天 / 671天
等级: 130
石头: 4082
呼符: 265
体力: 29.196666666666673 / 138
友情点: 0 / 388850`
_2024-06-25 04:35:56_
--------
*6e8a0efb98104c41161f02865a05c823*
`登陆天数: 33天 / 670天
等级: 130
石头: 4076
呼符: 318
体力: 29.16666666666667 / 138
友情点: 0 / 388530`
_2024-06-25 04:36:04_
--------
*5cb9d8fd12616e6a944a9b70836a69e5*
`登陆天数: 33天 / 671天
等级: 130
石头: 4080
呼符: 257
体力: 29.14 / 138
友情点: 0 / 388595`
_2024-06-25 04:36:11_
--------
*8ce4ee5736fda5332fa2d3cafa76ee81*
`登陆天数: 33天 / 670天
等级: 130
石头: 4076
呼符: 334
体力: 29.11 / 138
友情点: 0 / 387780`
_2024-06-25 04:36:19_
--------
*dc13980c543b0835901781fd9002261d*
`登陆天数: 33天 / 670天
等级: 130
石头: 4091
呼符: 90
体力: 29.08333333333333 / 138
友情点: 0 / 390610`
_2024-06-25 04:36:26_
--------
*658018fc36eafa4d1869327387ba2b05*
`登陆天数: 33天 / 670天
等级: 130
石头: 4074
呼符: 206
体力: 29.049999999999997 / 138
友情点: 0 / 387895`
_2024-06-25 04:36:34_
--------
*64c4c896d18fe832631d4b472b70fb59*
`登陆天数: 33天 / 671天
等级: 130
石头: 4067
呼符: 133
体力: 29.023333333333326 / 138
友情点: 0 / 388710`
_2024-06-25 04:36:42_
--------
*6586b4cd72ce8d9b67d0bff92e42eb89*
`登陆天数: 33天 / 671天
等级: 130
石头: 4078
呼符: 304
体力: 28.99333333333334 / 138
友情点: 0 / 389005`
_2024-06-25 04:36:49_
--------
*5daa4d76ed9e474769a50adafd05592a*
`登陆天数: 33天 / 670天
等级: 130
石头: 4087
呼符: 304
体力: 28.96333333333334 / 138
友情点: 0 / 388900`
_2024-06-25 04:36:57_
--------
*48bd55dd186a623bf2ee43b460744580*
`登陆天数: 33天 / 671天
等级: 130
石头: 4083
呼符: 172
体力: 28.933333333333337 / 138
友情点: 0 / 387415`
_2024-06-25 04:37:05_
--------
*f6fe73e7d59e80ee979f0b4bb538af75*
`登陆天数: 33天 / 671天
等级: 130
石头: 4071
呼符: 276
体力: 28.900000000000006 / 138
友情点: 0 / 389775`
_2024-06-25 04:37:12_
--------
*275480bee21d7e3e235370919f352a8d*
`登陆天数: 33天 / 670天
等级: 130
石头: 4078
呼符: 167
体力: 28.86666666666666 / 138
友情点: 0 / 388440`
_2024-06-25 04:37:20_
--------
*5977d6e04a944ed5b81b79b2845ba2b0*
`登陆天数: 33天 / 671天
等级: 130
石头: 4073
呼符: 280
体力: 31.453333333333333 / 138
友情点: 0 / 396880`
_2024-06-25 04:37:27_
--------
