【登录信息】
*3a5ce68e3040b831f27a2482965a0981*
`登陆天数: 34天 / 671天
等级: 130
石头: 4046
呼符: 202
体力: 30.346666666666664 / 138
友情点: 0 / 381640`
_2024-06-26 04:32:26_
--------
*0b326b80ee90ddc5c0586133d7576851*
`登陆天数: 34天 / 671天
等级: 130
石头: 4083
呼符: 311
体力: 30.313333333333333 / 138
友情点: 0 / 384580`
_2024-06-26 04:32:34_
--------
*74697c3823f19d7fab61246545eb0ede*
`登陆天数: 34天 / 671天
等级: 130
石头: 4082
呼符: 236
体力: 30.28333333333333 / 138
友情点: 0 / 382190`
_2024-06-26 04:32:42_
--------
*e4fb0c2b4c8352a2ae1be7f8ccdf6d36*
`登陆天数: 34天 / 672天
等级: 130
石头: 4083
呼符: 150
体力: 30.25 / 138
友情点: 0 / 382630`
_2024-06-26 04:32:50_
--------
*6ab709d32466f51ec4fa1341b9165ccc*
`登陆天数: 34天 / 672天
等级: 130
石头: 4085
呼符: 175
体力: 30.22 / 138
友情点: 0 / 383970`
_2024-06-26 04:32:58_
--------
*0a48075c965ad40cbadccf165e92da4f*
`登陆天数: 34天 / 672天
等级: 130
石头: 4075
呼符: 136
体力: 30.189999999999998 / 138
友情点: 0 / 383635`
_2024-06-26 04:33:06_
--------
*be925f73d81d0d6d33e9718900ceb739*
`登陆天数: 34天 / 671天
等级: 130
石头: 4080
呼符: 298
体力: 30.159999999999997 / 138
友情点: 0 / 383355`
_2024-06-26 04:33:14_
--------
*38d7d228036e9dc76c0c1db83328d53b*
`登陆天数: 34天 / 671天
等级: 130
石头: 4068
呼符: 97
体力: 30.126666666666665 / 138
友情点: 0 / 382355`
_2024-06-26 04:33:23_
--------
*c5af6c5b4703f2189c4e0e2f87483127*
`登陆天数: 34天 / 671天
等级: 130
石头: 4091
呼符: 285
体力: 30.096666666666664 / 138
友情点: 0 / 381370`
_2024-06-26 04:33:31_
--------
*eb2e91264e84159f941f5f937e03c737*
`登陆天数: 34天 / 672天
等级: 130
石头: 4075
呼符: 306
体力: 30.063333333333333 / 138
友情点: 0 / 383245`
_2024-06-26 04:33:39_
--------
*38631be9ab728195d00806c3137f9b21*
`登陆天数: 34天 / 672天
等级: 130
石头: 4080
呼符: 117
体力: 30.03333333333333 / 138
友情点: 0 / 382990`
_2024-06-26 04:33:46_
--------
*fe865e3fd213fe4b3a9ba045c6662468*
`登陆天数: 34天 / 672天
等级: 130
石头: 4085
呼符: 318
体力: 30.00333333333333 / 138
友情点: 0 / 382690`
_2024-06-26 04:33:54_
--------
*c4c934f9e7ef5715f8c62c6e6c9123b3*
`登陆天数: 34天 / 672天
等级: 130
石头: 4089
呼符: 281
体力: 29.97 / 138
友情点: 0 / 383155`
_2024-06-26 04:34:02_
--------
*ce8f9a13fa8e76708d380b36003f9cd5*
`登陆天数: 34天 / 671天
等级: 130
石头: 4071
呼符: 37
体力: 29.939999999999998 / 138
友情点: 0 / 401650`
_2024-06-26 04:34:10_
--------
*e5c48960da70eba0f4f8d0d510bf78e0*
`登陆天数: 34天 / 672天
等级: 130
石头: 4073
呼符: 333
体力: 29.909999999999997 / 138
友情点: 0 / 382095`
_2024-06-26 04:34:19_
--------
*4405af549ce443ef2f7976696d661866*
`登陆天数: 34天 / 672天
等级: 130
石头: 4078
呼符: 314
体力: 29.88333333333334 / 138
友情点: 0 / 383420`
_2024-06-26 04:34:27_
--------
*e2921bcf04080e3dd1aacb3c12380f67*
`登陆天数: 34天 / 671天
等级: 130
石头: 4079
呼符: 192
体力: 29.85333333333334 / 138
友情点: 0 / 384175`
_2024-06-26 04:34:35_
--------
*b0886b7f1d6e841b7a5e91cc243e5f8c*
`登陆天数: 34天 / 671天
等级: 130
石头: 4116
呼符: 280
体力: 29.826666666666668 / 138
友情点: 0 / 382800`
_2024-06-26 04:34:43_
--------
*66a0e7157fe05c26b21583029d728d32*
`登陆天数: 34天 / 672天
等级: 130
石头: 4075
呼符: 38
体力: 29.793333333333337 / 138
友情点: 0 / 398270`
_2024-06-26 04:34:51_
--------
*5f40697aa041c6b426bfcfeca1ca12c1*
`登陆天数: 34天 / 672天
等级: 130
石头: 4080
呼符: 266
体力: 29.763333333333335 / 138
友情点: 0 / 382115`
_2024-06-26 04:35:00_
--------
*9c1892e397d191d6fcc7dc5dc5be71f0*
`登陆天数: 34天 / 671天
等级: 130
石头: 4085
呼符: 48
体力: 29.733333333333334 / 138
友情点: 0 / 394285`
_2024-06-26 04:35:08_
--------
*01d2b872fec2a66c79d57c37292eabc5*
`登陆天数: 34天 / 671天
等级: 130
石头: 4076
呼符: 260
体力: 29.706666666666663 / 138
友情点: 0 / 382580`
_2024-06-26 04:35:16_
--------
*37d0bc24afdfa1c17d94783735b0484e*
`登陆天数: 34天 / 672天
等级: 130
石头: 4081
呼符: 85
体力: 29.676666666666662 / 138
友情点: 0 / 381950`
_2024-06-26 04:35:24_
--------
*5d190817063a3e0f13b56309b7dc6cfa*
`登陆天数: 34天 / 671天
等级: 130
石头: 4074
呼符: 37
体力: 29.64333333333333 / 138
友情点: 0 / 394755`
_2024-06-26 04:35:32_
--------
*0801d21be993356fcda0fb223ae3ca29*
`登陆天数: 34天 / 672天
等级: 130
石头: 4079
呼符: 296
体力: 29.620000000000005 / 138
友情点: 0 / 383365`
_2024-06-26 04:35:40_
--------
*bdb7cac1e658d382ed7bfa28c9582d2c*
`登陆天数: 34天 / 672天
等级: 130
石头: 4081
呼符: 334
体力: 29.586666666666673 / 138
友情点: 0 / 382260`
_2024-06-26 04:35:48_
--------
*2475c49cf312801248bc8b2f02851347*
`登陆天数: 34天 / 672天
等级: 130
石头: 4079
呼符: 38
体力: 29.560000000000002 / 138
友情点: 0 / 390410`
_2024-06-26 04:35:56_
--------
*da3c25d877439cd5268ebb87300de979*
`登陆天数: 34天 / 672天
等级: 130
石头: 4087
呼符: 299
体力: 29.53 / 138
友情点: 0 / 382005`
_2024-06-26 04:36:04_
--------
*028860528d87d1439bb910bbf58d0bb7*
`登陆天数: 34天 / 672天
等级: 130
石头: 4085
呼符: 231
体力: 29.5 / 138
友情点: 0 / 385185`
_2024-06-26 04:36:12_
--------
*8be2f971c62e79b5fdf7440165c58b71*
`登陆天数: 34天 / 671天
等级: 130
石头: 4086
呼符: 179
体力: 29.47 / 138
友情点: 0 / 382095`
_2024-06-26 04:36:20_
--------
*367ea55797900054de95a953ff644e8a*
`登陆天数: 34天 / 672天
等级: 130
石头: 4080
呼符: 282
体力: 29.439999999999998 / 138
友情点: 0 / 384280`
_2024-06-26 04:36:29_
--------
*b842cec75470f055070b0695c4c63276*
`登陆天数: 34天 / 672天
等级: 130
石头: 4091
呼符: 304
体力: 29.409999999999997 / 138
友情点: 0 / 383080`
_2024-06-26 04:36:37_
--------
*ddfd3d053ad9760065ab28dce632ddf2*
`登陆天数: 34天 / 671天
等级: 130
石头: 4085
呼符: 314
体力: 29.376666666666665 / 138
友情点: 0 / 383140`
_2024-06-26 04:36:45_
--------
*cfc6f5db8c35c873efe5e926f6ed3823*
`登陆天数: 34天 / 672天
等级: 130
石头: 4078
呼符: 256
体力: 29.346666666666664 / 138
友情点: 0 / 383300`
_2024-06-26 04:36:53_
--------
*a454e5e2228e97d806693c7e3200592c*
`登陆天数: 34天 / 672天
等级: 130
石头: 4079
呼符: 299
体力: 29.316666666666663 / 138
友情点: 0 / 382505`
_2024-06-26 04:37:01_
--------
*33b7e8b7c55720467861a5516eab0566*
`登陆天数: 34天 / 671天
等级: 130
石头: 4082
呼符: 287
体力: 29.28333333333333 / 138
友情点: 0 / 382370`
_2024-06-26 04:37:09_
--------
*8d09061b925596bea85dad72de74d648*
`登陆天数: 34天 / 671天
等级: 130
石头: 4039
呼符: 315
体力: 29.25666666666666 / 138
友情点: 0 / 382515`
_2024-06-26 04:37:17_
--------
*655e425127745c34b48399779b7fc007*
`登陆天数: 34天 / 672天
等级: 130
石头: 4085
呼符: 265
体力: 29.230000000000004 / 138
友情点: 0 / 382850`
_2024-06-26 04:37:25_
--------
*6e8a0efb98104c41161f02865a05c823*
`登陆天数: 34天 / 671天
等级: 130
石头: 4079
呼符: 318
体力: 29.196666666666673 / 138
友情点: 0 / 382530`
_2024-06-26 04:37:33_
--------
*5cb9d8fd12616e6a944a9b70836a69e5*
`登陆天数: 34天 / 672天
等级: 130
石头: 4083
呼符: 257
体力: 29.17 / 138
友情点: 0 / 382595`
_2024-06-26 04:37:41_
--------
*8ce4ee5736fda5332fa2d3cafa76ee81*
`登陆天数: 34天 / 671天
等级: 130
石头: 4079
呼符: 334
体力: 29.14 / 138
友情点: 0 / 381780`
_2024-06-26 04:37:49_
--------
*dc13980c543b0835901781fd9002261d*
`登陆天数: 34天 / 671天
等级: 130
石头: 4094
呼符: 90
体力: 29.11 / 138
友情点: 0 / 388610`
_2024-06-26 04:37:57_
--------
*658018fc36eafa4d1869327387ba2b05*
`登陆天数: 34天 / 671天
等级: 130
石头: 4077
呼符: 206
体力: 29.086666666666673 / 138
友情点: 0 / 381895`
_2024-06-26 04:38:05_
--------
*64c4c896d18fe832631d4b472b70fb59*
`登陆天数: 34天 / 672天
等级: 130
石头: 4070
呼符: 133
体力: 29.056666666666672 / 138
友情点: 0 / 382710`
_2024-06-26 04:38:13_
--------
*6586b4cd72ce8d9b67d0bff92e42eb89*
`登陆天数: 34天 / 672天
等级: 130
石头: 4081
呼符: 304
体力: 29.02666666666667 / 138
友情点: 0 / 383005`
_2024-06-26 04:38:21_
--------
*5daa4d76ed9e474769a50adafd05592a*
`登陆天数: 34天 / 671天
等级: 130
石头: 4090
呼符: 304
体力: 28.99666666666667 / 138
友情点: 0 / 382900`
_2024-06-26 04:38:29_
--------
*48bd55dd186a623bf2ee43b460744580*
`登陆天数: 34天 / 672天
等级: 130
石头: 4086
呼符: 172
体力: 28.96666666666667 / 138
友情点: 0 / 381415`
_2024-06-26 04:38:36_
--------
*f6fe73e7d59e80ee979f0b4bb538af75*
`登陆天数: 34天 / 672天
等级: 130
石头: 4074
呼符: 276
体力: 28.939999999999998 / 138
友情点: 0 / 383775`
_2024-06-26 04:38:44_
--------
*275480bee21d7e3e235370919f352a8d*
`登陆天数: 34天 / 671天
等级: 130
石头: 4081
呼符: 167
体力: 28.909999999999997 / 138
友情点: 0 / 382440`
_2024-06-26 04:38:53_
--------
*5977d6e04a944ed5b81b79b2845ba2b0*
`登陆天数: 34天 / 672天
等级: 130
石头: 4076
呼符: 280
体力: 31.593333333333334 / 138
友情点: 0 / 390880`
_2024-06-26 04:39:01_
--------
