【登录信息】
*3a5ce68e3040b831f27a2482965a0981*
`登陆天数: 35天 / 672天
等级: 130
石头: 4046
呼符: 203
体力: 31.323333333333338 / 138
友情点: 0 / 375640`
_2024-06-27 04:35:59_
--------
*0b326b80ee90ddc5c0586133d7576851*
`登陆天数: 35天 / 672天
等级: 130
石头: 4083
呼符: 312
体力: 31.290000000000006 / 138
友情点: 0 / 378580`
_2024-06-27 04:36:07_
--------
*74697c3823f19d7fab61246545eb0ede*
`登陆天数: 35天 / 672天
等级: 130
石头: 4082
呼符: 237
体力: 31.260000000000005 / 138
友情点: 0 / 376190`
_2024-06-27 04:36:14_
--------
*e4fb0c2b4c8352a2ae1be7f8ccdf6d36*
`登陆天数: 35天 / 673天
等级: 130
石头: 4083
呼符: 151
体力: 31.230000000000004 / 138
友情点: 0 / 378630`
_2024-06-27 04:36:22_
--------
*6ab709d32466f51ec4fa1341b9165ccc*
`登陆天数: 35天 / 673天
等级: 130
石头: 4085
呼符: 176
体力: 31.193333333333328 / 138
友情点: 0 / 377970`
_2024-06-27 04:36:30_
--------
*0a48075c965ad40cbadccf165e92da4f*
`登陆天数: 35天 / 673天
等级: 130
石头: 4075
呼符: 137
体力: 31.163333333333327 / 138
友情点: 0 / 377635`
_2024-06-27 04:36:37_
--------
*be925f73d81d0d6d33e9718900ceb739*
`登陆天数: 35天 / 672天
等级: 130
石头: 4080
呼符: 299
体力: 31.13333333333334 / 138
友情点: 0 / 377355`
_2024-06-27 04:36:45_
--------
*38d7d228036e9dc76c0c1db83328d53b*
`登陆天数: 35天 / 672天
等级: 130
石头: 4068
呼符: 98
体力: 31.10333333333334 / 138
友情点: 0 / 376355`
_2024-06-27 04:36:53_
--------
*c5af6c5b4703f2189c4e0e2f87483127*
`登陆天数: 35天 / 672天
等级: 130
石头: 4091
呼符: 286
体力: 31.073333333333338 / 138
友情点: 0 / 375370`
_2024-06-27 04:37:01_
--------
*eb2e91264e84159f941f5f937e03c737*
`登陆天数: 35天 / 673天
等级: 130
石头: 4075
呼符: 307
体力: 31.043333333333337 / 138
友情点: 0 / 377245`
_2024-06-27 04:37:09_
--------
*38631be9ab728195d00806c3137f9b21*
`登陆天数: 35天 / 673天
等级: 130
石头: 4080
呼符: 118
体力: 31.010000000000005 / 138
友情点: 0 / 376990`
_2024-06-27 04:37:17_
--------
*fe865e3fd213fe4b3a9ba045c6662468*
`登陆天数: 35天 / 673天
等级: 130
石头: 4085
呼符: 319
体力: 30.980000000000004 / 138
友情点: 0 / 376690`
_2024-06-27 04:37:25_
--------
*c4c934f9e7ef5715f8c62c6e6c9123b3*
`登陆天数: 35天 / 673天
等级: 130
石头: 4089
呼符: 282
体力: 30.950000000000003 / 138
友情点: 0 / 377155`
_2024-06-27 04:37:33_
--------
*ce8f9a13fa8e76708d380b36003f9cd5*
`登陆天数: 35天 / 672天
等级: 130
石头: 4071
呼符: 38
体力: 30.91666666666667 / 138
友情点: 0 / 401650`
_2024-06-27 04:37:40_
--------
*e5c48960da70eba0f4f8d0d510bf78e0*
`登陆天数: 35天 / 673天
等级: 130
石头: 4073
呼符: 334
体力: 30.89 / 138
友情点: 0 / 376095`
_2024-06-27 04:37:48_
--------
*4405af549ce443ef2f7976696d661866*
`登陆天数: 35天 / 673天
等级: 130
石头: 4078
呼符: 315
体力: 30.86 / 138
友情点: 0 / 377420`
_2024-06-27 04:37:55_
--------
*e2921bcf04080e3dd1aacb3c12380f67*
`登陆天数: 35天 / 672天
等级: 130
石头: 4079
呼符: 193
体力: 30.83 / 138
友情点: 0 / 378175`
_2024-06-27 04:38:03_
--------
*b0886b7f1d6e841b7a5e91cc243e5f8c*
`登陆天数: 35天 / 672天
等级: 130
石头: 4116
呼符: 281
体力: 30.799999999999997 / 138
友情点: 0 / 376800`
_2024-06-27 04:38:11_
--------
*66a0e7157fe05c26b21583029d728d32*
`登陆天数: 35天 / 673天
等级: 130
石头: 4075
呼符: 39
体力: 30.766666666666666 / 138
友情点: 0 / 398270`
_2024-06-27 04:38:19_
--------
*5f40697aa041c6b426bfcfeca1ca12c1*
`登陆天数: 35天 / 673天
等级: 130
石头: 4080
呼符: 267
体力: 30.739999999999995 / 138
友情点: 0 / 376115`
_2024-06-27 04:38:27_
--------
*9c1892e397d191d6fcc7dc5dc5be71f0*
`登陆天数: 35天 / 672天
等级: 130
石头: 4085
呼符: 49
体力: 30.706666666666663 / 138
友情点: 0 / 394285`
_2024-06-27 04:38:34_
--------
*01d2b872fec2a66c79d57c37292eabc5*
`登陆天数: 35天 / 672天
等级: 130
石头: 4076
呼符: 261
体力: 30.680000000000007 / 138
友情点: 0 / 376580`
_2024-06-27 04:38:42_
--------
*37d0bc24afdfa1c17d94783735b0484e*
`登陆天数: 35天 / 673天
等级: 130
石头: 4081
呼符: 86
体力: 30.64666666666666 / 138
友情点: 0 / 381950`
_2024-06-27 04:38:50_
--------
*5d190817063a3e0f13b56309b7dc6cfa*
`登陆天数: 35天 / 672天
等级: 130
石头: 4074
呼符: 38
体力: 30.61666666666666 / 138
友情点: 0 / 394755`
_2024-06-27 04:38:57_
--------
*0801d21be993356fcda0fb223ae3ca29*
`登陆天数: 35天 / 673天
等级: 130
石头: 4079
呼符: 297
体力: 30.590000000000003 / 138
友情点: 0 / 377365`
_2024-06-27 04:39:05_
--------
*bdb7cac1e658d382ed7bfa28c9582d2c*
`登陆天数: 35天 / 673天
等级: 130
石头: 4081
呼符: 335
体力: 30.560000000000002 / 138
友情点: 0 / 376260`
_2024-06-27 04:39:13_
--------
*2475c49cf312801248bc8b2f02851347*
`登陆天数: 35天 / 673天
等级: 130
石头: 4079
呼符: 39
体力: 30.53 / 138
友情点: 0 / 390410`
_2024-06-27 04:39:21_
--------
*da3c25d877439cd5268ebb87300de979*
`登陆天数: 35天 / 673天
等级: 130
石头: 4087
呼符: 300
体力: 30.50666666666666 / 138
友情点: 0 / 376005`
_2024-06-27 04:39:28_
--------
*028860528d87d1439bb910bbf58d0bb7*
`登陆天数: 35天 / 673天
等级: 130
石头: 4085
呼符: 232
体力: 30.47333333333333 / 138
友情点: 0 / 379185`
_2024-06-27 04:39:36_
--------
*8be2f971c62e79b5fdf7440165c58b71*
`登陆天数: 35天 / 672天
等级: 130
石头: 4086
呼符: 180
体力: 30.443333333333328 / 138
友情点: 0 / 376095`
_2024-06-27 04:39:44_
--------
*367ea55797900054de95a953ff644e8a*
`登陆天数: 35天 / 673天
等级: 130
石头: 4080
呼符: 283
体力: 30.413333333333327 / 138
友情点: 0 / 378280`
_2024-06-27 04:39:51_
--------
*b842cec75470f055070b0695c4c63276*
`登陆天数: 35天 / 673天
等级: 130
石头: 4091
呼符: 305
体力: 30.38333333333334 / 138
友情点: 0 / 377080`
_2024-06-27 04:39:59_
--------
*ddfd3d053ad9760065ab28dce632ddf2*
`登陆天数: 35天 / 672天
等级: 130
石头: 4085
呼符: 315
体力: 30.35333333333334 / 138
友情点: 0 / 377140`
_2024-06-27 04:40:07_
--------
*cfc6f5db8c35c873efe5e926f6ed3823*
`登陆天数: 35天 / 673天
等级: 130
石头: 4078
呼符: 257
体力: 30.326666666666668 / 138
友情点: 0 / 377300`
_2024-06-27 04:40:15_
--------
*a454e5e2228e97d806693c7e3200592c*
`登陆天数: 35天 / 673天
等级: 130
石头: 4079
呼符: 300
体力: 30.296666666666667 / 138
友情点: 0 / 376505`
_2024-06-27 04:40:22_
--------
*33b7e8b7c55720467861a5516eab0566*
`登陆天数: 35天 / 672天
等级: 130
石头: 4082
呼符: 288
体力: 30.269999999999996 / 138
友情点: 0 / 376370`
_2024-06-27 04:40:30_
--------
*8d09061b925596bea85dad72de74d648*
`登陆天数: 35天 / 672天
等级: 130
石头: 4039
呼符: 316
体力: 30.239999999999995 / 138
友情点: 0 / 376515`
_2024-06-27 04:40:38_
--------
*655e425127745c34b48399779b7fc007*
`登陆天数: 35天 / 673天
等级: 130
石头: 4085
呼符: 266
体力: 30.209999999999994 / 138
友情点: 0 / 376850`
_2024-06-27 04:40:45_
--------
*6e8a0efb98104c41161f02865a05c823*
`登陆天数: 35天 / 672天
等级: 130
石头: 4079
呼符: 319
体力: 30.183333333333337 / 138
友情点: 0 / 376530`
_2024-06-27 04:40:53_
--------
*5cb9d8fd12616e6a944a9b70836a69e5*
`登陆天数: 35天 / 673天
等级: 130
石头: 4083
呼符: 258
体力: 30.153333333333336 / 138
友情点: 0 / 376595`
_2024-06-27 04:41:01_
--------
*8ce4ee5736fda5332fa2d3cafa76ee81*
`登陆天数: 35天 / 672天
等级: 130
石头: 4079
呼符: 335
体力: 30.126666666666665 / 138
友情点: 0 / 375780`
_2024-06-27 04:41:09_
--------
*dc13980c543b0835901781fd9002261d*
`登陆天数: 35天 / 672天
等级: 130
石头: 4094
呼符: 91
体力: 30.096666666666664 / 138
友情点: 0 / 388610`
_2024-06-27 04:41:17_
--------
*658018fc36eafa4d1869327387ba2b05*
`登陆天数: 35天 / 672天
等级: 130
石头: 4077
呼符: 207
体力: 30.069999999999993 / 138
友情点: 0 / 375895`
_2024-06-27 04:41:24_
--------
*64c4c896d18fe832631d4b472b70fb59*
`登陆天数: 35天 / 673天
等级: 130
石头: 4070
呼符: 134
体力: 30.040000000000006 / 138
友情点: 0 / 378710`
_2024-06-27 04:41:32_
--------
*6586b4cd72ce8d9b67d0bff92e42eb89*
`登陆天数: 35天 / 673天
等级: 130
石头: 4081
呼符: 305
体力: 30.010000000000005 / 138
友情点: 0 / 377005`
_2024-06-27 04:41:40_
--------
*5daa4d76ed9e474769a50adafd05592a*
`登陆天数: 35天 / 672天
等级: 130
石头: 4090
呼符: 305
体力: 29.983333333333334 / 138
友情点: 0 / 376900`
_2024-06-27 04:41:47_
--------
*48bd55dd186a623bf2ee43b460744580*
`登陆天数: 35天 / 673天
等级: 130
石头: 4086
呼符: 173
体力: 29.956666666666663 / 138
友情点: 0 / 375415`
_2024-06-27 04:41:55_
--------
*f6fe73e7d59e80ee979f0b4bb538af75*
`登陆天数: 35天 / 673天
等级: 130
石头: 4074
呼符: 277
体力: 29.92 / 138
友情点: 0 / 377775`
_2024-06-27 04:42:03_
--------
*275480bee21d7e3e235370919f352a8d*
`登陆天数: 35天 / 672天
等级: 130
石头: 4081
呼符: 168
体力: 29.89333333333333 / 138
友情点: 0 / 380440`
_2024-06-27 04:42:11_
--------
*5977d6e04a944ed5b81b79b2845ba2b0*
`登陆天数: 35天 / 673天
等级: 130
石头: 4076
呼符: 281
体力: 32.513333333333335 / 138
友情点: 0 / 384880`
_2024-06-27 04:42:18_
--------
