【登录信息】
*3a5ce68e3040b831f27a2482965a0981*
`登陆天数: 38天 / 675天
等级: 130
石头: 4066
呼符: 203
体力: 26.89666666666666 / 138
友情点: 0 / 363640`
_2024-06-30 04:15:27_
--------
*0b326b80ee90ddc5c0586133d7576851*
`登陆天数: 38天 / 675天
等级: 130
石头: 4103
呼符: 312
体力: 26.870000000000005 / 138
友情点: 0 / 362580`
_2024-06-30 04:15:35_
--------
*74697c3823f19d7fab61246545eb0ede*
`登陆天数: 38天 / 675天
等级: 130
石头: 4102
呼符: 237
体力: 26.843333333333334 / 138
友情点: 0 / 360190`
_2024-06-30 04:15:43_
--------
*e4fb0c2b4c8352a2ae1be7f8ccdf6d36*
`登陆天数: 38天 / 676天
等级: 130
石头: 4103
呼符: 151
体力: 26.813333333333333 / 138
友情点: 0 / 380630`
_2024-06-30 04:15:51_
--------
*6ab709d32466f51ec4fa1341b9165ccc*
`登陆天数: 38天 / 676天
等级: 130
石头: 4105
呼符: 176
体力: 26.78666666666666 / 138
友情点: 0 / 363970`
_2024-06-30 04:15:59_
--------
*0a48075c965ad40cbadccf165e92da4f*
`登陆天数: 38天 / 676天
等级: 130
石头: 4095
呼符: 137
体力: 26.760000000000005 / 138
友情点: 0 / 377635`
_2024-06-30 04:16:07_
--------
*be925f73d81d0d6d33e9718900ceb739*
`登陆天数: 38天 / 675天
等级: 130
石头: 4100
呼符: 299
体力: 26.736666666666665 / 138
友情点: 0 / 361355`
_2024-06-30 04:16:15_
--------
*38d7d228036e9dc76c0c1db83328d53b*
`登陆天数: 38天 / 675天
等级: 130
石头: 4088
呼符: 98
体力: 26.71333333333334 / 138
友情点: 0 / 360355`
_2024-06-30 04:16:23_
--------
*c5af6c5b4703f2189c4e0e2f87483127*
`登陆天数: 38天 / 675天
等级: 130
石头: 4111
呼符: 286
体力: 26.683333333333337 / 138
友情点: 0 / 359370`
_2024-06-30 04:16:31_
--------
*eb2e91264e84159f941f5f937e03c737*
`登陆天数: 38天 / 676天
等级: 130
石头: 4095
呼符: 307
体力: 26.656666666666666 / 138
友情点: 0 / 361245`
_2024-06-30 04:16:39_
--------
*38631be9ab728195d00806c3137f9b21*
`登陆天数: 38天 / 676天
等级: 130
石头: 4100
呼符: 118
体力: 26.629999999999995 / 138
友情点: 0 / 370990`
_2024-06-30 04:16:48_
--------
*fe865e3fd213fe4b3a9ba045c6662468*
`登陆天数: 38天 / 676天
等级: 130
石头: 4105
呼符: 319
体力: 26.60666666666667 / 138
友情点: 0 / 360690`
_2024-06-30 04:16:56_
--------
*c4c934f9e7ef5715f8c62c6e6c9123b3*
`登陆天数: 38天 / 676天
等级: 130
石头: 4109
呼符: 282
体力: 26.58 / 138
友情点: 0 / 361155`
_2024-06-30 04:17:04_
--------
*ce8f9a13fa8e76708d380b36003f9cd5*
`登陆天数: 38天 / 675天
等级: 130
石头: 4091
呼符: 38
体力: 26.553333333333327 / 138
友情点: 0 / 403650`
_2024-06-30 04:17:12_
--------
*e5c48960da70eba0f4f8d0d510bf78e0*
`登陆天数: 38天 / 676天
等级: 130
石头: 4093
呼符: 334
体力: 26.52666666666667 / 138
友情点: 0 / 360095`
_2024-06-30 04:17:20_
--------
*4405af549ce443ef2f7976696d661866*
`登陆天数: 38天 / 676天
等级: 130
石头: 4098
呼符: 315
体力: 26.5 / 138
友情点: 0 / 361420`
_2024-06-30 04:17:29_
--------
*e2921bcf04080e3dd1aacb3c12380f67*
`登陆天数: 38天 / 675天
等级: 130
石头: 4099
呼符: 193
体力: 26.47333333333333 / 138
友情点: 0 / 372175`
_2024-06-30 04:17:37_
--------
*b0886b7f1d6e841b7a5e91cc243e5f8c*
`登陆天数: 38天 / 675天
等级: 130
石头: 4136
呼符: 281
体力: 26.446666666666673 / 138
友情点: 0 / 360800`
_2024-06-30 04:17:45_
--------
*66a0e7157fe05c26b21583029d728d32*
`登陆天数: 38天 / 676天
等级: 130
石头: 4095
呼符: 39
体力: 26.42 / 138
友情点: 0 / 400270`
_2024-06-30 04:17:53_
--------
*5f40697aa041c6b426bfcfeca1ca12c1*
`登陆天数: 38天 / 676天
等级: 130
石头: 4100
呼符: 267
体力: 26.400000000000006 / 138
友情点: 0 / 360115`
_2024-06-30 04:18:01_
--------
*9c1892e397d191d6fcc7dc5dc5be71f0*
`登陆天数: 38天 / 675天
等级: 130
石头: 4105
呼符: 49
体力: 26.370000000000005 / 138
友情点: 0 / 396285`
_2024-06-30 04:18:09_
--------
*01d2b872fec2a66c79d57c37292eabc5*
`登陆天数: 38天 / 675天
等级: 130
石头: 4096
呼符: 261
体力: 26.346666666666664 / 138
友情点: 0 / 360580`
_2024-06-30 04:18:17_
--------
*37d0bc24afdfa1c17d94783735b0484e*
`登陆天数: 38天 / 676天
等级: 130
石头: 4101
呼符: 86
体力: 26.319999999999993 / 138
友情点: 0 / 383950`
_2024-06-30 04:18:26_
--------
*5d190817063a3e0f13b56309b7dc6cfa*
`登陆天数: 38天 / 675天
等级: 130
石头: 4094
呼符: 38
体力: 26.296666666666667 / 138
友情点: 0 / 396755`
_2024-06-30 04:18:34_
--------
*0801d21be993356fcda0fb223ae3ca29*
`登陆天数: 38天 / 676天
等级: 130
石头: 4099
呼符: 297
体力: 26.273333333333326 / 138
友情点: 0 / 361365`
_2024-06-30 04:18:43_
--------
*bdb7cac1e658d382ed7bfa28c9582d2c*
`登陆天数: 38天 / 676天
等级: 130
石头: 4101
呼符: 335
体力: 26.24666666666667 / 138
友情点: 0 / 360260`
_2024-06-30 04:18:51_
--------
*2475c49cf312801248bc8b2f02851347*
`登陆天数: 38天 / 676天
等级: 130
石头: 4099
呼符: 39
体力: 26.22333333333333 / 138
友情点: 0 / 392410`
_2024-06-30 04:18:59_
--------
*da3c25d877439cd5268ebb87300de979*
`登陆天数: 38天 / 676天
等级: 130
石头: 4107
呼符: 300
体力: 26.196666666666673 / 138
友情点: 0 / 360005`
_2024-06-30 04:19:07_
--------
*028860528d87d1439bb910bbf58d0bb7*
`登陆天数: 38天 / 676天
等级: 130
石头: 4105
呼符: 232
体力: 26.17 / 138
友情点: 0 / 371185`
_2024-06-30 04:19:15_
--------
*8be2f971c62e79b5fdf7440165c58b71*
`登陆天数: 38天 / 675天
等级: 130
石头: 4106
呼符: 180
体力: 26.14333333333333 / 138
友情点: 0 / 378095`
_2024-06-30 04:19:24_
--------
*367ea55797900054de95a953ff644e8a*
`登陆天数: 38天 / 676天
等级: 130
石头: 4100
呼符: 283
体力: 26.123333333333335 / 138
友情点: 0 / 362280`
_2024-06-30 04:19:32_
--------
*b842cec75470f055070b0695c4c63276*
`登陆天数: 38天 / 676天
等级: 130
石头: 4111
呼符: 305
体力: 26.096666666666664 / 138
友情点: 0 / 361080`
_2024-06-30 04:19:40_
--------
*ddfd3d053ad9760065ab28dce632ddf2*
`登陆天数: 38天 / 675天
等级: 130
石头: 4105
呼符: 315
体力: 26.069999999999993 / 138
友情点: 0 / 361140`
_2024-06-30 04:19:49_
--------
*cfc6f5db8c35c873efe5e926f6ed3823*
`登陆天数: 38天 / 676天
等级: 130
石头: 4098
呼符: 257
体力: 26.046666666666667 / 138
友情点: 0 / 361300`
_2024-06-30 04:19:57_
--------
*a454e5e2228e97d806693c7e3200592c*
`登陆天数: 38天 / 676天
等级: 130
石头: 4099
呼符: 300
体力: 26.019999999999996 / 138
友情点: 0 / 360505`
_2024-06-30 04:20:05_
--------
*33b7e8b7c55720467861a5516eab0566*
`登陆天数: 38天 / 675天
等级: 130
石头: 4102
呼符: 288
体力: 25.989999999999995 / 138
友情点: 0 / 360370`
_2024-06-30 04:20:13_
--------
*8d09061b925596bea85dad72de74d648*
`登陆天数: 38天 / 675天
等级: 130
石头: 4059
呼符: 316
体力: 25.96333333333334 / 138
友情点: 0 / 360515`
_2024-06-30 04:20:21_
--------
*655e425127745c34b48399779b7fc007*
`登陆天数: 38天 / 676天
等级: 130
石头: 4105
呼符: 266
体力: 25.936666666666667 / 138
友情点: 0 / 360850`
_2024-06-30 04:20:30_
--------
*6e8a0efb98104c41161f02865a05c823*
`登陆天数: 38天 / 675天
等级: 130
石头: 4099
呼符: 319
体力: 25.913333333333327 / 138
友情点: 0 / 360530`
_2024-06-30 04:20:38_
--------
*5cb9d8fd12616e6a944a9b70836a69e5*
`登陆天数: 38天 / 676天
等级: 130
石头: 4103
呼符: 258
体力: 25.88666666666667 / 138
友情点: 0 / 360595`
_2024-06-30 04:20:46_
--------
*8ce4ee5736fda5332fa2d3cafa76ee81*
`登陆天数: 38天 / 675天
等级: 130
石头: 4099
呼符: 335
体力: 25.86 / 138
友情点: 0 / 359780`
_2024-06-30 04:20:55_
--------
*dc13980c543b0835901781fd9002261d*
`登陆天数: 38天 / 675天
等级: 130
石头: 4114
呼符: 91
体力: 25.83333333333333 / 138
友情点: 0 / 390610`
_2024-06-30 04:21:03_
--------
*658018fc36eafa4d1869327387ba2b05*
`登陆天数: 38天 / 675天
等级: 130
石头: 4097
呼符: 207
体力: 25.813333333333333 / 138
友情点: 0 / 359895`
_2024-06-30 04:21:11_
--------
*64c4c896d18fe832631d4b472b70fb59*
`登陆天数: 38天 / 676天
等级: 130
石头: 4090
呼符: 134
体力: 25.78666666666666 / 138
友情点: 0 / 380710`
_2024-06-30 04:21:19_
--------
*6586b4cd72ce8d9b67d0bff92e42eb89*
`登陆天数: 38天 / 676天
等级: 130
石头: 4101
呼符: 305
体力: 25.760000000000005 / 138
友情点: 0 / 363005`
_2024-06-30 04:21:27_
--------
*5daa4d76ed9e474769a50adafd05592a*
`登陆天数: 38天 / 675天
等级: 130
石头: 4110
呼符: 305
体力: 25.733333333333334 / 138
友情点: 0 / 360900`
_2024-06-30 04:21:36_
--------
*48bd55dd186a623bf2ee43b460744580*
`登陆天数: 38天 / 676天
等级: 130
石头: 4106
呼符: 173
体力: 25.706666666666663 / 138
友情点: 0 / 375415`
_2024-06-30 04:21:44_
--------
*f6fe73e7d59e80ee979f0b4bb538af75*
`登陆天数: 38天 / 676天
等级: 130
石头: 4094
呼符: 277
体力: 25.680000000000007 / 138
友情点: 0 / 361775`
_2024-06-30 04:21:52_
--------
*275480bee21d7e3e235370919f352a8d*
`登陆天数: 38天 / 675天
等级: 130
石头: 4101
呼符: 168
体力: 25.656666666666666 / 138
友情点: 0 / 382440`
_2024-06-30 04:22:00_
--------
*5977d6e04a944ed5b81b79b2845ba2b0*
`登陆天数: 38天 / 676天
等级: 130
石头: 4096
呼符: 281
体力: 28.173333333333332 / 138
友情点: 0 / 368880`
_2024-06-30 04:22:08_
--------
